[2021-07-28 09:35:46] log.ERROR: Not Found[173] in /life-api/vendor/hyperf/http-server/src/CoreMiddleware.php [] []
[2021-07-28 09:35:46] log.ERROR: #0 /life-api/vendor/hyperf/http-server/src/CoreMiddleware.php(107): Hyperf\HttpServer\CoreMiddleware->handleNotFound()
#1 /life-api/vendor/hyperf/dispatcher/src/AbstractRequestHandler.php(64): Hyperf\HttpServer\CoreMiddleware->process()
#2 /life-api/vendor/hyperf/dispatcher/src/HttpRequestHandler.php(26): Hyperf\Dispatcher\AbstractRequestHandler->handleRequest()
#3 /life-api/vendor/lovetrytry/jichukuangjia/src/Middleware/Response.php(56): Hyperf\Dispatcher\HttpRequestHandler->handle()
#4 /life-api/vendor/hyperf/dispatcher/src/AbstractRequestHandler.php(64): Lovetrytry\Jichukuangjia\Middleware\Response->process()
#5 /life-api/vendor/hyperf/dispatcher/src/HttpRequestHandler.php(26): Hyperf\Dispatcher\AbstractRequestHandler->handleRequest()
#6 /life-api/app/Middleware/Sign.php(44): Hyperf\Dispatcher\HttpRequestHandler->handle()
#7 /life-api/vendor/hyperf/dispatcher/src/AbstractRequestHandler.php(64): App\Middleware\Sign->process()
#8 /life-api/vendor/hyperf/dispatcher/src/HttpRequestHandler.php(26): Hyperf\Dispatcher\AbstractRequestHandler->handleRequest()
#9 /life-api/vendor/hyperf/dispatcher/src/HttpDispatcher.php(40): Hyperf\Dispatcher\HttpRequestHandler->handle()
#10 /life-api/vendor/hyperf/http-server/src/Server.php(116): Hyperf\Dispatcher\HttpDispatcher->dispatch()
#11 {main} [] []
[2021-07-28 09:35:46] log.ERROR: Argument 1 passed to Lovetrytry\Jichukuangjia\Mock\Handler::__construct() must be of the type string, null given, called in /life-api/vendor/lovetrytry/jichukuangjia/src/Validation/InterfaceResponse.php on line 52[36] in /life-api/vendor/lovetrytry/jichukuangjia/src/Mock/Handler.php [] []
[2021-07-28 09:35:46] log.ERROR: #0 /life-api/vendor/lovetrytry/jichukuangjia/src/Validation/InterfaceResponse.php(52): Lovetrytry\Jichukuangjia\Mock\Handler->__construct()
#1 /life-api/vendor/lovetrytry/jichukuangjia/src/Format/CMD.php(141): Lovetrytry\Jichukuangjia\Validation\InterfaceResponse->__construct()
#2 /life-api/vendor/lovetrytry/jichukuangjia/src/Format/CMD.php(81): Lovetrytry\Jichukuangjia\Format\CMD->handleData()
#3 /life-api/vendor/lovetrytry/jichukuangjia/src/Format/CMD.php(38): Lovetrytry\Jichukuangjia\Format\CMD->setData()
#4 /life-api/vendor/lovetrytry/jichukuangjia/src/Format.php(51): Lovetrytry\Jichukuangjia\Format\CMD->__construct()
#5 /life-api/vendor/lovetrytry/jichukuangjia/src/Format.php(24): Lovetrytry\Jichukuangjia\Format->getClass()
#6 /life-api/vendor/lovetrytry/jichukuangjia/src/Response.php(31): Lovetrytry\Jichukuangjia\Format->__construct()
#7 /life-api/vendor/lovetrytry/jichukuangjia/src/Middleware/Response.php(58): Lovetrytry\Jichukuangjia\Response->handle()
#8 /life-api/vendor/hyperf/dispatcher/src/AbstractRequestHandler.php(64): Lovetrytry\Jichukuangjia\Middleware\Response->process()
#9 /life-api/vendor/hyperf/dispatcher/src/HttpRequestHandler.php(26): Hyperf\Dispatcher\AbstractRequestHandler->handleRequest()
#10 /life-api/app/Middleware/Sign.php(44): Hyperf\Dispatcher\HttpRequestHandler->handle()
#11 /life-api/vendor/hyperf/dispatcher/src/AbstractRequestHandler.php(64): App\Middleware\Sign->process()
#12 /life-api/vendor/hyperf/dispatcher/src/HttpRequestHandler.php(26): Hyperf\Dispatcher\AbstractRequestHandler->handleRequest()
#13 /life-api/vendor/hyperf/dispatcher/src/HttpDispatcher.php(40): Hyperf\Dispatcher\HttpRequestHandler->handle()
#14 /life-api/vendor/hyperf/http-server/src/Server.php(116): Hyperf\Dispatcher\HttpDispatcher->dispatch()
#15 {main} [] []
[2021-07-28 09:35:54] log.ERROR: No alive nodes found in your cluster[64] in /life-api/vendor/elasticsearch/elasticsearch/src/Elasticsearch/ConnectionPool/StaticNoPingConnectionPool.php [] []
[2021-07-28 09:35:54] log.ERROR: #0 /life-api/vendor/elasticsearch/elasticsearch/src/Elasticsearch/Transport.php(82): Elasticsearch\ConnectionPool\StaticNoPingConnectionPool->nextConnection()
#1 /life-api/vendor/elasticsearch/elasticsearch/src/Elasticsearch/Transport.php(99): Elasticsearch\Transport->getConnection()
#2 /life-api/vendor/elasticsearch/elasticsearch/src/Elasticsearch/Connections/Connection.php(297): Elasticsearch\Transport->performRequest()
#3 /life-api/vendor/react/promise/src/FulfilledPromise.php(28): Elasticsearch\Connections\Connection->Elasticsearch\Connections\{closure}()
#4 /life-api/vendor/ezimuel/ringphp/src/Future/CompletedFutureValue.php(55): React\Promise\FulfilledPromise->then()
#5 /life-api/vendor/ezimuel/ringphp/src/Core.php(341): GuzzleHttp\Ring\Future\CompletedFutureValue->then()
#6 /life-api/vendor/elasticsearch/elasticsearch/src/Elasticsearch/Connections/Connection.php(345): GuzzleHttp\Ring\Core::proxy()
#7 /life-api/vendor/elasticsearch/elasticsearch/src/Elasticsearch/Connections/Connection.php(241): Elasticsearch\Connections\Connection->Elasticsearch\Connections\{closure}()
#8 /life-api/vendor/elasticsearch/elasticsearch/src/Elasticsearch/Transport.php(110): Elasticsearch\Connections\Connection->performRequest()
#9 /life-api/vendor/elasticsearch/elasticsearch/src/Elasticsearch/Client.php(1877): Elasticsearch\Transport->performRequest()
#10 /life-api/vendor/elasticsearch/elasticsearch/src/Elasticsearch/Client.php(937): Elasticsearch\Client->performRequest()
#11 /life-api/app/Actions/Test/Test/Test.php(48): Elasticsearch\Client->info()
#12 /life-api/vendor/hyperf/http-server/src/CoreMiddleware.php(161): App\Actions\Test\Test\Test->handle()
#13 /life-api/vendor/hyperf/http-server/src/CoreMiddleware.php(113): Hyperf\HttpServer\CoreMiddleware->handleFound()
#14 /life-api/vendor/hyperf/dispatcher/src/AbstractRequestHandler.php(64): Hyperf\HttpServer\CoreMiddleware->process()
#15 /life-api/vendor/hyperf/dispatcher/src/HttpRequestHandler.php(26): Hyperf\Dispatcher\AbstractRequestHandler->handleRequest()
#16 /life-api/app/Middleware/Redirect/UnLogged.php(39): Hyperf\Dispatcher\HttpRequestHandler->handle()
#17 /life-api/vendor/hyperf/dispatcher/src/AbstractRequestHandler.php(64): App\Middleware\Redirect\UnLogged->process()
#18 /life-api/vendor/hyperf/dispatcher/src/HttpRequestHandler.php(26): Hyperf\Dispatcher\AbstractRequestHandler->handleRequest()
#19 /life-api/vendor/lovetrytry/jichukuangjia/src/Middleware/Response.php(56): Hyperf\Dispatcher\HttpRequestHandler->handle()
#20 /life-api/vendor/hyperf/dispatcher/src/AbstractRequestHandler.php(64): Lovetrytry\Jichukuangjia\Middleware\Response->process()
#21 /life-api/vendor/hyperf/dispatcher/src/HttpRequestHandler.php(26): Hyperf\Dispatcher\AbstractRequestHandler->handleRequest()
#22 /life-api/app/Middleware/Sign.php(44): Hyperf\Dispatcher\HttpRequestHandler->handle()
#23 /life-api/vendor/hyperf/dispatcher/src/AbstractRequestHandler.php(64): App\Middleware\Sign->process()
#24 /life-api/vendor/hyperf/dispatcher/src/HttpRequestHandler.php(26): Hyperf\Dispatcher\AbstractRequestHandler->handleRequest()
#25 /life-api/vendor/hyperf/dispatcher/src/HttpDispatcher.php(40): Hyperf\Dispatcher\HttpRequestHandler->handle()
#26 /life-api/vendor/hyperf/http-server/src/Server.php(116): Hyperf\Dispatcher\HttpDispatcher->dispatch()
#27 {main} [] []
[2021-07-28 09:35:54] log.ERROR: Argument 1 passed to Lovetrytry\Jichukuangjia\Mock\Handler::__construct() must be of the type string, null given, called in /life-api/vendor/lovetrytry/jichukuangjia/src/Validation/InterfaceResponse.php on line 52[36] in /life-api/vendor/lovetrytry/jichukuangjia/src/Mock/Handler.php [] []
[2021-07-28 09:35:54] log.ERROR: #0 /life-api/vendor/lovetrytry/jichukuangjia/src/Validation/InterfaceResponse.php(52): Lovetrytry\Jichukuangjia\Mock\Handler->__construct()
#1 /life-api/vendor/lovetrytry/jichukuangjia/src/Format/CMD.php(141): Lovetrytry\Jichukuangjia\Validation\InterfaceResponse->__construct()
#2 /life-api/vendor/lovetrytry/jichukuangjia/src/Format/CMD.php(81): Lovetrytry\Jichukuangjia\Format\CMD->handleData()
#3 /life-api/vendor/lovetrytry/jichukuangjia/src/Format/CMD.php(38): Lovetrytry\Jichukuangjia\Format\CMD->setData()
#4 /life-api/vendor/lovetrytry/jichukuangjia/src/Format.php(51): Lovetrytry\Jichukuangjia\Format\CMD->__construct()
#5 /life-api/vendor/lovetrytry/jichukuangjia/src/Format.php(24): Lovetrytry\Jichukuangjia\Format->getClass()
#6 /life-api/vendor/lovetrytry/jichukuangjia/src/Response.php(31): Lovetrytry\Jichukuangjia\Format->__construct()
#7 /life-api/vendor/lovetrytry/jichukuangjia/src/Middleware/Response.php(58): Lovetrytry\Jichukuangjia\Response->handle()
#8 /life-api/vendor/hyperf/dispatcher/src/AbstractRequestHandler.php(64): Lovetrytry\Jichukuangjia\Middleware\Response->process()
#9 /life-api/vendor/hyperf/dispatcher/src/HttpRequestHandler.php(26): Hyperf\Dispatcher\AbstractRequestHandler->handleRequest()
#10 /life-api/app/Middleware/Sign.php(44): Hyperf\Dispatcher\HttpRequestHandler->handle()
#11 /life-api/vendor/hyperf/dispatcher/src/AbstractRequestHandler.php(64): App\Middleware\Sign->process()
#12 /life-api/vendor/hyperf/dispatcher/src/HttpRequestHandler.php(26): Hyperf\Dispatcher\AbstractRequestHandler->handleRequest()
#13 /life-api/vendor/hyperf/dispatcher/src/HttpDispatcher.php(40): Hyperf\Dispatcher\HttpRequestHandler->handle()
#14 /life-api/vendor/hyperf/http-server/src/Server.php(116): Hyperf\Dispatcher\HttpDispatcher->dispatch()
#15 {main} [] []
[2021-07-28 09:36:39] log.ERROR: No alive nodes found in your cluster[64] in /life-api/vendor/elasticsearch/elasticsearch/src/Elasticsearch/ConnectionPool/StaticNoPingConnectionPool.php [] []
[2021-07-28 09:36:39] log.ERROR: #0 /life-api/vendor/elasticsearch/elasticsearch/src/Elasticsearch/Transport.php(82): Elasticsearch\ConnectionPool\StaticNoPingConnectionPool->nextConnection()
#1 /life-api/vendor/elasticsearch/elasticsearch/src/Elasticsearch/Transport.php(99): Elasticsearch\Transport->getConnection()
#2 /life-api/vendor/elasticsearch/elasticsearch/src/Elasticsearch/Connections/Connection.php(297): Elasticsearch\Transport->performRequest()
#3 /life-api/vendor/react/promise/src/FulfilledPromise.php(28): Elasticsearch\Connections\Connection->Elasticsearch\Connections\{closure}()
#4 /life-api/vendor/ezimuel/ringphp/src/Future/CompletedFutureValue.php(55): React\Promise\FulfilledPromise->then()
#5 /life-api/vendor/ezimuel/ringphp/src/Core.php(341): GuzzleHttp\Ring\Future\CompletedFutureValue->then()
#6 /life-api/vendor/elasticsearch/elasticsearch/src/Elasticsearch/Connections/Connection.php(345): GuzzleHttp\Ring\Core::proxy()
#7 /life-api/vendor/elasticsearch/elasticsearch/src/Elasticsearch/Connections/Connection.php(241): Elasticsearch\Connections\Connection->Elasticsearch\Connections\{closure}()
#8 /life-api/vendor/elasticsearch/elasticsearch/src/Elasticsearch/Transport.php(110): Elasticsearch\Connections\Connection->performRequest()
#9 /life-api/vendor/elasticsearch/elasticsearch/src/Elasticsearch/Client.php(1877): Elasticsearch\Transport->performRequest()
#10 /life-api/vendor/elasticsearch/elasticsearch/src/Elasticsearch/Client.php(937): Elasticsearch\Client->performRequest()
#11 /life-api/app/Actions/Test/Test/Test.php(48): Elasticsearch\Client->info()
#12 /life-api/vendor/hyperf/http-server/src/CoreMiddleware.php(161): App\Actions\Test\Test\Test->handle()
#13 /life-api/vendor/hyperf/http-server/src/CoreMiddleware.php(113): Hyperf\HttpServer\CoreMiddleware->handleFound()
#14 /life-api/vendor/hyperf/dispatcher/src/AbstractRequestHandler.php(64): Hyperf\HttpServer\CoreMiddleware->process()
#15 /life-api/vendor/hyperf/dispatcher/src/HttpRequestHandler.php(26): Hyperf\Dispatcher\AbstractRequestHandler->handleRequest()
#16 /life-api/app/Middleware/Redirect/UnLogged.php(39): Hyperf\Dispatcher\HttpRequestHandler->handle()
#17 /life-api/vendor/hyperf/dispatcher/src/AbstractRequestHandler.php(64): App\Middleware\Redirect\UnLogged->process()
#18 /life-api/vendor/hyperf/dispatcher/src/HttpRequestHandler.php(26): Hyperf\Dispatcher\AbstractRequestHandler->handleRequest()
#19 /life-api/vendor/lovetrytry/jichukuangjia/src/Middleware/Response.php(56): Hyperf\Dispatcher\HttpRequestHandler->handle()
#20 /life-api/vendor/hyperf/dispatcher/src/AbstractRequestHandler.php(64): Lovetrytry\Jichukuangjia\Middleware\Response->process()
#21 /life-api/vendor/hyperf/dispatcher/src/HttpRequestHandler.php(26): Hyperf\Dispatcher\AbstractRequestHandler->handleRequest()
#22 /life-api/app/Middleware/Sign.php(44): Hyperf\Dispatcher\HttpRequestHandler->handle()
#23 /life-api/vendor/hyperf/dispatcher/src/AbstractRequestHandler.php(64): App\Middleware\Sign->process()
#24 /life-api/vendor/hyperf/dispatcher/src/HttpRequestHandler.php(26): Hyperf\Dispatcher\AbstractRequestHandler->handleRequest()
#25 /life-api/vendor/hyperf/dispatcher/src/HttpDispatcher.php(40): Hyperf\Dispatcher\HttpRequestHandler->handle()
#26 /life-api/vendor/hyperf/http-server/src/Server.php(116): Hyperf\Dispatcher\HttpDispatcher->dispatch()
#27 {main} [] []
[2021-07-28 09:36:40] log.ERROR: Argument 1 passed to Lovetrytry\Jichukuangjia\Mock\Handler::__construct() must be of the type string, null given, called in /life-api/vendor/lovetrytry/jichukuangjia/src/Validation/InterfaceResponse.php on line 52[36] in /life-api/vendor/lovetrytry/jichukuangjia/src/Mock/Handler.php [] []
[2021-07-28 09:36:40] log.ERROR: #0 /life-api/vendor/lovetrytry/jichukuangjia/src/Validation/InterfaceResponse.php(52): Lovetrytry\Jichukuangjia\Mock\Handler->__construct()
#1 /life-api/vendor/lovetrytry/jichukuangjia/src/Format/CMD.php(141): Lovetrytry\Jichukuangjia\Validation\InterfaceResponse->__construct()
#2 /life-api/vendor/lovetrytry/jichukuangjia/src/Format/CMD.php(81): Lovetrytry\Jichukuangjia\Format\CMD->handleData()
#3 /life-api/vendor/lovetrytry/jichukuangjia/src/Format/CMD.php(38): Lovetrytry\Jichukuangjia\Format\CMD->setData()
#4 /life-api/vendor/lovetrytry/jichukuangjia/src/Format.php(51): Lovetrytry\Jichukuangjia\Format\CMD->__construct()
#5 /life-api/vendor/lovetrytry/jichukuangjia/src/Format.php(24): Lovetrytry\Jichukuangjia\Format->getClass()
#6 /life-api/vendor/lovetrytry/jichukuangjia/src/Response.php(31): Lovetrytry\Jichukuangjia\Format->__construct()
#7 /life-api/vendor/lovetrytry/jichukuangjia/src/Middleware/Response.php(58): Lovetrytry\Jichukuangjia\Response->handle()
#8 /life-api/vendor/hyperf/dispatcher/src/AbstractRequestHandler.php(64): Lovetrytry\Jichukuangjia\Middleware\Response->process()
#9 /life-api/vendor/hyperf/dispatcher/src/HttpRequestHandler.php(26): Hyperf\Dispatcher\AbstractRequestHandler->handleRequest()
#10 /life-api/app/Middleware/Sign.php(44): Hyperf\Dispatcher\HttpRequestHandler->handle()
#11 /life-api/vendor/hyperf/dispatcher/src/AbstractRequestHandler.php(64): App\Middleware\Sign->process()
#12 /life-api/vendor/hyperf/dispatcher/src/HttpRequestHandler.php(26): Hyperf\Dispatcher\AbstractRequestHandler->handleRequest()
#13 /life-api/vendor/hyperf/dispatcher/src/HttpDispatcher.php(40): Hyperf\Dispatcher\HttpRequestHandler->handle()
#14 /life-api/vendor/hyperf/http-server/src/Server.php(116): Hyperf\Dispatcher\HttpDispatcher->dispatch()
#15 {main} [] []
[2021-07-28 09:38:10] log.ERROR: Argument 1 passed to Lovetrytry\Jichukuangjia\Mock\Handler::__construct() must be of the type string, null given, called in /life-api/vendor/lovetrytry/jichukuangjia/src/Validation/InterfaceResponse.php on line 52[36] in /life-api/vendor/lovetrytry/jichukuangjia/src/Mock/Handler.php [] []
[2021-07-28 09:38:10] log.ERROR: #0 /life-api/vendor/lovetrytry/jichukuangjia/src/Validation/InterfaceResponse.php(52): Lovetrytry\Jichukuangjia\Mock\Handler->__construct()
#1 /life-api/vendor/lovetrytry/jichukuangjia/src/Format/CMD.php(141): Lovetrytry\Jichukuangjia\Validation\InterfaceResponse->__construct()
#2 /life-api/vendor/lovetrytry/jichukuangjia/src/Format/CMD.php(81): Lovetrytry\Jichukuangjia\Format\CMD->handleData()
#3 /life-api/vendor/lovetrytry/jichukuangjia/src/Format/CMD.php(38): Lovetrytry\Jichukuangjia\Format\CMD->setData()
#4 /life-api/vendor/lovetrytry/jichukuangjia/src/Format.php(51): Lovetrytry\Jichukuangjia\Format\CMD->__construct()
#5 /life-api/vendor/lovetrytry/jichukuangjia/src/Format.php(24): Lovetrytry\Jichukuangjia\Format->getClass()
#6 /life-api/vendor/lovetrytry/jichukuangjia/src/Response.php(31): Lovetrytry\Jichukuangjia\Format->__construct()
#7 /life-api/vendor/lovetrytry/jichukuangjia/src/Middleware/Response.php(58): Lovetrytry\Jichukuangjia\Response->handle()
#8 /life-api/vendor/hyperf/dispatcher/src/AbstractRequestHandler.php(64): Lovetrytry\Jichukuangjia\Middleware\Response->process()
#9 /life-api/vendor/hyperf/dispatcher/src/HttpRequestHandler.php(26): Hyperf\Dispatcher\AbstractRequestHandler->handleRequest()
#10 /life-api/app/Middleware/Sign.php(44): Hyperf\Dispatcher\HttpRequestHandler->handle()
#11 /life-api/vendor/hyperf/dispatcher/src/AbstractRequestHandler.php(64): App\Middleware\Sign->process()
#12 /life-api/vendor/hyperf/dispatcher/src/HttpRequestHandler.php(26): Hyperf\Dispatcher\AbstractRequestHandler->handleRequest()
#13 /life-api/vendor/hyperf/dispatcher/src/HttpDispatcher.php(40): Hyperf\Dispatcher\HttpRequestHandler->handle()
#14 /life-api/vendor/hyperf/http-server/src/Server.php(116): Hyperf\Dispatcher\HttpDispatcher->dispatch()
#15 {main} [] []
[2021-07-28 10:09:24] log.ERROR: {"error":{"root_cause":[{"type":"mapper_parsing_exception","reason":"Root mapping definition has unsupported parameters:  [my_type : {_source={enabled=true}, properties={fileName={analyzer=standard, type=string}, logDate={analyzer=standard, store=true, type=date}, info={analyzer=standard, type=string}}}]"}],"type":"mapper_parsing_exception","reason":"Failed to parse mapping [_doc]: Root mapping definition has unsupported parameters:  [my_type : {_source={enabled=true}, properties={fileName={analyzer=standard, type=string}, logDate={analyzer=standard, store=true, type=date}, info={analyzer=standard, type=string}}}]","caused_by":{"type":"mapper_parsing_exception","reason":"Root mapping definition has unsupported parameters:  [my_type : {_source={enabled=true}, properties={fileName={analyzer=standard, type=string}, logDate={analyzer=standard, store=true, type=date}, info={analyzer=standard, type=string}}}]"}},"status":400}[693] in /life-api/vendor/elasticsearch/elasticsearch/src/Elasticsearch/Connections/Connection.php [] []
[2021-07-28 10:09:24] log.ERROR: #0 /life-api/vendor/elasticsearch/elasticsearch/src/Elasticsearch/Connections/Connection.php(333): Elasticsearch\Connections\Connection->process4xxError()
#1 /life-api/vendor/react/promise/src/FulfilledPromise.php(28): Elasticsearch\Connections\Connection->Elasticsearch\Connections\{closure}()
#2 /life-api/vendor/ezimuel/ringphp/src/Future/CompletedFutureValue.php(55): React\Promise\FulfilledPromise->then()
#3 /life-api/vendor/ezimuel/ringphp/src/Core.php(341): GuzzleHttp\Ring\Future\CompletedFutureValue->then()
#4 /life-api/vendor/elasticsearch/elasticsearch/src/Elasticsearch/Connections/Connection.php(345): GuzzleHttp\Ring\Core::proxy()
#5 /life-api/vendor/elasticsearch/elasticsearch/src/Elasticsearch/Connections/Connection.php(241): Elasticsearch\Connections\Connection->Elasticsearch\Connections\{closure}()
#6 /life-api/vendor/elasticsearch/elasticsearch/src/Elasticsearch/Transport.php(110): Elasticsearch\Connections\Connection->performRequest()
#7 /life-api/vendor/elasticsearch/elasticsearch/src/Elasticsearch/Namespaces/AbstractNamespace.php(63): Elasticsearch\Transport->performRequest()
#8 /life-api/vendor/elasticsearch/elasticsearch/src/Elasticsearch/Namespaces/IndicesNamespace.php(188): Elasticsearch\Namespaces\AbstractNamespace->performRequest()
#9 /life-api/app/Actions/Test/Test/Test.php(137): Elasticsearch\Namespaces\IndicesNamespace->create()
#10 /life-api/vendor/hyperf/http-server/src/CoreMiddleware.php(161): App\Actions\Test\Test\Test->createIndex()
#11 /life-api/vendor/hyperf/http-server/src/CoreMiddleware.php(113): Hyperf\HttpServer\CoreMiddleware->handleFound()
#12 /life-api/vendor/hyperf/dispatcher/src/AbstractRequestHandler.php(64): Hyperf\HttpServer\CoreMiddleware->process()
#13 /life-api/vendor/hyperf/dispatcher/src/HttpRequestHandler.php(26): Hyperf\Dispatcher\AbstractRequestHandler->handleRequest()
#14 /life-api/app/Middleware/Redirect/UnLogged.php(39): Hyperf\Dispatcher\HttpRequestHandler->handle()
#15 /life-api/vendor/hyperf/dispatcher/src/AbstractRequestHandler.php(64): App\Middleware\Redirect\UnLogged->process()
#16 /life-api/vendor/hyperf/dispatcher/src/HttpRequestHandler.php(26): Hyperf\Dispatcher\AbstractRequestHandler->handleRequest()
#17 /life-api/vendor/lovetrytry/jichukuangjia/src/Middleware/Response.php(56): Hyperf\Dispatcher\HttpRequestHandler->handle()
#18 /life-api/vendor/hyperf/dispatcher/src/AbstractRequestHandler.php(64): Lovetrytry\Jichukuangjia\Middleware\Response->process()
#19 /life-api/vendor/hyperf/dispatcher/src/HttpRequestHandler.php(26): Hyperf\Dispatcher\AbstractRequestHandler->handleRequest()
#20 /life-api/app/Middleware/Sign.php(44): Hyperf\Dispatcher\HttpRequestHandler->handle()
#21 /life-api/vendor/hyperf/dispatcher/src/AbstractRequestHandler.php(64): App\Middleware\Sign->process()
#22 /life-api/vendor/hyperf/dispatcher/src/HttpRequestHandler.php(26): Hyperf\Dispatcher\AbstractRequestHandler->handleRequest()
#23 /life-api/vendor/hyperf/dispatcher/src/HttpDispatcher.php(40): Hyperf\Dispatcher\HttpRequestHandler->handle()
#24 /life-api/vendor/hyperf/http-server/src/Server.php(116): Hyperf\Dispatcher\HttpDispatcher->dispatch()
#25 {main} [] []
[2021-07-28 10:09:25] log.ERROR: Argument 1 passed to Lovetrytry\Jichukuangjia\Mock\Handler::__construct() must be of the type string, null given, called in /life-api/vendor/lovetrytry/jichukuangjia/src/Validation/InterfaceResponse.php on line 52[36] in /life-api/vendor/lovetrytry/jichukuangjia/src/Mock/Handler.php [] []
[2021-07-28 10:09:25] log.ERROR: #0 /life-api/vendor/lovetrytry/jichukuangjia/src/Validation/InterfaceResponse.php(52): Lovetrytry\Jichukuangjia\Mock\Handler->__construct()
#1 /life-api/vendor/lovetrytry/jichukuangjia/src/Format/CMD.php(141): Lovetrytry\Jichukuangjia\Validation\InterfaceResponse->__construct()
#2 /life-api/vendor/lovetrytry/jichukuangjia/src/Format/CMD.php(81): Lovetrytry\Jichukuangjia\Format\CMD->handleData()
#3 /life-api/vendor/lovetrytry/jichukuangjia/src/Format/CMD.php(38): Lovetrytry\Jichukuangjia\Format\CMD->setData()
#4 /life-api/vendor/lovetrytry/jichukuangjia/src/Format.php(51): Lovetrytry\Jichukuangjia\Format\CMD->__construct()
#5 /life-api/vendor/lovetrytry/jichukuangjia/src/Format.php(24): Lovetrytry\Jichukuangjia\Format->getClass()
#6 /life-api/vendor/lovetrytry/jichukuangjia/src/Response.php(31): Lovetrytry\Jichukuangjia\Format->__construct()
#7 /life-api/vendor/lovetrytry/jichukuangjia/src/Middleware/Response.php(58): Lovetrytry\Jichukuangjia\Response->handle()
#8 /life-api/vendor/hyperf/dispatcher/src/AbstractRequestHandler.php(64): Lovetrytry\Jichukuangjia\Middleware\Response->process()
#9 /life-api/vendor/hyperf/dispatcher/src/HttpRequestHandler.php(26): Hyperf\Dispatcher\AbstractRequestHandler->handleRequest()
#10 /life-api/app/Middleware/Sign.php(44): Hyperf\Dispatcher\HttpRequestHandler->handle()
#11 /life-api/vendor/hyperf/dispatcher/src/AbstractRequestHandler.php(64): App\Middleware\Sign->process()
#12 /life-api/vendor/hyperf/dispatcher/src/HttpRequestHandler.php(26): Hyperf\Dispatcher\AbstractRequestHandler->handleRequest()
#13 /life-api/vendor/hyperf/dispatcher/src/HttpDispatcher.php(40): Hyperf\Dispatcher\HttpRequestHandler->handle()
#14 /life-api/vendor/hyperf/http-server/src/Server.php(116): Hyperf\Dispatcher\HttpDispatcher->dispatch()
#15 {main} [] []
[2021-07-28 10:10:41] log.ERROR: {"error":{"root_cause":[{"type":"illegal_argument_exception","reason":"The mapping definition cannot be nested under a type [_doc] unless include_type_name is set to true."}],"type":"illegal_argument_exception","reason":"The mapping definition cannot be nested under a type [_doc] unless include_type_name is set to true."},"status":400}[693] in /life-api/vendor/elasticsearch/elasticsearch/src/Elasticsearch/Connections/Connection.php [] []
[2021-07-28 10:10:41] log.ERROR: #0 /life-api/vendor/elasticsearch/elasticsearch/src/Elasticsearch/Connections/Connection.php(333): Elasticsearch\Connections\Connection->process4xxError()
#1 /life-api/vendor/react/promise/src/FulfilledPromise.php(28): Elasticsearch\Connections\Connection->Elasticsearch\Connections\{closure}()
#2 /life-api/vendor/ezimuel/ringphp/src/Future/CompletedFutureValue.php(55): React\Promise\FulfilledPromise->then()
#3 /life-api/vendor/ezimuel/ringphp/src/Core.php(341): GuzzleHttp\Ring\Future\CompletedFutureValue->then()
#4 /life-api/vendor/elasticsearch/elasticsearch/src/Elasticsearch/Connections/Connection.php(345): GuzzleHttp\Ring\Core::proxy()
#5 /life-api/vendor/elasticsearch/elasticsearch/src/Elasticsearch/Connections/Connection.php(241): Elasticsearch\Connections\Connection->Elasticsearch\Connections\{closure}()
#6 /life-api/vendor/elasticsearch/elasticsearch/src/Elasticsearch/Transport.php(110): Elasticsearch\Connections\Connection->performRequest()
#7 /life-api/vendor/elasticsearch/elasticsearch/src/Elasticsearch/Namespaces/AbstractNamespace.php(63): Elasticsearch\Transport->performRequest()
#8 /life-api/vendor/elasticsearch/elasticsearch/src/Elasticsearch/Namespaces/IndicesNamespace.php(188): Elasticsearch\Namespaces\AbstractNamespace->performRequest()
#9 /life-api/app/Actions/Test/Test/Test.php(137): Elasticsearch\Namespaces\IndicesNamespace->create()
#10 /life-api/vendor/hyperf/http-server/src/CoreMiddleware.php(161): App\Actions\Test\Test\Test->createIndex()
#11 /life-api/vendor/hyperf/http-server/src/CoreMiddleware.php(113): Hyperf\HttpServer\CoreMiddleware->handleFound()
#12 /life-api/vendor/hyperf/dispatcher/src/AbstractRequestHandler.php(64): Hyperf\HttpServer\CoreMiddleware->process()
#13 /life-api/vendor/hyperf/dispatcher/src/HttpRequestHandler.php(26): Hyperf\Dispatcher\AbstractRequestHandler->handleRequest()
#14 /life-api/app/Middleware/Redirect/UnLogged.php(39): Hyperf\Dispatcher\HttpRequestHandler->handle()
#15 /life-api/vendor/hyperf/dispatcher/src/AbstractRequestHandler.php(64): App\Middleware\Redirect\UnLogged->process()
#16 /life-api/vendor/hyperf/dispatcher/src/HttpRequestHandler.php(26): Hyperf\Dispatcher\AbstractRequestHandler->handleRequest()
#17 /life-api/vendor/lovetrytry/jichukuangjia/src/Middleware/Response.php(56): Hyperf\Dispatcher\HttpRequestHandler->handle()
#18 /life-api/vendor/hyperf/dispatcher/src/AbstractRequestHandler.php(64): Lovetrytry\Jichukuangjia\Middleware\Response->process()
#19 /life-api/vendor/hyperf/dispatcher/src/HttpRequestHandler.php(26): Hyperf\Dispatcher\AbstractRequestHandler->handleRequest()
#20 /life-api/app/Middleware/Sign.php(44): Hyperf\Dispatcher\HttpRequestHandler->handle()
#21 /life-api/vendor/hyperf/dispatcher/src/AbstractRequestHandler.php(64): App\Middleware\Sign->process()
#22 /life-api/vendor/hyperf/dispatcher/src/HttpRequestHandler.php(26): Hyperf\Dispatcher\AbstractRequestHandler->handleRequest()
#23 /life-api/vendor/hyperf/dispatcher/src/HttpDispatcher.php(40): Hyperf\Dispatcher\HttpRequestHandler->handle()
#24 /life-api/vendor/hyperf/http-server/src/Server.php(116): Hyperf\Dispatcher\HttpDispatcher->dispatch()
#25 {main} [] []
[2021-07-28 10:10:42] log.ERROR: Argument 1 passed to Lovetrytry\Jichukuangjia\Mock\Handler::__construct() must be of the type string, null given, called in /life-api/vendor/lovetrytry/jichukuangjia/src/Validation/InterfaceResponse.php on line 52[36] in /life-api/vendor/lovetrytry/jichukuangjia/src/Mock/Handler.php [] []
[2021-07-28 10:10:42] log.ERROR: #0 /life-api/vendor/lovetrytry/jichukuangjia/src/Validation/InterfaceResponse.php(52): Lovetrytry\Jichukuangjia\Mock\Handler->__construct()
#1 /life-api/vendor/lovetrytry/jichukuangjia/src/Format/CMD.php(141): Lovetrytry\Jichukuangjia\Validation\InterfaceResponse->__construct()
#2 /life-api/vendor/lovetrytry/jichukuangjia/src/Format/CMD.php(81): Lovetrytry\Jichukuangjia\Format\CMD->handleData()
#3 /life-api/vendor/lovetrytry/jichukuangjia/src/Format/CMD.php(38): Lovetrytry\Jichukuangjia\Format\CMD->setData()
#4 /life-api/vendor/lovetrytry/jichukuangjia/src/Format.php(51): Lovetrytry\Jichukuangjia\Format\CMD->__construct()
#5 /life-api/vendor/lovetrytry/jichukuangjia/src/Format.php(24): Lovetrytry\Jichukuangjia\Format->getClass()
#6 /life-api/vendor/lovetrytry/jichukuangjia/src/Response.php(31): Lovetrytry\Jichukuangjia\Format->__construct()
#7 /life-api/vendor/lovetrytry/jichukuangjia/src/Middleware/Response.php(58): Lovetrytry\Jichukuangjia\Response->handle()
#8 /life-api/vendor/hyperf/dispatcher/src/AbstractRequestHandler.php(64): Lovetrytry\Jichukuangjia\Middleware\Response->process()
#9 /life-api/vendor/hyperf/dispatcher/src/HttpRequestHandler.php(26): Hyperf\Dispatcher\AbstractRequestHandler->handleRequest()
#10 /life-api/app/Middleware/Sign.php(44): Hyperf\Dispatcher\HttpRequestHandler->handle()
#11 /life-api/vendor/hyperf/dispatcher/src/AbstractRequestHandler.php(64): App\Middleware\Sign->process()
#12 /life-api/vendor/hyperf/dispatcher/src/HttpRequestHandler.php(26): Hyperf\Dispatcher\AbstractRequestHandler->handleRequest()
#13 /life-api/vendor/hyperf/dispatcher/src/HttpDispatcher.php(40): Hyperf\Dispatcher\HttpRequestHandler->handle()
#14 /life-api/vendor/hyperf/http-server/src/Server.php(116): Hyperf\Dispatcher\HttpDispatcher->dispatch()
#15 {main} [] []
[2021-07-28 10:11:53] log.ERROR: {"error":{"root_cause":[{"type":"mapper_parsing_exception","reason":"No handler for type [string] declared on field [fileName]"}],"type":"mapper_parsing_exception","reason":"Failed to parse mapping [_doc]: No handler for type [string] declared on field [fileName]","caused_by":{"type":"mapper_parsing_exception","reason":"No handler for type [string] declared on field [fileName]"}},"status":400}[693] in /life-api/vendor/elasticsearch/elasticsearch/src/Elasticsearch/Connections/Connection.php [] []
[2021-07-28 10:11:53] log.ERROR: #0 /life-api/vendor/elasticsearch/elasticsearch/src/Elasticsearch/Connections/Connection.php(333): Elasticsearch\Connections\Connection->process4xxError()
#1 /life-api/vendor/react/promise/src/FulfilledPromise.php(28): Elasticsearch\Connections\Connection->Elasticsearch\Connections\{closure}()
#2 /life-api/vendor/ezimuel/ringphp/src/Future/CompletedFutureValue.php(55): React\Promise\FulfilledPromise->then()
#3 /life-api/vendor/ezimuel/ringphp/src/Core.php(341): GuzzleHttp\Ring\Future\CompletedFutureValue->then()
#4 /life-api/vendor/elasticsearch/elasticsearch/src/Elasticsearch/Connections/Connection.php(345): GuzzleHttp\Ring\Core::proxy()
#5 /life-api/vendor/elasticsearch/elasticsearch/src/Elasticsearch/Connections/Connection.php(241): Elasticsearch\Connections\Connection->Elasticsearch\Connections\{closure}()
#6 /life-api/vendor/elasticsearch/elasticsearch/src/Elasticsearch/Transport.php(110): Elasticsearch\Connections\Connection->performRequest()
#7 /life-api/vendor/elasticsearch/elasticsearch/src/Elasticsearch/Namespaces/AbstractNamespace.php(63): Elasticsearch\Transport->performRequest()
#8 /life-api/vendor/elasticsearch/elasticsearch/src/Elasticsearch/Namespaces/IndicesNamespace.php(188): Elasticsearch\Namespaces\AbstractNamespace->performRequest()
#9 /life-api/app/Actions/Test/Test/Test.php(135): Elasticsearch\Namespaces\IndicesNamespace->create()
#10 /life-api/vendor/hyperf/http-server/src/CoreMiddleware.php(161): App\Actions\Test\Test\Test->createIndex()
#11 /life-api/vendor/hyperf/http-server/src/CoreMiddleware.php(113): Hyperf\HttpServer\CoreMiddleware->handleFound()
#12 /life-api/vendor/hyperf/dispatcher/src/AbstractRequestHandler.php(64): Hyperf\HttpServer\CoreMiddleware->process()
#13 /life-api/vendor/hyperf/dispatcher/src/HttpRequestHandler.php(26): Hyperf\Dispatcher\AbstractRequestHandler->handleRequest()
#14 /life-api/app/Middleware/Redirect/UnLogged.php(39): Hyperf\Dispatcher\HttpRequestHandler->handle()
#15 /life-api/vendor/hyperf/dispatcher/src/AbstractRequestHandler.php(64): App\Middleware\Redirect\UnLogged->process()
#16 /life-api/vendor/hyperf/dispatcher/src/HttpRequestHandler.php(26): Hyperf\Dispatcher\AbstractRequestHandler->handleRequest()
#17 /life-api/vendor/lovetrytry/jichukuangjia/src/Middleware/Response.php(56): Hyperf\Dispatcher\HttpRequestHandler->handle()
#18 /life-api/vendor/hyperf/dispatcher/src/AbstractRequestHandler.php(64): Lovetrytry\Jichukuangjia\Middleware\Response->process()
#19 /life-api/vendor/hyperf/dispatcher/src/HttpRequestHandler.php(26): Hyperf\Dispatcher\AbstractRequestHandler->handleRequest()
#20 /life-api/app/Middleware/Sign.php(44): Hyperf\Dispatcher\HttpRequestHandler->handle()
#21 /life-api/vendor/hyperf/dispatcher/src/AbstractRequestHandler.php(64): App\Middleware\Sign->process()
#22 /life-api/vendor/hyperf/dispatcher/src/HttpRequestHandler.php(26): Hyperf\Dispatcher\AbstractRequestHandler->handleRequest()
#23 /life-api/vendor/hyperf/dispatcher/src/HttpDispatcher.php(40): Hyperf\Dispatcher\HttpRequestHandler->handle()
#24 /life-api/vendor/hyperf/http-server/src/Server.php(116): Hyperf\Dispatcher\HttpDispatcher->dispatch()
#25 {main} [] []
[2021-07-28 10:11:53] log.ERROR: Argument 1 passed to Lovetrytry\Jichukuangjia\Mock\Handler::__construct() must be of the type string, null given, called in /life-api/vendor/lovetrytry/jichukuangjia/src/Validation/InterfaceResponse.php on line 52[36] in /life-api/vendor/lovetrytry/jichukuangjia/src/Mock/Handler.php [] []
[2021-07-28 10:11:53] log.ERROR: #0 /life-api/vendor/lovetrytry/jichukuangjia/src/Validation/InterfaceResponse.php(52): Lovetrytry\Jichukuangjia\Mock\Handler->__construct()
#1 /life-api/vendor/lovetrytry/jichukuangjia/src/Format/CMD.php(141): Lovetrytry\Jichukuangjia\Validation\InterfaceResponse->__construct()
#2 /life-api/vendor/lovetrytry/jichukuangjia/src/Format/CMD.php(81): Lovetrytry\Jichukuangjia\Format\CMD->handleData()
#3 /life-api/vendor/lovetrytry/jichukuangjia/src/Format/CMD.php(38): Lovetrytry\Jichukuangjia\Format\CMD->setData()
#4 /life-api/vendor/lovetrytry/jichukuangjia/src/Format.php(51): Lovetrytry\Jichukuangjia\Format\CMD->__construct()
#5 /life-api/vendor/lovetrytry/jichukuangjia/src/Format.php(24): Lovetrytry\Jichukuangjia\Format->getClass()
#6 /life-api/vendor/lovetrytry/jichukuangjia/src/Response.php(31): Lovetrytry\Jichukuangjia\Format->__construct()
#7 /life-api/vendor/lovetrytry/jichukuangjia/src/Middleware/Response.php(58): Lovetrytry\Jichukuangjia\Response->handle()
#8 /life-api/vendor/hyperf/dispatcher/src/AbstractRequestHandler.php(64): Lovetrytry\Jichukuangjia\Middleware\Response->process()
#9 /life-api/vendor/hyperf/dispatcher/src/HttpRequestHandler.php(26): Hyperf\Dispatcher\AbstractRequestHandler->handleRequest()
#10 /life-api/app/Middleware/Sign.php(44): Hyperf\Dispatcher\HttpRequestHandler->handle()
#11 /life-api/vendor/hyperf/dispatcher/src/AbstractRequestHandler.php(64): App\Middleware\Sign->process()
#12 /life-api/vendor/hyperf/dispatcher/src/HttpRequestHandler.php(26): Hyperf\Dispatcher\AbstractRequestHandler->handleRequest()
#13 /life-api/vendor/hyperf/dispatcher/src/HttpDispatcher.php(40): Hyperf\Dispatcher\HttpRequestHandler->handle()
#14 /life-api/vendor/hyperf/http-server/src/Server.php(116): Hyperf\Dispatcher\HttpDispatcher->dispatch()
#15 {main} [] []
[2021-07-28 10:13:45] log.ERROR: {"error":{"root_cause":[{"type":"mapper_parsing_exception","reason":"No handler for type [string] declared on field [fileName]"}],"type":"mapper_parsing_exception","reason":"Failed to parse mapping [_doc]: No handler for type [string] declared on field [fileName]","caused_by":{"type":"mapper_parsing_exception","reason":"No handler for type [string] declared on field [fileName]"}},"status":400}[693] in /life-api/vendor/elasticsearch/elasticsearch/src/Elasticsearch/Connections/Connection.php [] []
[2021-07-28 10:13:45] log.ERROR: #0 /life-api/vendor/elasticsearch/elasticsearch/src/Elasticsearch/Connections/Connection.php(333): Elasticsearch\Connections\Connection->process4xxError()
#1 /life-api/vendor/react/promise/src/FulfilledPromise.php(28): Elasticsearch\Connections\Connection->Elasticsearch\Connections\{closure}()
#2 /life-api/vendor/ezimuel/ringphp/src/Future/CompletedFutureValue.php(55): React\Promise\FulfilledPromise->then()
#3 /life-api/vendor/ezimuel/ringphp/src/Core.php(341): GuzzleHttp\Ring\Future\CompletedFutureValue->then()
#4 /life-api/vendor/elasticsearch/elasticsearch/src/Elasticsearch/Connections/Connection.php(345): GuzzleHttp\Ring\Core::proxy()
#5 /life-api/vendor/elasticsearch/elasticsearch/src/Elasticsearch/Connections/Connection.php(241): Elasticsearch\Connections\Connection->Elasticsearch\Connections\{closure}()
#6 /life-api/vendor/elasticsearch/elasticsearch/src/Elasticsearch/Transport.php(110): Elasticsearch\Connections\Connection->performRequest()
#7 /life-api/vendor/elasticsearch/elasticsearch/src/Elasticsearch/Namespaces/AbstractNamespace.php(63): Elasticsearch\Transport->performRequest()
#8 /life-api/vendor/elasticsearch/elasticsearch/src/Elasticsearch/Namespaces/IndicesNamespace.php(188): Elasticsearch\Namespaces\AbstractNamespace->performRequest()
#9 /life-api/app/Actions/Test/Test/Test.php(132): Elasticsearch\Namespaces\IndicesNamespace->create()
#10 /life-api/vendor/hyperf/http-server/src/CoreMiddleware.php(161): App\Actions\Test\Test\Test->createIndex()
#11 /life-api/vendor/hyperf/http-server/src/CoreMiddleware.php(113): Hyperf\HttpServer\CoreMiddleware->handleFound()
#12 /life-api/vendor/hyperf/dispatcher/src/AbstractRequestHandler.php(64): Hyperf\HttpServer\CoreMiddleware->process()
#13 /life-api/vendor/hyperf/dispatcher/src/HttpRequestHandler.php(26): Hyperf\Dispatcher\AbstractRequestHandler->handleRequest()
#14 /life-api/app/Middleware/Redirect/UnLogged.php(39): Hyperf\Dispatcher\HttpRequestHandler->handle()
#15 /life-api/vendor/hyperf/dispatcher/src/AbstractRequestHandler.php(64): App\Middleware\Redirect\UnLogged->process()
#16 /life-api/vendor/hyperf/dispatcher/src/HttpRequestHandler.php(26): Hyperf\Dispatcher\AbstractRequestHandler->handleRequest()
#17 /life-api/vendor/lovetrytry/jichukuangjia/src/Middleware/Response.php(56): Hyperf\Dispatcher\HttpRequestHandler->handle()
#18 /life-api/vendor/hyperf/dispatcher/src/AbstractRequestHandler.php(64): Lovetrytry\Jichukuangjia\Middleware\Response->process()
#19 /life-api/vendor/hyperf/dispatcher/src/HttpRequestHandler.php(26): Hyperf\Dispatcher\AbstractRequestHandler->handleRequest()
#20 /life-api/app/Middleware/Sign.php(44): Hyperf\Dispatcher\HttpRequestHandler->handle()
#21 /life-api/vendor/hyperf/dispatcher/src/AbstractRequestHandler.php(64): App\Middleware\Sign->process()
#22 /life-api/vendor/hyperf/dispatcher/src/HttpRequestHandler.php(26): Hyperf\Dispatcher\AbstractRequestHandler->handleRequest()
#23 /life-api/vendor/hyperf/dispatcher/src/HttpDispatcher.php(40): Hyperf\Dispatcher\HttpRequestHandler->handle()
#24 /life-api/vendor/hyperf/http-server/src/Server.php(116): Hyperf\Dispatcher\HttpDispatcher->dispatch()
#25 {main} [] []
[2021-07-28 10:13:45] log.ERROR: Argument 1 passed to Lovetrytry\Jichukuangjia\Mock\Handler::__construct() must be of the type string, null given, called in /life-api/vendor/lovetrytry/jichukuangjia/src/Validation/InterfaceResponse.php on line 52[36] in /life-api/vendor/lovetrytry/jichukuangjia/src/Mock/Handler.php [] []
[2021-07-28 10:13:45] log.ERROR: #0 /life-api/vendor/lovetrytry/jichukuangjia/src/Validation/InterfaceResponse.php(52): Lovetrytry\Jichukuangjia\Mock\Handler->__construct()
#1 /life-api/vendor/lovetrytry/jichukuangjia/src/Format/CMD.php(141): Lovetrytry\Jichukuangjia\Validation\InterfaceResponse->__construct()
#2 /life-api/vendor/lovetrytry/jichukuangjia/src/Format/CMD.php(81): Lovetrytry\Jichukuangjia\Format\CMD->handleData()
#3 /life-api/vendor/lovetrytry/jichukuangjia/src/Format/CMD.php(38): Lovetrytry\Jichukuangjia\Format\CMD->setData()
#4 /life-api/vendor/lovetrytry/jichukuangjia/src/Format.php(51): Lovetrytry\Jichukuangjia\Format\CMD->__construct()
#5 /life-api/vendor/lovetrytry/jichukuangjia/src/Format.php(24): Lovetrytry\Jichukuangjia\Format->getClass()
#6 /life-api/vendor/lovetrytry/jichukuangjia/src/Response.php(31): Lovetrytry\Jichukuangjia\Format->__construct()
#7 /life-api/vendor/lovetrytry/jichukuangjia/src/Middleware/Response.php(58): Lovetrytry\Jichukuangjia\Response->handle()
#8 /life-api/vendor/hyperf/dispatcher/src/AbstractRequestHandler.php(64): Lovetrytry\Jichukuangjia\Middleware\Response->process()
#9 /life-api/vendor/hyperf/dispatcher/src/HttpRequestHandler.php(26): Hyperf\Dispatcher\AbstractRequestHandler->handleRequest()
#10 /life-api/app/Middleware/Sign.php(44): Hyperf\Dispatcher\HttpRequestHandler->handle()
#11 /life-api/vendor/hyperf/dispatcher/src/AbstractRequestHandler.php(64): App\Middleware\Sign->process()
#12 /life-api/vendor/hyperf/dispatcher/src/HttpRequestHandler.php(26): Hyperf\Dispatcher\AbstractRequestHandler->handleRequest()
#13 /life-api/vendor/hyperf/dispatcher/src/HttpDispatcher.php(40): Hyperf\Dispatcher\HttpRequestHandler->handle()
#14 /life-api/vendor/hyperf/http-server/src/Server.php(116): Hyperf\Dispatcher\HttpDispatcher->dispatch()
#15 {main} [] []
[2021-07-28 10:15:15] log.ERROR: {"error":{"root_cause":[{"type":"mapper_parsing_exception","reason":"unknown parameter [analyzer] on mapper [logDate] of type [date]"}],"type":"mapper_parsing_exception","reason":"Failed to parse mapping [_doc]: unknown parameter [analyzer] on mapper [logDate] of type [date]","caused_by":{"type":"mapper_parsing_exception","reason":"unknown parameter [analyzer] on mapper [logDate] of type [date]"}},"status":400}[693] in /life-api/vendor/elasticsearch/elasticsearch/src/Elasticsearch/Connections/Connection.php [] []
[2021-07-28 10:15:15] log.ERROR: #0 /life-api/vendor/elasticsearch/elasticsearch/src/Elasticsearch/Connections/Connection.php(333): Elasticsearch\Connections\Connection->process4xxError()
#1 /life-api/vendor/react/promise/src/FulfilledPromise.php(28): Elasticsearch\Connections\Connection->Elasticsearch\Connections\{closure}()
#2 /life-api/vendor/ezimuel/ringphp/src/Future/CompletedFutureValue.php(55): React\Promise\FulfilledPromise->then()
#3 /life-api/vendor/ezimuel/ringphp/src/Core.php(341): GuzzleHttp\Ring\Future\CompletedFutureValue->then()
#4 /life-api/vendor/elasticsearch/elasticsearch/src/Elasticsearch/Connections/Connection.php(345): GuzzleHttp\Ring\Core::proxy()
#5 /life-api/vendor/elasticsearch/elasticsearch/src/Elasticsearch/Connections/Connection.php(241): Elasticsearch\Connections\Connection->Elasticsearch\Connections\{closure}()
#6 /life-api/vendor/elasticsearch/elasticsearch/src/Elasticsearch/Transport.php(110): Elasticsearch\Connections\Connection->performRequest()
#7 /life-api/vendor/elasticsearch/elasticsearch/src/Elasticsearch/Namespaces/AbstractNamespace.php(63): Elasticsearch\Transport->performRequest()
#8 /life-api/vendor/elasticsearch/elasticsearch/src/Elasticsearch/Namespaces/IndicesNamespace.php(188): Elasticsearch\Namespaces\AbstractNamespace->performRequest()
#9 /life-api/app/Actions/Test/Test/Test.php(132): Elasticsearch\Namespaces\IndicesNamespace->create()
#10 /life-api/vendor/hyperf/http-server/src/CoreMiddleware.php(161): App\Actions\Test\Test\Test->createIndex()
#11 /life-api/vendor/hyperf/http-server/src/CoreMiddleware.php(113): Hyperf\HttpServer\CoreMiddleware->handleFound()
#12 /life-api/vendor/hyperf/dispatcher/src/AbstractRequestHandler.php(64): Hyperf\HttpServer\CoreMiddleware->process()
#13 /life-api/vendor/hyperf/dispatcher/src/HttpRequestHandler.php(26): Hyperf\Dispatcher\AbstractRequestHandler->handleRequest()
#14 /life-api/app/Middleware/Redirect/UnLogged.php(39): Hyperf\Dispatcher\HttpRequestHandler->handle()
#15 /life-api/vendor/hyperf/dispatcher/src/AbstractRequestHandler.php(64): App\Middleware\Redirect\UnLogged->process()
#16 /life-api/vendor/hyperf/dispatcher/src/HttpRequestHandler.php(26): Hyperf\Dispatcher\AbstractRequestHandler->handleRequest()
#17 /life-api/vendor/lovetrytry/jichukuangjia/src/Middleware/Response.php(56): Hyperf\Dispatcher\HttpRequestHandler->handle()
#18 /life-api/vendor/hyperf/dispatcher/src/AbstractRequestHandler.php(64): Lovetrytry\Jichukuangjia\Middleware\Response->process()
#19 /life-api/vendor/hyperf/dispatcher/src/HttpRequestHandler.php(26): Hyperf\Dispatcher\AbstractRequestHandler->handleRequest()
#20 /life-api/app/Middleware/Sign.php(44): Hyperf\Dispatcher\HttpRequestHandler->handle()
#21 /life-api/vendor/hyperf/dispatcher/src/AbstractRequestHandler.php(64): App\Middleware\Sign->process()
#22 /life-api/vendor/hyperf/dispatcher/src/HttpRequestHandler.php(26): Hyperf\Dispatcher\AbstractRequestHandler->handleRequest()
#23 /life-api/vendor/hyperf/dispatcher/src/HttpDispatcher.php(40): Hyperf\Dispatcher\HttpRequestHandler->handle()
#24 /life-api/vendor/hyperf/http-server/src/Server.php(116): Hyperf\Dispatcher\HttpDispatcher->dispatch()
#25 {main} [] []
[2021-07-28 10:15:16] log.ERROR: Argument 1 passed to Lovetrytry\Jichukuangjia\Mock\Handler::__construct() must be of the type string, null given, called in /life-api/vendor/lovetrytry/jichukuangjia/src/Validation/InterfaceResponse.php on line 52[36] in /life-api/vendor/lovetrytry/jichukuangjia/src/Mock/Handler.php [] []
[2021-07-28 10:15:16] log.ERROR: #0 /life-api/vendor/lovetrytry/jichukuangjia/src/Validation/InterfaceResponse.php(52): Lovetrytry\Jichukuangjia\Mock\Handler->__construct()
#1 /life-api/vendor/lovetrytry/jichukuangjia/src/Format/CMD.php(141): Lovetrytry\Jichukuangjia\Validation\InterfaceResponse->__construct()
#2 /life-api/vendor/lovetrytry/jichukuangjia/src/Format/CMD.php(81): Lovetrytry\Jichukuangjia\Format\CMD->handleData()
#3 /life-api/vendor/lovetrytry/jichukuangjia/src/Format/CMD.php(38): Lovetrytry\Jichukuangjia\Format\CMD->setData()
#4 /life-api/vendor/lovetrytry/jichukuangjia/src/Format.php(51): Lovetrytry\Jichukuangjia\Format\CMD->__construct()
#5 /life-api/vendor/lovetrytry/jichukuangjia/src/Format.php(24): Lovetrytry\Jichukuangjia\Format->getClass()
#6 /life-api/vendor/lovetrytry/jichukuangjia/src/Response.php(31): Lovetrytry\Jichukuangjia\Format->__construct()
#7 /life-api/vendor/lovetrytry/jichukuangjia/src/Middleware/Response.php(58): Lovetrytry\Jichukuangjia\Response->handle()
#8 /life-api/vendor/hyperf/dispatcher/src/AbstractRequestHandler.php(64): Lovetrytry\Jichukuangjia\Middleware\Response->process()
#9 /life-api/vendor/hyperf/dispatcher/src/HttpRequestHandler.php(26): Hyperf\Dispatcher\AbstractRequestHandler->handleRequest()
#10 /life-api/app/Middleware/Sign.php(44): Hyperf\Dispatcher\HttpRequestHandler->handle()
#11 /life-api/vendor/hyperf/dispatcher/src/AbstractRequestHandler.php(64): App\Middleware\Sign->process()
#12 /life-api/vendor/hyperf/dispatcher/src/HttpRequestHandler.php(26): Hyperf\Dispatcher\AbstractRequestHandler->handleRequest()
#13 /life-api/vendor/hyperf/dispatcher/src/HttpDispatcher.php(40): Hyperf\Dispatcher\HttpRequestHandler->handle()
#14 /life-api/vendor/hyperf/http-server/src/Server.php(116): Hyperf\Dispatcher\HttpDispatcher->dispatch()
#15 {main} [] []
[2021-07-28 10:15:41] log.ERROR: Argument 1 passed to Lovetrytry\Jichukuangjia\Mock\Handler::__construct() must be of the type string, null given, called in /life-api/vendor/lovetrytry/jichukuangjia/src/Validation/InterfaceResponse.php on line 52[36] in /life-api/vendor/lovetrytry/jichukuangjia/src/Mock/Handler.php [] []
[2021-07-28 10:15:41] log.ERROR: #0 /life-api/vendor/lovetrytry/jichukuangjia/src/Validation/InterfaceResponse.php(52): Lovetrytry\Jichukuangjia\Mock\Handler->__construct()
#1 /life-api/vendor/lovetrytry/jichukuangjia/src/Format/CMD.php(141): Lovetrytry\Jichukuangjia\Validation\InterfaceResponse->__construct()
#2 /life-api/vendor/lovetrytry/jichukuangjia/src/Format/CMD.php(81): Lovetrytry\Jichukuangjia\Format\CMD->handleData()
#3 /life-api/vendor/lovetrytry/jichukuangjia/src/Format/CMD.php(38): Lovetrytry\Jichukuangjia\Format\CMD->setData()
#4 /life-api/vendor/lovetrytry/jichukuangjia/src/Format.php(51): Lovetrytry\Jichukuangjia\Format\CMD->__construct()
#5 /life-api/vendor/lovetrytry/jichukuangjia/src/Format.php(24): Lovetrytry\Jichukuangjia\Format->getClass()
#6 /life-api/vendor/lovetrytry/jichukuangjia/src/Response.php(31): Lovetrytry\Jichukuangjia\Format->__construct()
#7 /life-api/vendor/lovetrytry/jichukuangjia/src/Middleware/Response.php(58): Lovetrytry\Jichukuangjia\Response->handle()
#8 /life-api/vendor/hyperf/dispatcher/src/AbstractRequestHandler.php(64): Lovetrytry\Jichukuangjia\Middleware\Response->process()
#9 /life-api/vendor/hyperf/dispatcher/src/HttpRequestHandler.php(26): Hyperf\Dispatcher\AbstractRequestHandler->handleRequest()
#10 /life-api/app/Middleware/Sign.php(44): Hyperf\Dispatcher\HttpRequestHandler->handle()
#11 /life-api/vendor/hyperf/dispatcher/src/AbstractRequestHandler.php(64): App\Middleware\Sign->process()
#12 /life-api/vendor/hyperf/dispatcher/src/HttpRequestHandler.php(26): Hyperf\Dispatcher\AbstractRequestHandler->handleRequest()
#13 /life-api/vendor/hyperf/dispatcher/src/HttpDispatcher.php(40): Hyperf\Dispatcher\HttpRequestHandler->handle()
#14 /life-api/vendor/hyperf/http-server/src/Server.php(116): Hyperf\Dispatcher\HttpDispatcher->dispatch()
#15 {main} [] []
[2021-07-28 10:32:05] log.ERROR: id is required for create[35] in /life-api/vendor/elasticsearch/elasticsearch/src/Elasticsearch/Endpoints/Create.php [] []
[2021-07-28 10:32:05] log.ERROR: #0 /life-api/vendor/elasticsearch/elasticsearch/src/Elasticsearch/Client.php(1874): Elasticsearch\Endpoints\Create->getURI()
#1 /life-api/vendor/elasticsearch/elasticsearch/src/Elasticsearch/Client.php(466): Elasticsearch\Client->performRequest()
#2 /life-api/app/Actions/Test/Test/Test.php(168): Elasticsearch\Client->create()
#3 /life-api/vendor/hyperf/http-server/src/CoreMiddleware.php(161): App\Actions\Test\Test\Test->putData()
#4 /life-api/vendor/hyperf/http-server/src/CoreMiddleware.php(113): Hyperf\HttpServer\CoreMiddleware->handleFound()
#5 /life-api/vendor/hyperf/dispatcher/src/AbstractRequestHandler.php(64): Hyperf\HttpServer\CoreMiddleware->process()
#6 /life-api/vendor/hyperf/dispatcher/src/HttpRequestHandler.php(26): Hyperf\Dispatcher\AbstractRequestHandler->handleRequest()
#7 /life-api/app/Middleware/Redirect/UnLogged.php(39): Hyperf\Dispatcher\HttpRequestHandler->handle()
#8 /life-api/vendor/hyperf/dispatcher/src/AbstractRequestHandler.php(64): App\Middleware\Redirect\UnLogged->process()
#9 /life-api/vendor/hyperf/dispatcher/src/HttpRequestHandler.php(26): Hyperf\Dispatcher\AbstractRequestHandler->handleRequest()
#10 /life-api/vendor/lovetrytry/jichukuangjia/src/Middleware/Response.php(56): Hyperf\Dispatcher\HttpRequestHandler->handle()
#11 /life-api/vendor/hyperf/dispatcher/src/AbstractRequestHandler.php(64): Lovetrytry\Jichukuangjia\Middleware\Response->process()
#12 /life-api/vendor/hyperf/dispatcher/src/HttpRequestHandler.php(26): Hyperf\Dispatcher\AbstractRequestHandler->handleRequest()
#13 /life-api/app/Middleware/Sign.php(44): Hyperf\Dispatcher\HttpRequestHandler->handle()
#14 /life-api/vendor/hyperf/dispatcher/src/AbstractRequestHandler.php(64): App\Middleware\Sign->process()
#15 /life-api/vendor/hyperf/dispatcher/src/HttpRequestHandler.php(26): Hyperf\Dispatcher\AbstractRequestHandler->handleRequest()
#16 /life-api/vendor/hyperf/dispatcher/src/HttpDispatcher.php(40): Hyperf\Dispatcher\HttpRequestHandler->handle()
#17 /life-api/vendor/hyperf/http-server/src/Server.php(116): Hyperf\Dispatcher\HttpDispatcher->dispatch()
#18 {main} [] []
[2021-07-28 10:32:05] log.ERROR: Argument 1 passed to Lovetrytry\Jichukuangjia\Mock\Handler::__construct() must be of the type string, null given, called in /life-api/vendor/lovetrytry/jichukuangjia/src/Validation/InterfaceResponse.php on line 52[36] in /life-api/vendor/lovetrytry/jichukuangjia/src/Mock/Handler.php [] []
[2021-07-28 10:32:05] log.ERROR: #0 /life-api/vendor/lovetrytry/jichukuangjia/src/Validation/InterfaceResponse.php(52): Lovetrytry\Jichukuangjia\Mock\Handler->__construct()
#1 /life-api/vendor/lovetrytry/jichukuangjia/src/Format/CMD.php(141): Lovetrytry\Jichukuangjia\Validation\InterfaceResponse->__construct()
#2 /life-api/vendor/lovetrytry/jichukuangjia/src/Format/CMD.php(81): Lovetrytry\Jichukuangjia\Format\CMD->handleData()
#3 /life-api/vendor/lovetrytry/jichukuangjia/src/Format/CMD.php(38): Lovetrytry\Jichukuangjia\Format\CMD->setData()
#4 /life-api/vendor/lovetrytry/jichukuangjia/src/Format.php(51): Lovetrytry\Jichukuangjia\Format\CMD->__construct()
#5 /life-api/vendor/lovetrytry/jichukuangjia/src/Format.php(24): Lovetrytry\Jichukuangjia\Format->getClass()
#6 /life-api/vendor/lovetrytry/jichukuangjia/src/Response.php(31): Lovetrytry\Jichukuangjia\Format->__construct()
#7 /life-api/vendor/lovetrytry/jichukuangjia/src/Middleware/Response.php(58): Lovetrytry\Jichukuangjia\Response->handle()
#8 /life-api/vendor/hyperf/dispatcher/src/AbstractRequestHandler.php(64): Lovetrytry\Jichukuangjia\Middleware\Response->process()
#9 /life-api/vendor/hyperf/dispatcher/src/HttpRequestHandler.php(26): Hyperf\Dispatcher\AbstractRequestHandler->handleRequest()
#10 /life-api/app/Middleware/Sign.php(44): Hyperf\Dispatcher\HttpRequestHandler->handle()
#11 /life-api/vendor/hyperf/dispatcher/src/AbstractRequestHandler.php(64): App\Middleware\Sign->process()
#12 /life-api/vendor/hyperf/dispatcher/src/HttpRequestHandler.php(26): Hyperf\Dispatcher\AbstractRequestHandler->handleRequest()
#13 /life-api/vendor/hyperf/dispatcher/src/HttpDispatcher.php(40): Hyperf\Dispatcher\HttpRequestHandler->handle()
#14 /life-api/vendor/hyperf/http-server/src/Server.php(116): Hyperf\Dispatcher\HttpDispatcher->dispatch()
#15 {main} [] []
[2021-07-28 10:33:46] log.ERROR: id is required for create[35] in /life-api/vendor/elasticsearch/elasticsearch/src/Elasticsearch/Endpoints/Create.php [] []
[2021-07-28 10:33:46] log.ERROR: #0 /life-api/vendor/elasticsearch/elasticsearch/src/Elasticsearch/Client.php(1874): Elasticsearch\Endpoints\Create->getURI()
#1 /life-api/vendor/elasticsearch/elasticsearch/src/Elasticsearch/Client.php(466): Elasticsearch\Client->performRequest()
#2 /life-api/app/Actions/Test/Test/Test.php(169): Elasticsearch\Client->create()
#3 /life-api/vendor/hyperf/http-server/src/CoreMiddleware.php(161): App\Actions\Test\Test\Test->putData()
#4 /life-api/vendor/hyperf/http-server/src/CoreMiddleware.php(113): Hyperf\HttpServer\CoreMiddleware->handleFound()
#5 /life-api/vendor/hyperf/dispatcher/src/AbstractRequestHandler.php(64): Hyperf\HttpServer\CoreMiddleware->process()
#6 /life-api/vendor/hyperf/dispatcher/src/HttpRequestHandler.php(26): Hyperf\Dispatcher\AbstractRequestHandler->handleRequest()
#7 /life-api/app/Middleware/Redirect/UnLogged.php(39): Hyperf\Dispatcher\HttpRequestHandler->handle()
#8 /life-api/vendor/hyperf/dispatcher/src/AbstractRequestHandler.php(64): App\Middleware\Redirect\UnLogged->process()
#9 /life-api/vendor/hyperf/dispatcher/src/HttpRequestHandler.php(26): Hyperf\Dispatcher\AbstractRequestHandler->handleRequest()
#10 /life-api/vendor/lovetrytry/jichukuangjia/src/Middleware/Response.php(56): Hyperf\Dispatcher\HttpRequestHandler->handle()
#11 /life-api/vendor/hyperf/dispatcher/src/AbstractRequestHandler.php(64): Lovetrytry\Jichukuangjia\Middleware\Response->process()
#12 /life-api/vendor/hyperf/dispatcher/src/HttpRequestHandler.php(26): Hyperf\Dispatcher\AbstractRequestHandler->handleRequest()
#13 /life-api/app/Middleware/Sign.php(44): Hyperf\Dispatcher\HttpRequestHandler->handle()
#14 /life-api/vendor/hyperf/dispatcher/src/AbstractRequestHandler.php(64): App\Middleware\Sign->process()
#15 /life-api/vendor/hyperf/dispatcher/src/HttpRequestHandler.php(26): Hyperf\Dispatcher\AbstractRequestHandler->handleRequest()
#16 /life-api/vendor/hyperf/dispatcher/src/HttpDispatcher.php(40): Hyperf\Dispatcher\HttpRequestHandler->handle()
#17 /life-api/vendor/hyperf/http-server/src/Server.php(116): Hyperf\Dispatcher\HttpDispatcher->dispatch()
#18 {main} [] []
[2021-07-28 10:33:46] log.ERROR: Argument 1 passed to Lovetrytry\Jichukuangjia\Mock\Handler::__construct() must be of the type string, null given, called in /life-api/vendor/lovetrytry/jichukuangjia/src/Validation/InterfaceResponse.php on line 52[36] in /life-api/vendor/lovetrytry/jichukuangjia/src/Mock/Handler.php [] []
[2021-07-28 10:33:46] log.ERROR: #0 /life-api/vendor/lovetrytry/jichukuangjia/src/Validation/InterfaceResponse.php(52): Lovetrytry\Jichukuangjia\Mock\Handler->__construct()
#1 /life-api/vendor/lovetrytry/jichukuangjia/src/Format/CMD.php(141): Lovetrytry\Jichukuangjia\Validation\InterfaceResponse->__construct()
#2 /life-api/vendor/lovetrytry/jichukuangjia/src/Format/CMD.php(81): Lovetrytry\Jichukuangjia\Format\CMD->handleData()
#3 /life-api/vendor/lovetrytry/jichukuangjia/src/Format/CMD.php(38): Lovetrytry\Jichukuangjia\Format\CMD->setData()
#4 /life-api/vendor/lovetrytry/jichukuangjia/src/Format.php(51): Lovetrytry\Jichukuangjia\Format\CMD->__construct()
#5 /life-api/vendor/lovetrytry/jichukuangjia/src/Format.php(24): Lovetrytry\Jichukuangjia\Format->getClass()
#6 /life-api/vendor/lovetrytry/jichukuangjia/src/Response.php(31): Lovetrytry\Jichukuangjia\Format->__construct()
#7 /life-api/vendor/lovetrytry/jichukuangjia/src/Middleware/Response.php(58): Lovetrytry\Jichukuangjia\Response->handle()
#8 /life-api/vendor/hyperf/dispatcher/src/AbstractRequestHandler.php(64): Lovetrytry\Jichukuangjia\Middleware\Response->process()
#9 /life-api/vendor/hyperf/dispatcher/src/HttpRequestHandler.php(26): Hyperf\Dispatcher\AbstractRequestHandler->handleRequest()
#10 /life-api/app/Middleware/Sign.php(44): Hyperf\Dispatcher\HttpRequestHandler->handle()
#11 /life-api/vendor/hyperf/dispatcher/src/AbstractRequestHandler.php(64): App\Middleware\Sign->process()
#12 /life-api/vendor/hyperf/dispatcher/src/HttpRequestHandler.php(26): Hyperf\Dispatcher\AbstractRequestHandler->handleRequest()
#13 /life-api/vendor/hyperf/dispatcher/src/HttpDispatcher.php(40): Hyperf\Dispatcher\HttpRequestHandler->handle()
#14 /life-api/vendor/hyperf/http-server/src/Server.php(116): Hyperf\Dispatcher\HttpDispatcher->dispatch()
#15 {main} [] []
[2021-07-28 10:34:11] log.ERROR: Argument 1 passed to Lovetrytry\Jichukuangjia\Mock\Handler::__construct() must be of the type string, null given, called in /life-api/vendor/lovetrytry/jichukuangjia/src/Validation/InterfaceResponse.php on line 52[36] in /life-api/vendor/lovetrytry/jichukuangjia/src/Mock/Handler.php [] []
[2021-07-28 10:34:11] log.ERROR: #0 /life-api/vendor/lovetrytry/jichukuangjia/src/Validation/InterfaceResponse.php(52): Lovetrytry\Jichukuangjia\Mock\Handler->__construct()
#1 /life-api/vendor/lovetrytry/jichukuangjia/src/Format/CMD.php(141): Lovetrytry\Jichukuangjia\Validation\InterfaceResponse->__construct()
#2 /life-api/vendor/lovetrytry/jichukuangjia/src/Format/CMD.php(81): Lovetrytry\Jichukuangjia\Format\CMD->handleData()
#3 /life-api/vendor/lovetrytry/jichukuangjia/src/Format/CMD.php(38): Lovetrytry\Jichukuangjia\Format\CMD->setData()
#4 /life-api/vendor/lovetrytry/jichukuangjia/src/Format.php(51): Lovetrytry\Jichukuangjia\Format\CMD->__construct()
#5 /life-api/vendor/lovetrytry/jichukuangjia/src/Format.php(24): Lovetrytry\Jichukuangjia\Format->getClass()
#6 /life-api/vendor/lovetrytry/jichukuangjia/src/Response.php(31): Lovetrytry\Jichukuangjia\Format->__construct()
#7 /life-api/vendor/lovetrytry/jichukuangjia/src/Middleware/Response.php(58): Lovetrytry\Jichukuangjia\Response->handle()
#8 /life-api/vendor/hyperf/dispatcher/src/AbstractRequestHandler.php(64): Lovetrytry\Jichukuangjia\Middleware\Response->process()
#9 /life-api/vendor/hyperf/dispatcher/src/HttpRequestHandler.php(26): Hyperf\Dispatcher\AbstractRequestHandler->handleRequest()
#10 /life-api/app/Middleware/Sign.php(44): Hyperf\Dispatcher\HttpRequestHandler->handle()
#11 /life-api/vendor/hyperf/dispatcher/src/AbstractRequestHandler.php(64): App\Middleware\Sign->process()
#12 /life-api/vendor/hyperf/dispatcher/src/HttpRequestHandler.php(26): Hyperf\Dispatcher\AbstractRequestHandler->handleRequest()
#13 /life-api/vendor/hyperf/dispatcher/src/HttpDispatcher.php(40): Hyperf\Dispatcher\HttpRequestHandler->handle()
#14 /life-api/vendor/hyperf/http-server/src/Server.php(116): Hyperf\Dispatcher\HttpDispatcher->dispatch()
#15 {main} [] []
[2021-07-28 10:35:19] log.ERROR: Argument 1 passed to Lovetrytry\Jichukuangjia\Mock\Handler::__construct() must be of the type string, null given, called in /life-api/vendor/lovetrytry/jichukuangjia/src/Validation/InterfaceResponse.php on line 52[36] in /life-api/vendor/lovetrytry/jichukuangjia/src/Mock/Handler.php [] []
[2021-07-28 10:35:19] log.ERROR: #0 /life-api/vendor/lovetrytry/jichukuangjia/src/Validation/InterfaceResponse.php(52): Lovetrytry\Jichukuangjia\Mock\Handler->__construct()
#1 /life-api/vendor/lovetrytry/jichukuangjia/src/Format/CMD.php(141): Lovetrytry\Jichukuangjia\Validation\InterfaceResponse->__construct()
#2 /life-api/vendor/lovetrytry/jichukuangjia/src/Format/CMD.php(81): Lovetrytry\Jichukuangjia\Format\CMD->handleData()
#3 /life-api/vendor/lovetrytry/jichukuangjia/src/Format/CMD.php(38): Lovetrytry\Jichukuangjia\Format\CMD->setData()
#4 /life-api/vendor/lovetrytry/jichukuangjia/src/Format.php(51): Lovetrytry\Jichukuangjia\Format\CMD->__construct()
#5 /life-api/vendor/lovetrytry/jichukuangjia/src/Format.php(24): Lovetrytry\Jichukuangjia\Format->getClass()
#6 /life-api/vendor/lovetrytry/jichukuangjia/src/Response.php(31): Lovetrytry\Jichukuangjia\Format->__construct()
#7 /life-api/vendor/lovetrytry/jichukuangjia/src/Middleware/Response.php(58): Lovetrytry\Jichukuangjia\Response->handle()
#8 /life-api/vendor/hyperf/dispatcher/src/AbstractRequestHandler.php(64): Lovetrytry\Jichukuangjia\Middleware\Response->process()
#9 /life-api/vendor/hyperf/dispatcher/src/HttpRequestHandler.php(26): Hyperf\Dispatcher\AbstractRequestHandler->handleRequest()
#10 /life-api/app/Middleware/Sign.php(44): Hyperf\Dispatcher\HttpRequestHandler->handle()
#11 /life-api/vendor/hyperf/dispatcher/src/AbstractRequestHandler.php(64): App\Middleware\Sign->process()
#12 /life-api/vendor/hyperf/dispatcher/src/HttpRequestHandler.php(26): Hyperf\Dispatcher\AbstractRequestHandler->handleRequest()
#13 /life-api/vendor/hyperf/dispatcher/src/HttpDispatcher.php(40): Hyperf\Dispatcher\HttpRequestHandler->handle()
#14 /life-api/vendor/hyperf/http-server/src/Server.php(116): Hyperf\Dispatcher\HttpDispatcher->dispatch()
#15 {main} [] []
