















LogTime:2021-08-09 14:05:58
------------------GET------/notice/test/test?tel=158889535623----------

LogTime:2021-08-09 14:05:58
[]

LogTime:2021-08-09 14:05:58
select * from `life_sms` where (`id` = '1') limit 1

LogTime:2021-08-09 14:05:58
select * from `life_sms` where (`id` = '2') limit 1

LogTime:2021-08-09 14:05:58
select * from `life_sms` where (`id` = '1') limit 1

LogTime:2021-08-09 14:05:58
select * from `life_sms` where (`id` = '2') limit 1

LogTime:2021-08-09 14:05:58
select * from `life_sms` where (`id` = '1') limit 1

LogTime:2021-08-09 14:05:58
select * from `life_sms` where (`id` = '2') limit 1

LogTime:2021-08-09 14:06:28
------------------POST------/notice/test/test----------

LogTime:2021-08-09 14:06:28
{"a":"100","b":"99"}

LogTime:2021-08-09 14:06:28
select * from `life_sms` where (`id` = '1') limit 1

LogTime:2021-08-09 14:06:28
select * from `life_sms` where (`id` = '2') limit 1

LogTime:2021-08-09 14:06:28
select * from `life_sms` where (`id` = '1') limit 1

LogTime:2021-08-09 14:06:28
select * from `life_sms` where (`id` = '2') limit 1

LogTime:2021-08-09 14:06:28
select * from `life_sms` where (`id` = '1') limit 1

LogTime:2021-08-09 14:06:28
select * from `life_sms` where (`id` = '2') limit 1

LogTime:2021-08-09 14:08:09
------------------POST------/notice/test/test----------

LogTime:2021-08-09 14:08:09
{"a":"100","b":"99"}

LogTime:2021-08-09 14:08:09
select * from `life_sms` where (`id` = '1') limit 1

LogTime:2021-08-09 14:08:09
select * from `life_sms` where (`id` = '2') limit 1

LogTime:2021-08-09 14:08:09
select * from `life_sms` where (`id` = '1') limit 1

LogTime:2021-08-09 14:08:09
select * from `life_sms` where (`id` = '2') limit 1

LogTime:2021-08-09 14:08:09
select * from `life_sms` where (`id` = '1') limit 1

LogTime:2021-08-09 14:08:09
select * from `life_sms` where (`id` = '2') limit 1










LogTime:2021-08-09 14:08:28
------------------POST------/notice/test/test----------

LogTime:2021-08-09 14:08:28
{"a":"100","b":"99"}

LogTime:2021-08-09 14:08:28
select * from `life_sms` where (`id` = '1') limit 1

LogTime:2021-08-09 14:08:28
select * from `life_sms` where (`id` = '2') limit 1

LogTime:2021-08-09 14:08:28
select * from `life_sms` where (`id` = '1') limit 1

LogTime:2021-08-09 14:08:28
select * from `life_sms` where (`id` = '2') limit 1

LogTime:2021-08-09 14:08:28
select * from `life_sms` where (`id` = '1') limit 1

LogTime:2021-08-09 14:08:28
select * from `life_sms` where (`id` = '2') limit 1

LogTime:2021-08-09 14:08:39
------------------POST------/notice/test/test----------

LogTime:2021-08-09 14:08:39
{"a":"100","b":"99"}

LogTime:2021-08-09 14:08:39
select * from `life_sms` where (`id` = '1') limit 1

LogTime:2021-08-09 14:08:39
select * from `life_sms` where (`id` = '2') limit 1

LogTime:2021-08-09 14:08:39
select * from `life_sms` where (`id` = '1') limit 1

LogTime:2021-08-09 14:08:39
select * from `life_sms` where (`id` = '2') limit 1

LogTime:2021-08-09 14:08:39
select * from `life_sms` where (`id` = '1') limit 1

LogTime:2021-08-09 14:08:39
select * from `life_sms` where (`id` = '2') limit 1

LogTime:2021-08-09 14:08:57
------------------POST------/notice/test/test----------

LogTime:2021-08-09 14:08:57
{"a":"100","b":"99"}

LogTime:2021-08-09 14:08:57
select * from `life_sms` where (`id` = '1') limit 1

LogTime:2021-08-09 14:08:57
select * from `life_sms` where (`id` = '2') limit 1

LogTime:2021-08-09 14:08:57
select * from `life_sms` where (`id` = '1') limit 1

LogTime:2021-08-09 14:08:57
select * from `life_sms` where (`id` = '2') limit 1

LogTime:2021-08-09 14:08:57
select * from `life_sms` where (`id` = '1') limit 1

LogTime:2021-08-09 14:08:57
select * from `life_sms` where (`id` = '2') limit 1

LogTime:2021-08-09 14:09:39
------------------GET------/notice/test/test?tel=158889535623----------

LogTime:2021-08-09 14:09:39
[]

LogTime:2021-08-09 14:09:39
select * from `life_sms` where (`id` = '1') limit 1

LogTime:2021-08-09 14:09:39
select * from `life_sms` where (`id` = '2') limit 1

LogTime:2021-08-09 14:09:39
select * from `life_sms` where (`id` = '1') limit 1

LogTime:2021-08-09 14:09:39
select * from `life_sms` where (`id` = '2') limit 1

LogTime:2021-08-09 14:09:39
select * from `life_sms` where (`id` = '1') limit 1

LogTime:2021-08-09 14:09:39
select * from `life_sms` where (`id` = '2') limit 1

LogTime:2021-08-09 14:11:15
------------------POST------/notice/test/test----------

LogTime:2021-08-09 14:11:15
{"a":"100","b":"99"}

LogTime:2021-08-09 14:11:15
select * from `life_sms` where (`id` = '1') limit 1

LogTime:2021-08-09 14:11:15
select * from `life_sms` where (`id` = '2') limit 1

LogTime:2021-08-09 14:11:15
select * from `life_sms` where (`id` = '1') limit 1

LogTime:2021-08-09 14:11:15
select * from `life_sms` where (`id` = '2') limit 1

LogTime:2021-08-09 14:11:15
select * from `life_sms` where (`id` = '1') limit 1

LogTime:2021-08-09 14:11:15
select * from `life_sms` where (`id` = '2') limit 1

LogTime:2021-08-09 14:11:24
------------------POST------/notice/test/test----------

LogTime:2021-08-09 14:11:24
{"a":"100","b":"99"}

LogTime:2021-08-09 14:11:24
select * from `life_sms` where (`id` = '1') limit 1

LogTime:2021-08-09 14:11:24
select * from `life_sms` where (`id` = '2') limit 1

LogTime:2021-08-09 14:11:24
select * from `life_sms` where (`id` = '1') limit 1

LogTime:2021-08-09 14:11:24
select * from `life_sms` where (`id` = '2') limit 1

LogTime:2021-08-09 14:11:24
select * from `life_sms` where (`id` = '1') limit 1

LogTime:2021-08-09 14:11:24
select * from `life_sms` where (`id` = '2') limit 1

LogTime:2021-08-09 14:11:30
------------------POST------/notice/test/test----------

LogTime:2021-08-09 14:11:30
{"a":"100","b":"99"}

LogTime:2021-08-09 14:11:30
select * from `life_sms` where (`id` = '1') limit 1

LogTime:2021-08-09 14:11:30
select * from `life_sms` where (`id` = '2') limit 1

LogTime:2021-08-09 14:11:30
select * from `life_sms` where (`id` = '1') limit 1

LogTime:2021-08-09 14:11:30
select * from `life_sms` where (`id` = '2') limit 1

LogTime:2021-08-09 14:11:30
select * from `life_sms` where (`id` = '1') limit 1

LogTime:2021-08-09 14:11:30
select * from `life_sms` where (`id` = '2') limit 1

LogTime:2021-08-09 14:11:53
------------------GET------/notice/test/test?tel=158889535623----------

LogTime:2021-08-09 14:11:53
[]

LogTime:2021-08-09 14:11:53
select * from `life_sms` where (`id` = '1') limit 1

LogTime:2021-08-09 14:11:53
select * from `life_sms` where (`id` = '2') limit 1

LogTime:2021-08-09 14:11:53
select * from `life_sms` where (`id` = '1') limit 1

LogTime:2021-08-09 14:11:53
select * from `life_sms` where (`id` = '2') limit 1

LogTime:2021-08-09 14:11:53
select * from `life_sms` where (`id` = '1') limit 1

LogTime:2021-08-09 14:11:53
select * from `life_sms` where (`id` = '2') limit 1

LogTime:2021-08-09 14:14:15
------------------GET------/notice/test/test?tel=158889535623----------

LogTime:2021-08-09 14:14:15
[]

LogTime:2021-08-09 14:14:15
select * from `life_sms` where (`id` = '1') limit 1

LogTime:2021-08-09 14:14:15
select * from `life_sms` where (`id` = '2') limit 1

LogTime:2021-08-09 14:14:15
select * from `life_sms` where (`id` = '1') limit 1

LogTime:2021-08-09 14:14:15
select * from `life_sms` where (`id` = '2') limit 1

LogTime:2021-08-09 14:14:15
select * from `life_sms` where (`id` = '1') limit 1

LogTime:2021-08-09 14:14:15
select * from `life_sms` where (`id` = '2') limit 1

LogTime:2021-08-09 14:15:22    ------------------GET------/notice/test/test?tel=158889535623----------LogTime:2021-08-09 14:15:22    []LogTime:2021-08-09 14:15:22    select * from `life_sms` where (`id` = '1') limit 1LogTime:2021-08-09 14:15:22    select * from `life_sms` where (`id` = '2') limit 1LogTime:2021-08-09 14:15:22    select * from `life_sms` where (`id` = '1') limit 1LogTime:2021-08-09 14:15:22    select * from `life_sms` where (`id` = '2') limit 1LogTime:2021-08-09 14:15:22    select * from `life_sms` where (`id` = '1') limit 1LogTime:2021-08-09 14:15:22    select * from `life_sms` where (`id` = '2') limit 1LogTime:2021-08-09 14:15:55    ------------------GET------/notice/test/test?tel=158889535623----------
LogTime:2021-08-09 14:15:55    []
LogTime:2021-08-09 14:15:55    select * from `life_sms` where (`id` = '1') limit 1
LogTime:2021-08-09 14:15:55    select * from `life_sms` where (`id` = '2') limit 1
LogTime:2021-08-09 14:15:55    select * from `life_sms` where (`id` = '1') limit 1
LogTime:2021-08-09 14:15:55    select * from `life_sms` where (`id` = '2') limit 1
LogTime:2021-08-09 14:15:55    select * from `life_sms` where (`id` = '1') limit 1
LogTime:2021-08-09 14:15:55    select * from `life_sms` where (`id` = '2') limit 1
LogTime:2021-08-09 14:16:27    ------------------POST------/notice/test/test----------
LogTime:2021-08-09 14:16:27    {"a":"100","b":"99"}
LogTime:2021-08-09 14:16:27    select * from `life_sms` where (`id` = '1') limit 1
LogTime:2021-08-09 14:16:27    select * from `life_sms` where (`id` = '2') limit 1
LogTime:2021-08-09 14:16:27    select * from `life_sms` where (`id` = '1') limit 1
LogTime:2021-08-09 14:16:27    select * from `life_sms` where (`id` = '2') limit 1
LogTime:2021-08-09 14:16:27    select * from `life_sms` where (`id` = '1') limit 1
LogTime:2021-08-09 14:16:27    select * from `life_sms` where (`id` = '2') limit 1
LogTime:2021-08-09 14:16:45    ------------------GET------/notice/test/test?tel=158889535623----------
LogTime:2021-08-09 14:16:45    []
LogTime:2021-08-09 14:16:45    select * from `life_sms` where (`id` = '1') limit 1
LogTime:2021-08-09 14:16:45    select * from `life_sms` where (`id` = '2') limit 1
LogTime:2021-08-09 14:16:45    select * from `life_sms` where (`id` = '1') limit 1
LogTime:2021-08-09 14:16:45    select * from `life_sms` where (`id` = '2') limit 1
LogTime:2021-08-09 14:16:45    select * from `life_sms` where (`id` = '1') limit 1
LogTime:2021-08-09 14:16:45    select * from `life_sms` where (`id` = '2') limit 1
LogTime:2021-08-09 14:17:47    ------------------GET------/notice/test/test?tel=158889535623----------
LogTime:2021-08-09 14:17:47    []
LogTime:2021-08-09 14:17:47    select * from `life_sms` where (`id` = '1') limit 1
LogTime:2021-08-09 14:17:47    select * from `life_sms` where (`id` = '2') limit 1
LogTime:2021-08-09 14:17:47    select * from `life_sms` where (`id` = '1') limit 1
LogTime:2021-08-09 14:17:47    select * from `life_sms` where (`id` = '2') limit 1
LogTime:2021-08-09 14:17:47    select * from `life_sms` where (`id` = '1') limit 1
LogTime:2021-08-09 14:17:47    select * from `life_sms` where (`id` = '2') limit 1
LogTime:2021-08-09 14:18:05    ------------------POST------/notice/test/test----------
LogTime:2021-08-09 14:18:05    {"a":"100","b":"99"}
LogTime:2021-08-09 14:18:05    select * from `life_sms` where (`id` = '1') limit 1
LogTime:2021-08-09 14:18:05    select * from `life_sms` where (`id` = '2') limit 1
LogTime:2021-08-09 14:18:05    select * from `life_sms` where (`id` = '1') limit 1
LogTime:2021-08-09 14:18:05    select * from `life_sms` where (`id` = '2') limit 1
LogTime:2021-08-09 14:18:05    select * from `life_sms` where (`id` = '1') limit 1
LogTime:2021-08-09 14:18:05    select * from `life_sms` where (`id` = '2') limit 1
LogTime:2021-08-09 14:20:27    ------------------POST------/notice/test/test----------
LogTime:2021-08-09 14:20:27    {"a":"100","b":"99"}
LogTime:2021-08-09 14:20:27    select * from `life_sms` where (`id` = '1') limit 1
LogTime:2021-08-09 14:20:27    select * from `life_sms` where (`id` = '2') limit 1
LogTime:2021-08-09 14:20:27    select * from `life_sms` where (`id` = '1') limit 1
LogTime:2021-08-09 14:20:27    select * from `life_sms` where (`id` = '2') limit 1
LogTime:2021-08-09 14:20:27    select * from `life_sms` where (`id` = '1') limit 1
LogTime:2021-08-09 14:20:27    select * from `life_sms` where (`id` = '2') limit 1
LogTime:2021-08-09 14:20:41    ------------------GET------/notice/test/test?tel=158889535623----------
LogTime:2021-08-09 14:20:41    []
LogTime:2021-08-09 14:20:41    select * from `life_sms` where (`id` = '1') limit 1
LogTime:2021-08-09 14:20:41    select * from `life_sms` where (`id` = '2') limit 1
LogTime:2021-08-09 14:20:41    select * from `life_sms` where (`id` = '1') limit 1
LogTime:2021-08-09 14:20:41    select * from `life_sms` where (`id` = '2') limit 1
LogTime:2021-08-09 14:20:41    select * from `life_sms` where (`id` = '1') limit 1
LogTime:2021-08-09 14:20:41    select * from `life_sms` where (`id` = '2') limit 1
LogTime:2021-08-09 14:20:47    ------------------GET------/notice/test/test?tel=158889535623----------
LogTime:2021-08-09 14:20:47    []
LogTime:2021-08-09 14:20:47    select * from `life_sms` where (`id` = '1') limit 1
LogTime:2021-08-09 14:20:47    select * from `life_sms` where (`id` = '2') limit 1
LogTime:2021-08-09 14:20:47    select * from `life_sms` where (`id` = '1') limit 1
LogTime:2021-08-09 14:20:47    select * from `life_sms` where (`id` = '2') limit 1
LogTime:2021-08-09 14:20:47    select * from `life_sms` where (`id` = '1') limit 1
LogTime:2021-08-09 14:20:47    select * from `life_sms` where (`id` = '2') limit 1















LogTime:2021-08-09 14:21:53    ------------------POST------/notice/test/test----------
LogTime:2021-08-09 14:21:53    {"a":"100","b":"99"}
LogTime:2021-08-09 14:21:53    select * from `life_sms` where (`id` = '1') limit 1
LogTime:2021-08-09 14:21:53    select * from `life_sms` where (`id` = '2') limit 1
LogTime:2021-08-09 14:21:53    select * from `life_sms` where (`id` = '1') limit 1
LogTime:2021-08-09 14:21:53    select * from `life_sms` where (`id` = '2') limit 1
LogTime:2021-08-09 14:21:53    select * from `life_sms` where (`id` = '1') limit 1
LogTime:2021-08-09 14:21:53    select * from `life_sms` where (`id` = '2') limit 1
LogTime:2021-08-09 14:22:45    ------------------POST------/notice/test/test----------
LogTime:2021-08-09 14:22:45    {"a":"100","b":"99"}
LogTime:2021-08-09 14:22:45    select * from `life_sms` where (`id` = '1') limit 1
LogTime:2021-08-09 14:22:45    select * from `life_sms` where (`id` = '2') limit 1
LogTime:2021-08-09 14:22:45    select * from `life_sms` where (`id` = '1') limit 1
LogTime:2021-08-09 14:22:45    select * from `life_sms` where (`id` = '2') limit 1
LogTime:2021-08-09 14:22:45    select * from `life_sms` where (`id` = '1') limit 1
LogTime:2021-08-09 14:22:45    select * from `life_sms` where (`id` = '2') limit 1
LogTime:2021-08-09 14:22:51    ------------------GET------/notice/test/test?a=10&b=89&c=67&d=78----------
LogTime:2021-08-09 14:22:51    []
LogTime:2021-08-09 14:22:51    select * from `life_sms` where (`id` = '1') limit 1
LogTime:2021-08-09 14:22:51    select * from `life_sms` where (`id` = '2') limit 1
LogTime:2021-08-09 14:22:51    select * from `life_sms` where (`id` = '1') limit 1
LogTime:2021-08-09 14:22:51    select * from `life_sms` where (`id` = '2') limit 1
LogTime:2021-08-09 14:22:51    select * from `life_sms` where (`id` = '1') limit 1
LogTime:2021-08-09 14:22:51    select * from `life_sms` where (`id` = '2') limit 1
LogTime:2021-08-09 14:23:59    ------------------GET------/notice/test/test?a=10&b=89&c=67&d=78----------
LogTime:2021-08-09 14:23:59    []
LogTime:2021-08-09 14:23:59    select * from `life_sms` where (`id` = '1') limit 1
LogTime:2021-08-09 14:23:59    select * from `life_sms` where (`id` = '2') limit 1
LogTime:2021-08-09 14:23:59    select * from `life_sms` where (`id` = '1') limit 1
LogTime:2021-08-09 14:23:59    select * from `life_sms` where (`id` = '2') limit 1
LogTime:2021-08-09 14:23:59    select * from `life_sms` where (`id` = '1') limit 1
LogTime:2021-08-09 14:23:59    select * from `life_sms` where (`id` = '2') limit 1

LogTime:2021-08-09 14:24:17    ------------------GET------/notice/test/test?a=10&b=89&c=67&d=78----------
LogTime:2021-08-09 14:24:17    []
LogTime:2021-08-09 14:24:17    select * from `life_sms` where (`id` = '1') limit 1
LogTime:2021-08-09 14:24:17    select * from `life_sms` where (`id` = '2') limit 1
LogTime:2021-08-09 14:24:17    select * from `life_sms` where (`id` = '1') limit 1
LogTime:2021-08-09 14:24:17    select * from `life_sms` where (`id` = '2') limit 1
LogTime:2021-08-09 14:24:17    select * from `life_sms` where (`id` = '1') limit 1
LogTime:2021-08-09 14:24:17    select * from `life_sms` where (`id` = '2') limit 1
LogTime:2021-08-09 14:24:23    ------------------GET------/notice/test/test?a=10&b=89&c=67&d=78----------
LogTime:2021-08-09 14:24:23    []
LogTime:2021-08-09 14:24:23    select * from `life_sms` where (`id` = '1') limit 1
LogTime:2021-08-09 14:24:23    select * from `life_sms` where (`id` = '2') limit 1
LogTime:2021-08-09 14:24:23    select * from `life_sms` where (`id` = '1') limit 1
LogTime:2021-08-09 14:24:23    select * from `life_sms` where (`id` = '2') limit 1
LogTime:2021-08-09 14:24:23    select * from `life_sms` where (`id` = '1') limit 1
LogTime:2021-08-09 14:24:23    select * from `life_sms` where (`id` = '2') limit 1
LogTime:2021-08-09 14:24:47    ------------------GET------/notice/test/test?a=10&b=89&c=67&d=5748957894----------
LogTime:2021-08-09 14:24:47    []
LogTime:2021-08-09 14:24:47    select * from `life_sms` where (`id` = '1') limit 1
LogTime:2021-08-09 14:24:47    select * from `life_sms` where (`id` = '2') limit 1
LogTime:2021-08-09 14:24:47    select * from `life_sms` where (`id` = '1') limit 1
LogTime:2021-08-09 14:24:47    select * from `life_sms` where (`id` = '2') limit 1
LogTime:2021-08-09 14:24:47    select * from `life_sms` where (`id` = '1') limit 1
LogTime:2021-08-09 14:24:47    select * from `life_sms` where (`id` = '2') limit 1
LogTime:2021-08-09 14:25:09    ------------------POST------/notice/test/test----------
LogTime:2021-08-09 14:25:09    {"a":"100","b":"99"}
LogTime:2021-08-09 14:25:09    select * from `life_sms` where (`id` = '1') limit 1
LogTime:2021-08-09 14:25:09    select * from `life_sms` where (`id` = '2') limit 1
LogTime:2021-08-09 14:25:09    select * from `life_sms` where (`id` = '1') limit 1
LogTime:2021-08-09 14:25:09    select * from `life_sms` where (`id` = '2') limit 1
LogTime:2021-08-09 14:25:09    select * from `life_sms` where (`id` = '1') limit 1
LogTime:2021-08-09 14:25:09    select * from `life_sms` where (`id` = '2') limit 1
LogTime:2021-08-09 14:25:19    ------------------GET------/notice/test/test?a=10&b=89&c=67&d=5748957894----------
LogTime:2021-08-09 14:25:19    []
LogTime:2021-08-09 14:25:19    select * from `life_sms` where (`id` = '1') limit 1
LogTime:2021-08-09 14:25:19    select * from `life_sms` where (`id` = '2') limit 1
LogTime:2021-08-09 14:25:19    select * from `life_sms` where (`id` = '1') limit 1
LogTime:2021-08-09 14:25:19    select * from `life_sms` where (`id` = '2') limit 1
LogTime:2021-08-09 14:25:19    select * from `life_sms` where (`id` = '1') limit 1
LogTime:2021-08-09 14:25:19    select * from `life_sms` where (`id` = '2') limit 1
LogTime:2021-08-09 14:25:35    ------------------GET------/notice/test/test?a=10&b=89&c=67&d=5748957894----------
LogTime:2021-08-09 14:25:35    []
LogTime:2021-08-09 14:25:35    select * from `life_sms` where (`id` = '1') limit 1
LogTime:2021-08-09 14:25:35    select * from `life_sms` where (`id` = '2') limit 1
LogTime:2021-08-09 14:25:35    select * from `life_sms` where (`id` = '1') limit 1
LogTime:2021-08-09 14:25:35    select * from `life_sms` where (`id` = '2') limit 1
LogTime:2021-08-09 14:25:35    select * from `life_sms` where (`id` = '1') limit 1
LogTime:2021-08-09 14:25:35    select * from `life_sms` where (`id` = '2') limit 1
LogTime:2021-08-09 14:25:47    ------------------GET------/notice/test/test?a=10&b=89&c=67&d=5748957894----------
LogTime:2021-08-09 14:25:47    []
LogTime:2021-08-09 14:25:47    select * from `life_sms` where (`id` = '1') limit 1
LogTime:2021-08-09 14:25:47    select * from `life_sms` where (`id` = '2') limit 1
LogTime:2021-08-09 14:25:47    select * from `life_sms` where (`id` = '1') limit 1
LogTime:2021-08-09 14:25:47    select * from `life_sms` where (`id` = '2') limit 1
LogTime:2021-08-09 14:25:47    select * from `life_sms` where (`id` = '1') limit 1
LogTime:2021-08-09 14:25:47    select * from `life_sms` where (`id` = '2') limit 1
LogTime:2021-08-09 14:26:01    ------------------POST------/notice/test/test----------
LogTime:2021-08-09 14:26:01    {"a":"100","b":"99"}
LogTime:2021-08-09 14:26:01    select * from `life_sms` where (`id` = '1') limit 1
LogTime:2021-08-09 14:26:01    select * from `life_sms` where (`id` = '2') limit 1
LogTime:2021-08-09 14:26:01    select * from `life_sms` where (`id` = '1') limit 1
LogTime:2021-08-09 14:26:01    select * from `life_sms` where (`id` = '2') limit 1
LogTime:2021-08-09 14:26:01    select * from `life_sms` where (`id` = '1') limit 1
LogTime:2021-08-09 14:26:01    select * from `life_sms` where (`id` = '2') limit 1
LogTime:2021-08-09 14:27:23    ------------------GET------/notice/test/test?a=10&b=89&c=67&d=5748957894----------
LogTime:2021-08-09 14:27:23    []
LogTime:2021-08-09 14:27:23    select * from `life_sms` where (`id` = '1') limit 1
LogTime:2021-08-09 14:27:23    select * from `life_sms` where (`id` = '2') limit 1
LogTime:2021-08-09 14:27:23    select * from `life_sms` where (`id` = '1') limit 1
LogTime:2021-08-09 14:27:23    select * from `life_sms` where (`id` = '2') limit 1
LogTime:2021-08-09 14:27:23    select * from `life_sms` where (`id` = '1') limit 1
LogTime:2021-08-09 14:27:23    select * from `life_sms` where (`id` = '2') limit 1
LogTime:2021-08-09 14:30:25    ------------------POST------/notice/test/test----------
LogTime:2021-08-09 14:30:25    {"a":"100","b":"99"}
LogTime:2021-08-09 14:30:25    select * from `life_sms` where (`id` = '1') limit 1
LogTime:2021-08-09 14:30:25    select * from `life_sms` where (`id` = '2') limit 1
LogTime:2021-08-09 14:30:25    select * from `life_sms` where (`id` = '1') limit 1
LogTime:2021-08-09 14:30:25    select * from `life_sms` where (`id` = '2') limit 1
LogTime:2021-08-09 14:30:25    select * from `life_sms` where (`id` = '1') limit 1
LogTime:2021-08-09 14:30:25    select * from `life_sms` where (`id` = '2') limit 1
LogTime:2021-08-09 14:30:35    ------------------POST------/notice/test/test----------
LogTime:2021-08-09 14:30:35    {"a":"100","b":"99"}
LogTime:2021-08-09 14:30:35    select * from `life_sms` where (`id` = '1') limit 1
LogTime:2021-08-09 14:30:35    select * from `life_sms` where (`id` = '2') limit 1
LogTime:2021-08-09 14:30:35    select * from `life_sms` where (`id` = '1') limit 1
LogTime:2021-08-09 14:30:35    select * from `life_sms` where (`id` = '2') limit 1
LogTime:2021-08-09 14:30:35    select * from `life_sms` where (`id` = '1') limit 1
LogTime:2021-08-09 14:30:35    select * from `life_sms` where (`id` = '2') limit 1
















LogTime:2021-08-09 14:30:49    ------------------POST------/notice/test/test----------
LogTime:2021-08-09 14:30:49    {"a":"100","b":"99"}
LogTime:2021-08-09 14:30:49    select * from `life_sms` where (`id` = '1') limit 1
LogTime:2021-08-09 14:30:49    select * from `life_sms` where (`id` = '2') limit 1
LogTime:2021-08-09 14:30:49    select * from `life_sms` where (`id` = '1') limit 1
LogTime:2021-08-09 14:30:49    select * from `life_sms` where (`id` = '2') limit 1
LogTime:2021-08-09 14:30:49    select * from `life_sms` where (`id` = '1') limit 1
LogTime:2021-08-09 14:30:49    select * from `life_sms` where (`id` = '2') limit 1
LogTime:2021-08-09 14:31:09    ------------------GET------/notice/test/test?a=10&b=89&c=67&d=5748957894----------
LogTime:2021-08-09 14:31:09    []
LogTime:2021-08-09 14:31:09    select * from `life_sms` where (`id` = '1') limit 1
LogTime:2021-08-09 14:31:09    select * from `life_sms` where (`id` = '2') limit 1
LogTime:2021-08-09 14:31:09    select * from `life_sms` where (`id` = '1') limit 1
LogTime:2021-08-09 14:31:09    select * from `life_sms` where (`id` = '2') limit 1
LogTime:2021-08-09 14:31:09    select * from `life_sms` where (`id` = '1') limit 1
LogTime:2021-08-09 14:31:09    select * from `life_sms` where (`id` = '2') limit 1
LogTime:2021-08-09 14:31:17    ------------------POST------/notice/test/test----------
LogTime:2021-08-09 14:31:17    {"a":"100","b":"99"}
LogTime:2021-08-09 14:31:17    select * from `life_sms` where (`id` = '1') limit 1
LogTime:2021-08-09 14:31:17    select * from `life_sms` where (`id` = '2') limit 1
LogTime:2021-08-09 14:31:17    select * from `life_sms` where (`id` = '1') limit 1
LogTime:2021-08-09 14:31:17    select * from `life_sms` where (`id` = '2') limit 1
LogTime:2021-08-09 14:31:17    select * from `life_sms` where (`id` = '1') limit 1
LogTime:2021-08-09 14:31:17    select * from `life_sms` where (`id` = '2') limit 1
LogTime:2021-08-09 14:31:27    ------------------POST------/notice/test/test----------
LogTime:2021-08-09 14:31:27    {"a":"100","b":"99"}
LogTime:2021-08-09 14:31:27    select * from `life_sms` where (`id` = '1') limit 1
LogTime:2021-08-09 14:31:27    select * from `life_sms` where (`id` = '2') limit 1
LogTime:2021-08-09 14:31:27    select * from `life_sms` where (`id` = '1') limit 1
LogTime:2021-08-09 14:31:27    select * from `life_sms` where (`id` = '2') limit 1
LogTime:2021-08-09 14:31:27    select * from `life_sms` where (`id` = '1') limit 1
LogTime:2021-08-09 14:31:27    select * from `life_sms` where (`id` = '2') limit 1




















LogTime:2021-08-09 14:32:06    ------------------GET------/notice/test/test?a=10&b=89&c=67&d=5748957894----------
LogTime:2021-08-09 14:32:06    []
LogTime:2021-08-09 14:32:06    select * from `life_sms` where (`id` = '1') limit 1
LogTime:2021-08-09 14:32:06    select * from `life_sms` where (`id` = '2') limit 1
LogTime:2021-08-09 14:32:06    select * from `life_sms` where (`id` = '1') limit 1
LogTime:2021-08-09 14:32:06    select * from `life_sms` where (`id` = '2') limit 1
LogTime:2021-08-09 14:32:06    select * from `life_sms` where (`id` = '1') limit 1
LogTime:2021-08-09 14:32:06    select * from `life_sms` where (`id` = '2') limit 1














LogTime:2021-08-09 14:33:04    ------------------GET------/notice/test/test?a=10&b=89&c=67&d=5748957894----------
LogTime:2021-08-09 14:33:04    []
LogTime:2021-08-09 14:33:04    select * from `life_sms` where (`id` = '1') limit 1
LogTime:2021-08-09 14:33:04    select * from `life_sms` where (`id` = '2') limit 1
LogTime:2021-08-09 14:33:04    select * from `life_sms` where (`id` = '1') limit 1
LogTime:2021-08-09 14:33:04    select * from `life_sms` where (`id` = '2') limit 1
LogTime:2021-08-09 14:33:04    select * from `life_sms` where (`id` = '1') limit 1
LogTime:2021-08-09 14:33:04    select * from `life_sms` where (`id` = '2') limit 1
























LogTime:2021-08-09 14:33:16    ------------------POST------/notice/test/test----------
LogTime:2021-08-09 14:33:16    {"a":"100","b":"99"}
LogTime:2021-08-09 14:33:16    select * from `life_sms` where (`id` = '1') limit 1
LogTime:2021-08-09 14:33:16    select * from `life_sms` where (`id` = '2') limit 1
LogTime:2021-08-09 14:33:16    select * from `life_sms` where (`id` = '1') limit 1
LogTime:2021-08-09 14:33:16    select * from `life_sms` where (`id` = '2') limit 1
LogTime:2021-08-09 14:33:16    select * from `life_sms` where (`id` = '1') limit 1
LogTime:2021-08-09 14:33:16    select * from `life_sms` where (`id` = '2') limit 1
LogTime:2021-08-09 14:35:47    ------------------GET------/notice/test/test?a=10&b=89&c=67&d=5748957894----------
LogTime:2021-08-09 14:35:47    []
LogTime:2021-08-09 14:35:47    select * from `life_sms` where (`id` = '1') limit 1
LogTime:2021-08-09 14:35:47    select * from `life_sms` where (`id` = '2') limit 1
LogTime:2021-08-09 14:35:47    select * from `life_sms` where (`id` = '1') limit 1
LogTime:2021-08-09 14:35:47    select * from `life_sms` where (`id` = '2') limit 1
LogTime:2021-08-09 14:35:47    select * from `life_sms` where (`id` = '1') limit 1
LogTime:2021-08-09 14:35:47    select * from `life_sms` where (`id` = '2') limit 1
LogTime:2021-08-09 14:36:48    ------------------GET------/notice/test/test?a=10&b=89&c=67&d=5748957894----------
LogTime:2021-08-09 14:36:48    []
LogTime:2021-08-09 14:36:48    select * from `life_sms` where (`id` = '1') limit 1
LogTime:2021-08-09 14:36:48    select * from `life_sms` where (`id` = '2') limit 1
LogTime:2021-08-09 14:36:48    select * from `life_sms` where (`id` = '1') limit 1
LogTime:2021-08-09 14:36:48    select * from `life_sms` where (`id` = '2') limit 1
LogTime:2021-08-09 14:36:48    select * from `life_sms` where (`id` = '1') limit 1
LogTime:2021-08-09 14:36:48    select * from `life_sms` where (`id` = '2') limit 1
LogTime:2021-08-09 14:37:42    ------------------POST------/notice/test/test----------
LogTime:2021-08-09 14:37:42    {"a":"100","b":"99"}
LogTime:2021-08-09 14:37:42    select * from `life_sms` where (`id` = '1') limit 1
LogTime:2021-08-09 14:37:42    select * from `life_sms` where (`id` = '2') limit 1
LogTime:2021-08-09 14:37:42    select * from `life_sms` where (`id` = '1') limit 1
LogTime:2021-08-09 14:37:42    select * from `life_sms` where (`id` = '2') limit 1
LogTime:2021-08-09 14:37:42    select * from `life_sms` where (`id` = '1') limit 1
LogTime:2021-08-09 14:37:42    select * from `life_sms` where (`id` = '2') limit 1
LogTime:2021-08-09 14:38:58    ------------------POST------/notice/test/test----------
LogTime:2021-08-09 14:38:58    {"a":"100","b":"99"}
LogTime:2021-08-09 14:38:58    select * from `life_sms` where (`id` = '1') limit 1
LogTime:2021-08-09 14:38:58    select * from `life_sms` where (`id` = '2') limit 1
LogTime:2021-08-09 14:38:58    select * from `life_sms` where (`id` = '1') limit 1
LogTime:2021-08-09 14:38:58    select * from `life_sms` where (`id` = '2') limit 1
LogTime:2021-08-09 14:38:58    select * from `life_sms` where (`id` = '1') limit 1
LogTime:2021-08-09 14:38:58    select * from `life_sms` where (`id` = '2') limit 1
LogTime:2021-08-09 14:39:05    ------------------POST------/notice/test/test----------
LogTime:2021-08-09 14:39:05    {"a":"100","b":"99"}
LogTime:2021-08-09 14:39:05    select * from `life_sms` where (`id` = '1') limit 1
LogTime:2021-08-09 14:39:05    select * from `life_sms` where (`id` = '2') limit 1
LogTime:2021-08-09 14:39:05    select * from `life_sms` where (`id` = '1') limit 1
LogTime:2021-08-09 14:39:05    select * from `life_sms` where (`id` = '2') limit 1
LogTime:2021-08-09 14:39:05    select * from `life_sms` where (`id` = '1') limit 1
LogTime:2021-08-09 14:39:05    select * from `life_sms` where (`id` = '2') limit 1
LogTime:2021-08-09 14:39:17    ------------------GET------/notice/test/test?a=10&b=89&c=67&d=5748957894----------
LogTime:2021-08-09 14:39:17    []
LogTime:2021-08-09 14:39:18    select * from `life_sms` where (`id` = '1') limit 1
LogTime:2021-08-09 14:39:18    select * from `life_sms` where (`id` = '2') limit 1
LogTime:2021-08-09 14:39:18    select * from `life_sms` where (`id` = '1') limit 1
LogTime:2021-08-09 14:39:18    select * from `life_sms` where (`id` = '2') limit 1
LogTime:2021-08-09 14:39:18    select * from `life_sms` where (`id` = '1') limit 1
LogTime:2021-08-09 14:39:18    select * from `life_sms` where (`id` = '2') limit 1
LogTime:2021-08-09 14:40:14    ------------------GET------/notice/test/test?a=10&b=89&c=67&d=5748957894----------
LogTime:2021-08-09 14:40:14    []
LogTime:2021-08-09 14:40:14    select * from `life_sms` where (`id` = '1') limit 1
LogTime:2021-08-09 14:40:14    select * from `life_sms` where (`id` = '2') limit 1
LogTime:2021-08-09 14:40:14    select * from `life_sms` where (`id` = '1') limit 1
LogTime:2021-08-09 14:40:14    select * from `life_sms` where (`id` = '2') limit 1
LogTime:2021-08-09 14:40:14    select * from `life_sms` where (`id` = '1') limit 1
LogTime:2021-08-09 14:40:14    select * from `life_sms` where (`id` = '2') limit 1
LogTime:2021-08-09 14:40:43    ------------------POST------/notice/test/test----------
LogTime:2021-08-09 14:40:43    {"a":"100","b":"99"}
LogTime:2021-08-09 14:40:43    select * from `life_sms` where (`id` = '1') limit 1
LogTime:2021-08-09 14:40:43    select * from `life_sms` where (`id` = '2') limit 1
LogTime:2021-08-09 14:40:43    select * from `life_sms` where (`id` = '1') limit 1
LogTime:2021-08-09 14:40:43    select * from `life_sms` where (`id` = '2') limit 1
LogTime:2021-08-09 14:40:43    select * from `life_sms` where (`id` = '1') limit 1
LogTime:2021-08-09 14:40:43    select * from `life_sms` where (`id` = '2') limit 1
LogTime:2021-08-09 14:41:33    ------------------POST------/notice/test/test----------
LogTime:2021-08-09 14:41:33    {"a":"100","b":"99"}
LogTime:2021-08-09 14:41:33    select * from `life_sms` where (`id` = '1') limit 1
LogTime:2021-08-09 14:41:33    select * from `life_sms` where (`id` = '2') limit 1
LogTime:2021-08-09 14:41:33    select * from `life_sms` where (`id` = '1') limit 1
LogTime:2021-08-09 14:41:33    select * from `life_sms` where (`id` = '2') limit 1
LogTime:2021-08-09 14:41:33    select * from `life_sms` where (`id` = '1') limit 1
LogTime:2021-08-09 14:41:33    select * from `life_sms` where (`id` = '2') limit 1
LogTime:2021-08-09 14:41:33    select * from `life_sms` where (`id` = '1') limit 1
LogTime:2021-08-09 14:41:33    select * from `life_sms` where (`id` = '2') limit 1
LogTime:2021-08-09 14:41:33    select * from `life_sms` where (`id` = '1') limit 1
LogTime:2021-08-09 14:41:33    select * from `life_sms` where (`id` = '2') limit 1
LogTime:2021-08-09 14:41:33    select * from `life_sms` where (`id` = '1') limit 1
LogTime:2021-08-09 14:41:33    select * from `life_sms` where (`id` = '2') limit 1
LogTime:2021-08-09 14:41:33    select * from `life_sms` where (`id` = '1') limit 1
LogTime:2021-08-09 14:41:33    select * from `life_sms` where (`id` = '2') limit 1
LogTime:2021-08-09 14:41:33    select * from `life_sms` where (`id` = '1') limit 1
LogTime:2021-08-09 14:41:33    select * from `life_sms` where (`id` = '2') limit 1
LogTime:2021-08-09 14:41:33    select * from `life_sms` where (`id` = '1') limit 1
LogTime:2021-08-09 14:41:33    select * from `life_sms` where (`id` = '2') limit 1
LogTime:2021-08-09 14:41:43    ------------------GET------/notice/test/test?a=10&b=89&c=67&d=5748957894----------
LogTime:2021-08-09 14:41:43    []
LogTime:2021-08-09 14:41:43    select * from `life_sms` where (`id` = '1') limit 1
LogTime:2021-08-09 14:41:43    select * from `life_sms` where (`id` = '2') limit 1
LogTime:2021-08-09 14:41:43    select * from `life_sms` where (`id` = '1') limit 1
LogTime:2021-08-09 14:41:43    select * from `life_sms` where (`id` = '2') limit 1
LogTime:2021-08-09 14:41:43    select * from `life_sms` where (`id` = '1') limit 1
LogTime:2021-08-09 14:41:43    select * from `life_sms` where (`id` = '2') limit 1
LogTime:2021-08-09 14:41:43    select * from `life_sms` where (`id` = '1') limit 1
LogTime:2021-08-09 14:41:43    select * from `life_sms` where (`id` = '2') limit 1
LogTime:2021-08-09 14:41:43    select * from `life_sms` where (`id` = '1') limit 1
LogTime:2021-08-09 14:41:43    select * from `life_sms` where (`id` = '2') limit 1
LogTime:2021-08-09 14:41:43    select * from `life_sms` where (`id` = '1') limit 1
LogTime:2021-08-09 14:41:43    select * from `life_sms` where (`id` = '2') limit 1
LogTime:2021-08-09 14:41:43    select * from `life_sms` where (`id` = '1') limit 1
LogTime:2021-08-09 14:41:43    select * from `life_sms` where (`id` = '2') limit 1
LogTime:2021-08-09 14:41:43    select * from `life_sms` where (`id` = '1') limit 1
LogTime:2021-08-09 14:41:43    select * from `life_sms` where (`id` = '2') limit 1
LogTime:2021-08-09 14:41:43    select * from `life_sms` where (`id` = '1') limit 1
LogTime:2021-08-09 14:41:43    select * from `life_sms` where (`id` = '2') limit 1
LogTime:2021-08-09 15:31:02    ------------------GET------/notice/test/test?a=10&b=89&c=67&d=5748957894----------
LogTime:2021-08-09 15:31:02    []
LogTime:2021-08-09 15:31:02    select * from `life_sms` where (`id` = '1') limit 1
LogTime:2021-08-09 15:31:02    select * from `life_sms` where (`id` = '2') limit 1
LogTime:2021-08-09 15:31:02    select * from `life_sms` where (`id` = '1') limit 1
LogTime:2021-08-09 15:31:02    select * from `life_sms` where (`id` = '2') limit 1
LogTime:2021-08-09 15:31:02    select * from `life_sms` where (`id` = '1') limit 1
LogTime:2021-08-09 15:31:02    select * from `life_sms` where (`id` = '2') limit 1
LogTime:2021-08-09 15:31:02    select * from `life_sms` where (`id` = '1') limit 1
LogTime:2021-08-09 15:31:02    select * from `life_sms` where (`id` = '2') limit 1
LogTime:2021-08-09 15:31:02    select * from `life_sms` where (`id` = '1') limit 1
LogTime:2021-08-09 15:31:02    select * from `life_sms` where (`id` = '2') limit 1
LogTime:2021-08-09 15:31:02    select * from `life_sms` where (`id` = '1') limit 1
LogTime:2021-08-09 15:31:02    select * from `life_sms` where (`id` = '2') limit 1
LogTime:2021-08-09 15:31:02    select * from `life_sms` where (`id` = '1') limit 1
LogTime:2021-08-09 15:31:02    select * from `life_sms` where (`id` = '2') limit 1
LogTime:2021-08-09 15:31:02    select * from `life_sms` where (`id` = '1') limit 1
LogTime:2021-08-09 15:31:02    select * from `life_sms` where (`id` = '2') limit 1
LogTime:2021-08-09 15:31:02    select * from `life_sms` where (`id` = '1') limit 1
LogTime:2021-08-09 15:31:02    select * from `life_sms` where (`id` = '2') limit 1
LogTime:2021-08-09 15:33:36    ------------------GET------/notice/test/test?a=10&b=89&c=67&d=5748957894----------
LogTime:2021-08-09 15:33:36    []
LogTime:2021-08-09 15:33:36    select * from `life_sms` where (`id` = '1') limit 1
LogTime:2021-08-09 15:33:36    select * from `life_sms` where (`id` = '2') limit 1
LogTime:2021-08-09 15:33:36    select * from `life_sms` where (`id` = '1') limit 1
LogTime:2021-08-09 15:33:36    select * from `life_sms` where (`id` = '2') limit 1
LogTime:2021-08-09 15:33:36    select * from `life_sms` where (`id` = '1') limit 1
LogTime:2021-08-09 15:33:36    select * from `life_sms` where (`id` = '2') limit 1
LogTime:2021-08-09 15:33:36    select * from `life_sms` where (`id` = '1') limit 1
LogTime:2021-08-09 15:33:36    select * from `life_sms` where (`id` = '2') limit 1
LogTime:2021-08-09 15:33:36    select * from `life_sms` where (`id` = '1') limit 1
LogTime:2021-08-09 15:33:36    select * from `life_sms` where (`id` = '2') limit 1
LogTime:2021-08-09 15:33:36    select * from `life_sms` where (`id` = '1') limit 1
LogTime:2021-08-09 15:33:36    select * from `life_sms` where (`id` = '2') limit 1
LogTime:2021-08-09 15:33:36    select * from `life_sms` where (`id` = '1') limit 1
LogTime:2021-08-09 15:33:36    select * from `life_sms` where (`id` = '2') limit 1
LogTime:2021-08-09 15:33:36    select * from `life_sms` where (`id` = '1') limit 1
LogTime:2021-08-09 15:33:36    select * from `life_sms` where (`id` = '2') limit 1
LogTime:2021-08-09 15:33:36    select * from `life_sms` where (`id` = '1') limit 1
LogTime:2021-08-09 15:33:36    select * from `life_sms` where (`id` = '2') limit 1
LogTime:2021-08-09 15:37:12    ------------------GET------/notice/test/test?a=10&b=89&c=67&d=5748957894----------
LogTime:2021-08-09 15:37:12    []
LogTime:2021-08-09 15:37:12    select * from `life_sms` where (`id` = '1') limit 1
LogTime:2021-08-09 15:37:12    select * from `life_sms` where (`id` = '2') limit 1
LogTime:2021-08-09 15:39:25    ------------------GET------/notice/test/test?a=10&b=89&c=67&d=5748957894----------
LogTime:2021-08-09 15:39:25    []
LogTime:2021-08-09 15:39:25    select * from `life_sms` where (`id` = '1') limit 1
LogTime:2021-08-09 15:39:25    select * from `life_sms` where (`id` = '2') limit 1
LogTime:2021-08-09 15:43:16    ------------------GET------/notice/test/test?a=10&b=89&c=67&d=5748957894----------
LogTime:2021-08-09 15:43:16    []
LogTime:2021-08-09 15:43:16    select * from `life_sms` where (`id` = '1') limit 1
LogTime:2021-08-09 15:43:16    select * from `life_sms` where (`id` = '2') limit 1
LogTime:2021-08-09 15:44:53    ------------------GET------/notice/test/test?a=10&b=89&c=67&d=5748957894----------
LogTime:2021-08-09 15:44:53    []
LogTime:2021-08-09 15:44:53    select * from `life_sms` where (`id` = '1') limit 1
LogTime:2021-08-09 15:44:53    select * from `life_sms` where (`id` = '2') limit 1
LogTime:2021-08-09 15:45:48    ------------------POST------/notice/test/test----------
LogTime:2021-08-09 15:45:48    {"a":"100","b":"99"}
LogTime:2021-08-09 15:45:48    select * from `life_sms` where (`id` = '1') limit 1
LogTime:2021-08-09 15:45:48    select * from `life_sms` where (`id` = '2') limit 1
LogTime:2021-08-09 15:48:31    ------------------POST------/notice/test/test----------
LogTime:2021-08-09 15:48:31    {"a":"100","b":"99"}
LogTime:2021-08-09 15:48:31    select * from `life_sms` where (`id` = '1') limit 1
LogTime:2021-08-09 15:48:31    select * from `life_sms` where (`id` = '2') limit 1
LogTime:2021-08-09 15:49:11    ------------------POST------/notice/test/test----------
LogTime:2021-08-09 15:49:11    {"a":"100","b":"99"}
LogTime:2021-08-09 15:49:11    select * from `life_sms` where (`id` = '1') limit 1
LogTime:2021-08-09 15:49:11    select * from `life_sms` where (`id` = '2') limit 1
LogTime:2021-08-09 15:50:59    ------------------POST------/notice/test/test----------
LogTime:2021-08-09 15:50:59    {"a":"100","b":"99"}
LogTime:2021-08-09 15:50:59    select * from `life_sms` where (`id` = '1') limit 1
LogTime:2021-08-09 15:50:59    select * from `life_sms` where (`id` = '2') limit 1
LogTime:2021-08-09 15:51:29    ------------------POST------/notice/test/test----------
LogTime:2021-08-09 15:51:29    {"a":"100","b":"99"}
LogTime:2021-08-09 15:51:29    select * from `life_sms` where (`id` = '1') limit 1
LogTime:2021-08-09 15:51:29    select * from `life_sms` where (`id` = '2') limit 1
LogTime:2021-08-09 15:51:43    ------------------POST------/notice/test/test----------
LogTime:2021-08-09 15:51:43    {"a":"100","b":"99"}
LogTime:2021-08-09 15:51:43    select * from `life_sms` where (`id` = '1') limit 1
LogTime:2021-08-09 15:51:43    select * from `life_sms` where (`id` = '2') limit 1
LogTime:2021-08-09 15:52:01    ------------------GET------/notice/test/test?a=10&b=89&c=67&d=5748957894----------
LogTime:2021-08-09 15:52:01    []
LogTime:2021-08-09 15:52:01    select * from `life_sms` where (`id` = '1') limit 1
LogTime:2021-08-09 15:52:01    select * from `life_sms` where (`id` = '2') limit 1
LogTime:2021-08-09 15:59:45    ------------------GET------/notice/test/test?a=10&b=89&c=67&d=5748957894----------
LogTime:2021-08-09 15:59:45    []
LogTime:2021-08-09 15:59:45    select * from `life_sms` where (`id` = '1') limit 1
LogTime:2021-08-09 15:59:45    select * from `life_sms` where (`id` = '2') limit 1
LogTime:2021-08-09 16:37:31    ------------------GET------/notice/test/test?a=10&b=89&c=67&d=5748957894----------
LogTime:2021-08-09 16:37:31    []
LogTime:2021-08-09 16:37:31    select * from `life_sms` where (`id` = '1') limit 1
LogTime:2021-08-09 16:37:31    select * from `life_sms` where (`id` = '2') limit 1
LogTime:2021-08-09 16:37:54    ------------------GET------/notice/test/test?a=10&b=89&c=67&d=5748957894----------
LogTime:2021-08-09 16:37:54    []
LogTime:2021-08-09 16:37:54    select * from `life_sms` where (`id` = '1') limit 1
LogTime:2021-08-09 16:37:54    select * from `life_sms` where (`id` = '2') limit 1
LogTime:2021-08-09 16:38:42    ------------------GET------/notice/test/test?a=10&b=89&c=67&d=5748957894----------
LogTime:2021-08-09 16:38:42    []
LogTime:2021-08-09 16:38:42    select * from `life_sms` where (`id` = '1') limit 1
LogTime:2021-08-09 16:38:42    select * from `life_sms` where (`id` = '2') limit 1
LogTime:2021-08-09 16:38:58    ------------------GET------/notice/test/test?a=10&b=89&c=67&d=5748957894----------
LogTime:2021-08-09 16:38:58    []
LogTime:2021-08-09 16:38:58    select * from `life_sms` where (`id` = '1') limit 1
LogTime:2021-08-09 16:38:58    select * from `life_sms` where (`id` = '2') limit 1
LogTime:2021-08-09 16:39:04    ------------------GET------/notice/test/test?a=10&b=89&c=67&d=5748957894----------
LogTime:2021-08-09 16:39:04    []
LogTime:2021-08-09 16:39:04    select * from `life_sms` where (`id` = '1') limit 1
LogTime:2021-08-09 16:39:04    select * from `life_sms` where (`id` = '2') limit 1
LogTime:2021-08-09 16:39:53    ------------------GET------/notice/test/test?a=10&b=89&c=67&d=5748957894----------
LogTime:2021-08-09 16:39:53    []
LogTime:2021-08-09 16:39:53    select * from `life_sms` where (`id` = '1') limit 1
LogTime:2021-08-09 16:39:53    select * from `life_sms` where (`id` = '2') limit 1
LogTime:2021-08-09 16:40:15    ------------------GET------/notice/test/test?a=10&b=89&c=67&d=5748957894----------
LogTime:2021-08-09 16:40:15    []
LogTime:2021-08-09 16:40:15    select * from `life_sms` where (`id` = '1') limit 1
LogTime:2021-08-09 16:40:15    select * from `life_sms` where (`id` = '2') limit 1
LogTime:2021-08-09 16:46:40    ------------------GET------/notice/test/test?a=10&b=89&c=67&d=5748957894----------
LogTime:2021-08-09 16:46:40    []
LogTime:2021-08-09 16:46:40    select * from `life_sms` where (`id` = '1') limit 1
LogTime:2021-08-09 16:46:40    select * from `life_sms` where (`id` = '2') limit 1
LogTime:2021-08-09 16:49:36    ------------------POST------/notice/test/test----------
LogTime:2021-08-09 16:49:36    {"a":"100","b":"99"}
LogTime:2021-08-09 16:49:36    select * from `life_sms` where (`id` = '1') limit 1
LogTime:2021-08-09 16:49:36    select * from `life_sms` where (`id` = '2') limit 1
LogTime:2021-08-09 16:49:48    ------------------GET------/notice/test/test?a=10&b=89&c=67&d=5748957894----------
LogTime:2021-08-09 16:49:48    []
LogTime:2021-08-09 16:49:48    select * from `life_sms` where (`id` = '1') limit 1
LogTime:2021-08-09 16:49:48    select * from `life_sms` where (`id` = '2') limit 1
LogTime:2021-08-09 17:21:18    dadadadadadadad
LogTime:2021-08-09 17:21:18    dadadadadadadad
LogTime:2021-08-09 17:21:18    dadadadadadadad
LogTime:2021-08-09 17:21:18    dadadadadadadad
LogTime:2021-08-09 17:21:18    dadadadadadadad
LogTime:2021-08-09 17:21:18    dadadadadadadad
LogTime:2021-08-09 17:21:18    dadadadadadadad
LogTime:2021-08-09 17:21:18    dadadadadadadad
LogTime:2021-08-09 17:21:18    dadadadadadadad
LogTime:2021-08-09 17:21:18    dadadadadadadad
LogTime:2021-08-09 17:21:25    dadadadadadadad
LogTime:2021-08-09 17:21:25    dadadadadadadad
LogTime:2021-08-09 17:21:25    dadadadadadadad
LogTime:2021-08-09 17:21:25    dadadadadadadad
LogTime:2021-08-09 17:21:25    dadadadadadadad
LogTime:2021-08-09 17:21:25    dadadadadadadad
LogTime:2021-08-09 17:21:25    dadadadadadadad
LogTime:2021-08-09 17:21:25    dadadadadadadad
LogTime:2021-08-09 17:21:25    dadadadadadadad
LogTime:2021-08-09 17:21:25    dadadadadadadad
LogTime:2021-08-09 17:21:30    dadadadadadadad
LogTime:2021-08-09 17:21:30    dadadadadadadad
LogTime:2021-08-09 17:21:30    dadadadadadadad
LogTime:2021-08-09 17:21:30    dadadadadadadad
LogTime:2021-08-09 17:21:30    dadadadadadadad
LogTime:2021-08-09 17:21:30    dadadadadadadad
LogTime:2021-08-09 17:21:30    dadadadadadadad
LogTime:2021-08-09 17:21:30    dadadadadadadad
LogTime:2021-08-09 17:21:30    dadadadadadadad
LogTime:2021-08-09 17:21:30    dadadadadadadad
LogTime:2021-08-09 17:23:11    dadadadadadadad
LogTime:2021-08-09 17:23:11    dadadadadadadad
LogTime:2021-08-09 17:23:11    dadadadadadadad
LogTime:2021-08-09 17:23:11    dadadadadadadad
LogTime:2021-08-09 17:23:11    dadadadadadadad
LogTime:2021-08-09 17:23:11    dadadadadadadad
LogTime:2021-08-09 17:23:11    dadadadadadadad
LogTime:2021-08-09 17:23:11    dadadadadadadad
LogTime:2021-08-09 17:23:11    dadadadadadadad
LogTime:2021-08-09 17:23:11    dadadadadadadad
LogTime:2021-08-09 17:56:31    ------------------GET------/notice/test/test?a=10&b=89&c=67&d=5748957894----------
LogTime:2021-08-09 17:56:31    []
LogTime:2021-08-09 17:56:31    select * from `life_sms` where (`id` = '1') limit 1
LogTime:2021-08-09 17:56:31    select * from `life_sms` where (`id` = '2') limit 1
LogTime:2021-08-09 17:56:52    ------------------GET------/notice/test/test?a=10&b=89&c=67&d=5748957894----------
LogTime:2021-08-09 17:56:52    []
LogTime:2021-08-09 17:56:52    select * from `life_sms` where (`id` = '1') limit 1
LogTime:2021-08-09 17:56:52    select * from `life_sms` where (`id` = '2') limit 1
LogTime:2021-08-09 17:56:58    ------------------POST------/notice/test/test----------
LogTime:2021-08-09 17:56:58    {"a":"100","b":"99"}
LogTime:2021-08-09 17:56:58    select * from `life_sms` where (`id` = '1') limit 1
LogTime:2021-08-09 17:56:58    select * from `life_sms` where (`id` = '2') limit 1
LogTime:2021-08-09 17:57:04    ------------------GET------/notice/test/test?a=10&b=89&c=67&d=5748957894----------
LogTime:2021-08-09 17:57:04    []
LogTime:2021-08-09 17:57:04    select * from `life_sms` where (`id` = '1') limit 1
LogTime:2021-08-09 17:57:04    select * from `life_sms` where (`id` = '2') limit 1
LogTime:2021-08-09 17:57:10    ------------------GET------/notice/test/test?a=10&b=89&c=67&d=5748957894----------
LogTime:2021-08-09 17:57:10    []
LogTime:2021-08-09 17:57:10    select * from `life_sms` where (`id` = '1') limit 1
LogTime:2021-08-09 17:57:10    select * from `life_sms` where (`id` = '2') limit 1
LogTime:2021-08-09 17:57:16    ------------------POST------/notice/test/test----------
LogTime:2021-08-09 17:57:16    {"a":"100","b":"99"}
LogTime:2021-08-09 17:57:16    select * from `life_sms` where (`id` = '1') limit 1
LogTime:2021-08-09 17:57:16    select * from `life_sms` where (`id` = '2') limit 1
LogTime:2021-08-09 17:58:53    ------------------GET------/notice/test/test?a=10&b=89&c=67&d=5748957894----------
LogTime:2021-08-09 17:58:53    []
LogTime:2021-08-09 17:58:53    select * from `life_sms` where (`id` = '1') limit 1
LogTime:2021-08-09 17:58:53    select * from `life_sms` where (`id` = '2') limit 1
LogTime:2021-08-09 17:59:03    ------------------GET------/notice/test/test?a=10&b=89&c=67&d=5748957894----------
LogTime:2021-08-09 17:59:03    []
LogTime:2021-08-09 17:59:03    select * from `life_sms` where (`id` = '1') limit 1
LogTime:2021-08-09 17:59:03    select * from `life_sms` where (`id` = '2') limit 1
LogTime:2021-08-09 17:59:27    ------------------GET------/notice/test/test?a=10&b=89&c=67&d=5748957894----------
LogTime:2021-08-09 17:59:27    []
LogTime:2021-08-09 17:59:27    select * from `life_sms` where (`id` = '1') limit 1
LogTime:2021-08-09 17:59:27    select * from `life_sms` where (`id` = '2') limit 1
LogTime:2021-08-09 17:59:32    ------------------GET------/notice/test/test?a=10&b=89&c=67&d=5748957894----------
LogTime:2021-08-09 17:59:32    []
LogTime:2021-08-09 17:59:32    select * from `life_sms` where (`id` = '1') limit 1
LogTime:2021-08-09 17:59:32    select * from `life_sms` where (`id` = '2') limit 1
LogTime:2021-08-09 17:59:42    ------------------GET------/notice/test/test?a=10&b=89&c=67&d=5748957894----------
LogTime:2021-08-09 17:59:42    []
LogTime:2021-08-09 17:59:42    select * from `life_sms` where (`id` = '1') limit 1
LogTime:2021-08-09 17:59:42    select * from `life_sms` where (`id` = '2') limit 1
LogTime:2021-08-09 18:00:18    ------------------GET------/notice/test/test?a=10&b=89&c=67&d=5748957894----------
LogTime:2021-08-09 18:00:18    []
LogTime:2021-08-09 18:00:18    select * from `life_sms` where (`id` = '1') limit 1
LogTime:2021-08-09 18:00:18    select * from `life_sms` where (`id` = '2') limit 1
LogTime:2021-08-09 18:00:22    ------------------GET------/notice/test/test?a=10&b=89&c=67&d=5748957894----------
LogTime:2021-08-09 18:00:22    []
LogTime:2021-08-09 18:00:22    select * from `life_sms` where (`id` = '1') limit 1
LogTime:2021-08-09 18:00:22    select * from `life_sms` where (`id` = '2') limit 1
LogTime:2021-08-09 18:00:30    ------------------GET------/notice/test/test?a=10&b=89&c=67&d=5748957894----------
LogTime:2021-08-09 18:00:30    []
LogTime:2021-08-09 18:00:30    select * from `life_sms` where (`id` = '1') limit 1
LogTime:2021-08-09 18:00:30    select * from `life_sms` where (`id` = '2') limit 1
LogTime:2021-08-09 18:01:01    ------------------GET------/notice/test/test?a=10&b=89&c=67&d=5748957894----------
LogTime:2021-08-09 18:01:01    []
LogTime:2021-08-09 18:01:01    select * from `life_sms` where (`id` = '1') limit 1
LogTime:2021-08-09 18:01:01    select * from `life_sms` where (`id` = '2') limit 1
LogTime:2021-08-09 18:01:25    ------------------GET------/notice/test/test?a=10&b=89&c=67&d=5748957894----------
LogTime:2021-08-09 18:01:25    []
LogTime:2021-08-09 18:01:25    select * from `life_sms` where (`id` = '1') limit 1
LogTime:2021-08-09 18:01:25    select * from `life_sms` where (`id` = '2') limit 1
LogTime:2021-08-09 18:01:52    ------------------GET------/notice/test/test?a=10&b=89&c=67&d=5748957894----------
LogTime:2021-08-09 18:01:52    []
LogTime:2021-08-09 18:01:52    select * from `life_sms` where (`id` = '1') limit 1
LogTime:2021-08-09 18:01:52    select * from `life_sms` where (`id` = '2') limit 1
LogTime:2021-08-09 18:01:57    ------------------POST------/notice/test/test----------
LogTime:2021-08-09 18:01:57    {"a":"100","b":"99"}
LogTime:2021-08-09 18:01:57    select * from `life_sms` where (`id` = '1') limit 1
LogTime:2021-08-09 18:01:57    select * from `life_sms` where (`id` = '2') limit 1
