[2021-08-02 15:31:05] log.ERROR: Argument 1 passed to Lovetrytry\Jichukuangjia\Exception\BusinessException::__construct() must be of the type int, string given, called in /life-api/runtime/container/proxy/App_Actions_Notice_Sms_SendSms.proxy.php on line 75[29] in /life-api/vendor/lovetrytry/jichukuangjia/src/Exception/BusinessException.php [] []
[2021-08-02 15:31:05] log.ERROR: #0 /life-api/runtime/container/proxy/App_Actions_Notice_Sms_SendSms.proxy.php(75): Lovetrytry\Jichukuangjia\Exception\BusinessException->__construct()
#1 /life-api/vendor/hyperf/http-server/src/CoreMiddleware.php(161): App\Actions\Notice\Sms\SendSms->handle()
#2 /life-api/vendor/hyperf/http-server/src/CoreMiddleware.php(113): Hyperf\HttpServer\CoreMiddleware->handleFound()
#3 /life-api/vendor/hyperf/dispatcher/src/AbstractRequestHandler.php(64): Hyperf\HttpServer\CoreMiddleware->process()
#4 /life-api/vendor/hyperf/dispatcher/src/HttpRequestHandler.php(26): Hyperf\Dispatcher\AbstractRequestHandler->handleRequest()
#5 /life-api/app/Middleware/Redirect/UnLogged.php(39): Hyperf\Dispatcher\HttpRequestHandler->handle()
#6 /life-api/vendor/hyperf/dispatcher/src/AbstractRequestHandler.php(64): App\Middleware\Redirect\UnLogged->process()
#7 /life-api/vendor/hyperf/dispatcher/src/HttpRequestHandler.php(26): Hyperf\Dispatcher\AbstractRequestHandler->handleRequest()
#8 /life-api/vendor/lovetrytry/jichukuangjia/src/Middleware/Response.php(56): Hyperf\Dispatcher\HttpRequestHandler->handle()
#9 /life-api/vendor/hyperf/dispatcher/src/AbstractRequestHandler.php(64): Lovetrytry\Jichukuangjia\Middleware\Response->process()
#10 /life-api/vendor/hyperf/dispatcher/src/HttpRequestHandler.php(26): Hyperf\Dispatcher\AbstractRequestHandler->handleRequest()
#11 /life-api/app/Middleware/Sign.php(44): Hyperf\Dispatcher\HttpRequestHandler->handle()
#12 /life-api/vendor/hyperf/dispatcher/src/AbstractRequestHandler.php(64): App\Middleware\Sign->process()
#13 /life-api/vendor/hyperf/dispatcher/src/HttpRequestHandler.php(26): Hyperf\Dispatcher\AbstractRequestHandler->handleRequest()
#14 /life-api/vendor/hyperf/dispatcher/src/HttpDispatcher.php(40): Hyperf\Dispatcher\HttpRequestHandler->handle()
#15 /life-api/vendor/hyperf/http-server/src/Server.php(116): Hyperf\Dispatcher\HttpDispatcher->dispatch()
#16 {main} [] []
[2021-08-02 15:33:29] log.ERROR: Argument 1 passed to Lovetrytry\Jichukuangjia\Exception\BusinessException::__construct() must be of the type int, string given, called in /life-api/runtime/container/proxy/App_Actions_Notice_Sms_SendSms.proxy.php on line 75[29] in /life-api/vendor/lovetrytry/jichukuangjia/src/Exception/BusinessException.php [] []
[2021-08-02 15:33:29] log.ERROR: #0 /life-api/runtime/container/proxy/App_Actions_Notice_Sms_SendSms.proxy.php(75): Lovetrytry\Jichukuangjia\Exception\BusinessException->__construct()
#1 /life-api/vendor/hyperf/http-server/src/CoreMiddleware.php(161): App\Actions\Notice\Sms\SendSms->handle()
#2 /life-api/vendor/hyperf/http-server/src/CoreMiddleware.php(113): Hyperf\HttpServer\CoreMiddleware->handleFound()
#3 /life-api/vendor/hyperf/dispatcher/src/AbstractRequestHandler.php(64): Hyperf\HttpServer\CoreMiddleware->process()
#4 /life-api/vendor/hyperf/dispatcher/src/HttpRequestHandler.php(26): Hyperf\Dispatcher\AbstractRequestHandler->handleRequest()
#5 /life-api/app/Middleware/Redirect/UnLogged.php(39): Hyperf\Dispatcher\HttpRequestHandler->handle()
#6 /life-api/vendor/hyperf/dispatcher/src/AbstractRequestHandler.php(64): App\Middleware\Redirect\UnLogged->process()
#7 /life-api/vendor/hyperf/dispatcher/src/HttpRequestHandler.php(26): Hyperf\Dispatcher\AbstractRequestHandler->handleRequest()
#8 /life-api/vendor/lovetrytry/jichukuangjia/src/Middleware/Response.php(56): Hyperf\Dispatcher\HttpRequestHandler->handle()
#9 /life-api/vendor/hyperf/dispatcher/src/AbstractRequestHandler.php(64): Lovetrytry\Jichukuangjia\Middleware\Response->process()
#10 /life-api/vendor/hyperf/dispatcher/src/HttpRequestHandler.php(26): Hyperf\Dispatcher\AbstractRequestHandler->handleRequest()
#11 /life-api/app/Middleware/Sign.php(44): Hyperf\Dispatcher\HttpRequestHandler->handle()
#12 /life-api/vendor/hyperf/dispatcher/src/AbstractRequestHandler.php(64): App\Middleware\Sign->process()
#13 /life-api/vendor/hyperf/dispatcher/src/HttpRequestHandler.php(26): Hyperf\Dispatcher\AbstractRequestHandler->handleRequest()
#14 /life-api/vendor/hyperf/dispatcher/src/HttpDispatcher.php(40): Hyperf\Dispatcher\HttpRequestHandler->handle()
#15 /life-api/vendor/hyperf/http-server/src/Server.php(116): Hyperf\Dispatcher\HttpDispatcher->dispatch()
#16 {main} [] []
[2021-08-02 15:36:45] log.ERROR: Argument 1 passed to Lovetrytry\Jichukuangjia\Exception\BusinessException::__construct() must be of the type int, string given, called in /life-api/runtime/container/proxy/App_Actions_Notice_Sms_SendSms.proxy.php on line 75[29] in /life-api/vendor/lovetrytry/jichukuangjia/src/Exception/BusinessException.php [] []
[2021-08-02 15:36:45] log.ERROR: #0 /life-api/runtime/container/proxy/App_Actions_Notice_Sms_SendSms.proxy.php(75): Lovetrytry\Jichukuangjia\Exception\BusinessException->__construct()
#1 /life-api/vendor/hyperf/http-server/src/CoreMiddleware.php(161): App\Actions\Notice\Sms\SendSms->handle()
#2 /life-api/vendor/hyperf/http-server/src/CoreMiddleware.php(113): Hyperf\HttpServer\CoreMiddleware->handleFound()
#3 /life-api/vendor/hyperf/dispatcher/src/AbstractRequestHandler.php(64): Hyperf\HttpServer\CoreMiddleware->process()
#4 /life-api/vendor/hyperf/dispatcher/src/HttpRequestHandler.php(26): Hyperf\Dispatcher\AbstractRequestHandler->handleRequest()
#5 /life-api/app/Middleware/Redirect/UnLogged.php(39): Hyperf\Dispatcher\HttpRequestHandler->handle()
#6 /life-api/vendor/hyperf/dispatcher/src/AbstractRequestHandler.php(64): App\Middleware\Redirect\UnLogged->process()
#7 /life-api/vendor/hyperf/dispatcher/src/HttpRequestHandler.php(26): Hyperf\Dispatcher\AbstractRequestHandler->handleRequest()
#8 /life-api/vendor/lovetrytry/jichukuangjia/src/Middleware/Response.php(56): Hyperf\Dispatcher\HttpRequestHandler->handle()
#9 /life-api/vendor/hyperf/dispatcher/src/AbstractRequestHandler.php(64): Lovetrytry\Jichukuangjia\Middleware\Response->process()
#10 /life-api/vendor/hyperf/dispatcher/src/HttpRequestHandler.php(26): Hyperf\Dispatcher\AbstractRequestHandler->handleRequest()
#11 /life-api/app/Middleware/Sign.php(44): Hyperf\Dispatcher\HttpRequestHandler->handle()
#12 /life-api/vendor/hyperf/dispatcher/src/AbstractRequestHandler.php(64): App\Middleware\Sign->process()
#13 /life-api/vendor/hyperf/dispatcher/src/HttpRequestHandler.php(26): Hyperf\Dispatcher\AbstractRequestHandler->handleRequest()
#14 /life-api/vendor/hyperf/dispatcher/src/HttpDispatcher.php(40): Hyperf\Dispatcher\HttpRequestHandler->handle()
#15 /life-api/vendor/hyperf/http-server/src/Server.php(116): Hyperf\Dispatcher\HttpDispatcher->dispatch()
#16 {main} [] []
[2021-08-02 15:38:08] log.ERROR: Argument 1 passed to Lovetrytry\Jichukuangjia\Exception\BusinessException::__construct() must be of the type int, string given, called in /life-api/runtime/container/proxy/App_Actions_Notice_Sms_SendSms.proxy.php on line 75[29] in /life-api/vendor/lovetrytry/jichukuangjia/src/Exception/BusinessException.php [] []
[2021-08-02 15:38:08] log.ERROR: #0 /life-api/runtime/container/proxy/App_Actions_Notice_Sms_SendSms.proxy.php(75): Lovetrytry\Jichukuangjia\Exception\BusinessException->__construct()
#1 /life-api/vendor/hyperf/http-server/src/CoreMiddleware.php(161): App\Actions\Notice\Sms\SendSms->handle()
#2 /life-api/vendor/hyperf/http-server/src/CoreMiddleware.php(113): Hyperf\HttpServer\CoreMiddleware->handleFound()
#3 /life-api/vendor/hyperf/dispatcher/src/AbstractRequestHandler.php(64): Hyperf\HttpServer\CoreMiddleware->process()
#4 /life-api/vendor/hyperf/dispatcher/src/HttpRequestHandler.php(26): Hyperf\Dispatcher\AbstractRequestHandler->handleRequest()
#5 /life-api/app/Middleware/Redirect/UnLogged.php(39): Hyperf\Dispatcher\HttpRequestHandler->handle()
#6 /life-api/vendor/hyperf/dispatcher/src/AbstractRequestHandler.php(64): App\Middleware\Redirect\UnLogged->process()
#7 /life-api/vendor/hyperf/dispatcher/src/HttpRequestHandler.php(26): Hyperf\Dispatcher\AbstractRequestHandler->handleRequest()
#8 /life-api/vendor/lovetrytry/jichukuangjia/src/Middleware/Response.php(56): Hyperf\Dispatcher\HttpRequestHandler->handle()
#9 /life-api/vendor/hyperf/dispatcher/src/AbstractRequestHandler.php(64): Lovetrytry\Jichukuangjia\Middleware\Response->process()
#10 /life-api/vendor/hyperf/dispatcher/src/HttpRequestHandler.php(26): Hyperf\Dispatcher\AbstractRequestHandler->handleRequest()
#11 /life-api/app/Middleware/Sign.php(44): Hyperf\Dispatcher\HttpRequestHandler->handle()
#12 /life-api/vendor/hyperf/dispatcher/src/AbstractRequestHandler.php(64): App\Middleware\Sign->process()
#13 /life-api/vendor/hyperf/dispatcher/src/HttpRequestHandler.php(26): Hyperf\Dispatcher\AbstractRequestHandler->handleRequest()
#14 /life-api/vendor/hyperf/dispatcher/src/HttpDispatcher.php(40): Hyperf\Dispatcher\HttpRequestHandler->handle()
#15 /life-api/vendor/hyperf/http-server/src/Server.php(116): Hyperf\Dispatcher\HttpDispatcher->dispatch()
#16 {main} [] []
[2021-08-02 15:39:38] log.ERROR: Argument 1 passed to Lovetrytry\Jichukuangjia\Exception\BusinessException::__construct() must be of the type int, string given, called in /life-api/runtime/container/proxy/App_Actions_Notice_Sms_SendSms.proxy.php on line 76[29] in /life-api/vendor/lovetrytry/jichukuangjia/src/Exception/BusinessException.php [] []
[2021-08-02 15:39:38] log.ERROR: #0 /life-api/runtime/container/proxy/App_Actions_Notice_Sms_SendSms.proxy.php(76): Lovetrytry\Jichukuangjia\Exception\BusinessException->__construct()
#1 /life-api/vendor/hyperf/http-server/src/CoreMiddleware.php(161): App\Actions\Notice\Sms\SendSms->handle()
#2 /life-api/vendor/hyperf/http-server/src/CoreMiddleware.php(113): Hyperf\HttpServer\CoreMiddleware->handleFound()
#3 /life-api/vendor/hyperf/dispatcher/src/AbstractRequestHandler.php(64): Hyperf\HttpServer\CoreMiddleware->process()
#4 /life-api/vendor/hyperf/dispatcher/src/HttpRequestHandler.php(26): Hyperf\Dispatcher\AbstractRequestHandler->handleRequest()
#5 /life-api/app/Middleware/Redirect/UnLogged.php(39): Hyperf\Dispatcher\HttpRequestHandler->handle()
#6 /life-api/vendor/hyperf/dispatcher/src/AbstractRequestHandler.php(64): App\Middleware\Redirect\UnLogged->process()
#7 /life-api/vendor/hyperf/dispatcher/src/HttpRequestHandler.php(26): Hyperf\Dispatcher\AbstractRequestHandler->handleRequest()
#8 /life-api/vendor/lovetrytry/jichukuangjia/src/Middleware/Response.php(56): Hyperf\Dispatcher\HttpRequestHandler->handle()
#9 /life-api/vendor/hyperf/dispatcher/src/AbstractRequestHandler.php(64): Lovetrytry\Jichukuangjia\Middleware\Response->process()
#10 /life-api/vendor/hyperf/dispatcher/src/HttpRequestHandler.php(26): Hyperf\Dispatcher\AbstractRequestHandler->handleRequest()
#11 /life-api/app/Middleware/Sign.php(44): Hyperf\Dispatcher\HttpRequestHandler->handle()
#12 /life-api/vendor/hyperf/dispatcher/src/AbstractRequestHandler.php(64): App\Middleware\Sign->process()
#13 /life-api/vendor/hyperf/dispatcher/src/HttpRequestHandler.php(26): Hyperf\Dispatcher\AbstractRequestHandler->handleRequest()
#14 /life-api/vendor/hyperf/dispatcher/src/HttpDispatcher.php(40): Hyperf\Dispatcher\HttpRequestHandler->handle()
#15 /life-api/vendor/hyperf/http-server/src/Server.php(116): Hyperf\Dispatcher\HttpDispatcher->dispatch()
#16 {main} [] []
