[2021-08-10 09:51:16] log.ERROR: Argument 1 passed to Lovetrytry\Jichukuangjia\Mock\Handler::__construct() must be of the type string, null given, called in /life-api/vendor/lovetrytry/jichukuangjia/src/Validation/InterfaceResponse.php on line 52[36] in /life-api/vendor/lovetrytry/jichukuangjia/src/Mock/Handler.php [] []
[2021-08-10 09:51:16] log.ERROR: #0 /life-api/vendor/lovetrytry/jichukuangjia/src/Validation/InterfaceResponse.php(52): Lovetrytry\Jichukuangjia\Mock\Handler->__construct()
#1 /life-api/vendor/lovetrytry/jichukuangjia/src/Format/CMD.php(141): Lovetrytry\Jichukuangjia\Validation\InterfaceResponse->__construct()
#2 /life-api/vendor/lovetrytry/jichukuangjia/src/Format/CMD.php(81): Lovetrytry\Jichukuangjia\Format\CMD->handleData()
#3 /life-api/vendor/lovetrytry/jichukuangjia/src/Format/CMD.php(38): Lovetrytry\Jichukuangjia\Format\CMD->setData()
#4 /life-api/vendor/lovetrytry/jichukuangjia/src/Format.php(51): Lovetrytry\Jichukuangjia\Format\CMD->__construct()
#5 /life-api/vendor/lovetrytry/jichukuangjia/src/Format.php(24): Lovetrytry\Jichukuangjia\Format->getClass()
#6 /life-api/vendor/lovetrytry/jichukuangjia/src/Response.php(31): Lovetrytry\Jichukuangjia\Format->__construct()
#7 /life-api/vendor/lovetrytry/jichukuangjia/src/Middleware/Response.php(58): Lovetrytry\Jichukuangjia\Response->handle()
#8 /life-api/vendor/hyperf/dispatcher/src/AbstractRequestHandler.php(64): Lovetrytry\Jichukuangjia\Middleware\Response->process()
#9 /life-api/vendor/hyperf/dispatcher/src/HttpRequestHandler.php(26): Hyperf\Dispatcher\AbstractRequestHandler->handleRequest()
#10 /life-api/runtime/container/proxy/App_Middleware_Response.proxy.php(50): Hyperf\Dispatcher\HttpRequestHandler->handle()
#11 /life-api/vendor/hyperf/dispatcher/src/AbstractRequestHandler.php(64): App\Middleware\Response->process()
#12 /life-api/vendor/hyperf/dispatcher/src/HttpRequestHandler.php(26): Hyperf\Dispatcher\AbstractRequestHandler->handleRequest()
#13 /life-api/app/Middleware/Request.php(44): Hyperf\Dispatcher\HttpRequestHandler->handle()
#14 /life-api/vendor/hyperf/dispatcher/src/AbstractRequestHandler.php(64): App\Middleware\Request->process()
#15 /life-api/vendor/hyperf/dispatcher/src/HttpRequestHandler.php(26): Hyperf\Dispatcher\AbstractRequestHandler->handleRequest()
#16 /life-api/app/Middleware/Sign.php(37): Hyperf\Dispatcher\HttpRequestHandler->handle()
#17 /life-api/vendor/hyperf/dispatcher/src/AbstractRequestHandler.php(64): App\Middleware\Sign->process()
#18 /life-api/vendor/hyperf/dispatcher/src/HttpRequestHandler.php(26): Hyperf\Dispatcher\AbstractRequestHandler->handleRequest()
#19 /life-api/vendor/hyperf/dispatcher/src/HttpDispatcher.php(40): Hyperf\Dispatcher\HttpRequestHandler->handle()
#20 /life-api/vendor/hyperf/http-server/src/Server.php(116): Hyperf\Dispatcher\HttpDispatcher->dispatch()
#21 {main} [] []
[2021-08-10 09:56:39] log.ERROR: Argument 1 passed to Lovetrytry\Jichukuangjia\Mock\Handler::__construct() must be of the type string, null given, called in /life-api/vendor/lovetrytry/jichukuangjia/src/Validation/InterfaceResponse.php on line 52[36] in /life-api/vendor/lovetrytry/jichukuangjia/src/Mock/Handler.php [] []
[2021-08-10 09:56:39] log.ERROR: #0 /life-api/vendor/lovetrytry/jichukuangjia/src/Validation/InterfaceResponse.php(52): Lovetrytry\Jichukuangjia\Mock\Handler->__construct()
#1 /life-api/vendor/lovetrytry/jichukuangjia/src/Format/CMD.php(141): Lovetrytry\Jichukuangjia\Validation\InterfaceResponse->__construct()
#2 /life-api/vendor/lovetrytry/jichukuangjia/src/Format/CMD.php(81): Lovetrytry\Jichukuangjia\Format\CMD->handleData()
#3 /life-api/vendor/lovetrytry/jichukuangjia/src/Format/CMD.php(38): Lovetrytry\Jichukuangjia\Format\CMD->setData()
#4 /life-api/vendor/lovetrytry/jichukuangjia/src/Format.php(51): Lovetrytry\Jichukuangjia\Format\CMD->__construct()
#5 /life-api/vendor/lovetrytry/jichukuangjia/src/Format.php(24): Lovetrytry\Jichukuangjia\Format->getClass()
#6 /life-api/vendor/lovetrytry/jichukuangjia/src/Response.php(31): Lovetrytry\Jichukuangjia\Format->__construct()
#7 /life-api/vendor/lovetrytry/jichukuangjia/src/Middleware/Response.php(58): Lovetrytry\Jichukuangjia\Response->handle()
#8 /life-api/vendor/hyperf/dispatcher/src/AbstractRequestHandler.php(64): Lovetrytry\Jichukuangjia\Middleware\Response->process()
#9 /life-api/vendor/hyperf/dispatcher/src/HttpRequestHandler.php(26): Hyperf\Dispatcher\AbstractRequestHandler->handleRequest()
#10 /life-api/runtime/container/proxy/App_Middleware_Response.proxy.php(50): Hyperf\Dispatcher\HttpRequestHandler->handle()
#11 /life-api/vendor/hyperf/dispatcher/src/AbstractRequestHandler.php(64): App\Middleware\Response->process()
#12 /life-api/vendor/hyperf/dispatcher/src/HttpRequestHandler.php(26): Hyperf\Dispatcher\AbstractRequestHandler->handleRequest()
#13 /life-api/app/Middleware/Request.php(44): Hyperf\Dispatcher\HttpRequestHandler->handle()
#14 /life-api/vendor/hyperf/dispatcher/src/AbstractRequestHandler.php(64): App\Middleware\Request->process()
#15 /life-api/vendor/hyperf/dispatcher/src/HttpRequestHandler.php(26): Hyperf\Dispatcher\AbstractRequestHandler->handleRequest()
#16 /life-api/app/Middleware/Sign.php(37): Hyperf\Dispatcher\HttpRequestHandler->handle()
#17 /life-api/vendor/hyperf/dispatcher/src/AbstractRequestHandler.php(64): App\Middleware\Sign->process()
#18 /life-api/vendor/hyperf/dispatcher/src/HttpRequestHandler.php(26): Hyperf\Dispatcher\AbstractRequestHandler->handleRequest()
#19 /life-api/vendor/hyperf/dispatcher/src/HttpDispatcher.php(40): Hyperf\Dispatcher\HttpRequestHandler->handle()
#20 /life-api/vendor/hyperf/http-server/src/Server.php(116): Hyperf\Dispatcher\HttpDispatcher->dispatch()
#21 {main} [] []
[2021-08-10 10:20:49] log.ERROR: Argument 1 passed to Lovetrytry\Jichukuangjia\Mock\Handler::__construct() must be of the type string, null given, called in /life-api/vendor/lovetrytry/jichukuangjia/src/Validation/InterfaceResponse.php on line 52[36] in /life-api/vendor/lovetrytry/jichukuangjia/src/Mock/Handler.php [] []
[2021-08-10 10:20:49] log.ERROR: #0 /life-api/vendor/lovetrytry/jichukuangjia/src/Validation/InterfaceResponse.php(52): Lovetrytry\Jichukuangjia\Mock\Handler->__construct()
#1 /life-api/vendor/lovetrytry/jichukuangjia/src/Format/CMD.php(141): Lovetrytry\Jichukuangjia\Validation\InterfaceResponse->__construct()
#2 /life-api/vendor/lovetrytry/jichukuangjia/src/Format/CMD.php(81): Lovetrytry\Jichukuangjia\Format\CMD->handleData()
#3 /life-api/vendor/lovetrytry/jichukuangjia/src/Format/CMD.php(38): Lovetrytry\Jichukuangjia\Format\CMD->setData()
#4 /life-api/vendor/lovetrytry/jichukuangjia/src/Format.php(51): Lovetrytry\Jichukuangjia\Format\CMD->__construct()
#5 /life-api/vendor/lovetrytry/jichukuangjia/src/Format.php(24): Lovetrytry\Jichukuangjia\Format->getClass()
#6 /life-api/vendor/lovetrytry/jichukuangjia/src/Response.php(31): Lovetrytry\Jichukuangjia\Format->__construct()
#7 /life-api/vendor/lovetrytry/jichukuangjia/src/Middleware/Response.php(58): Lovetrytry\Jichukuangjia\Response->handle()
#8 /life-api/vendor/hyperf/dispatcher/src/AbstractRequestHandler.php(64): Lovetrytry\Jichukuangjia\Middleware\Response->process()
#9 /life-api/vendor/hyperf/dispatcher/src/HttpRequestHandler.php(26): Hyperf\Dispatcher\AbstractRequestHandler->handleRequest()
#10 /life-api/runtime/container/proxy/App_Middleware_Response.proxy.php(50): Hyperf\Dispatcher\HttpRequestHandler->handle()
#11 /life-api/vendor/hyperf/dispatcher/src/AbstractRequestHandler.php(64): App\Middleware\Response->process()
#12 /life-api/vendor/hyperf/dispatcher/src/HttpRequestHandler.php(26): Hyperf\Dispatcher\AbstractRequestHandler->handleRequest()
#13 /life-api/app/Middleware/Request.php(44): Hyperf\Dispatcher\HttpRequestHandler->handle()
#14 /life-api/vendor/hyperf/dispatcher/src/AbstractRequestHandler.php(64): App\Middleware\Request->process()
#15 /life-api/vendor/hyperf/dispatcher/src/HttpRequestHandler.php(26): Hyperf\Dispatcher\AbstractRequestHandler->handleRequest()
#16 /life-api/app/Middleware/Sign.php(37): Hyperf\Dispatcher\HttpRequestHandler->handle()
#17 /life-api/vendor/hyperf/dispatcher/src/AbstractRequestHandler.php(64): App\Middleware\Sign->process()
#18 /life-api/vendor/hyperf/dispatcher/src/HttpRequestHandler.php(26): Hyperf\Dispatcher\AbstractRequestHandler->handleRequest()
#19 /life-api/vendor/hyperf/dispatcher/src/HttpDispatcher.php(40): Hyperf\Dispatcher\HttpRequestHandler->handle()
#20 /life-api/vendor/hyperf/http-server/src/Server.php(116): Hyperf\Dispatcher\HttpDispatcher->dispatch()
#21 {main} [] []
[2021-08-10 10:22:55] log.ERROR: Argument 1 passed to Lovetrytry\Jichukuangjia\Mock\Handler::__construct() must be of the type string, null given, called in /life-api/vendor/lovetrytry/jichukuangjia/src/Validation/InterfaceResponse.php on line 52[36] in /life-api/vendor/lovetrytry/jichukuangjia/src/Mock/Handler.php [] []
[2021-08-10 10:22:55] log.ERROR: #0 /life-api/vendor/lovetrytry/jichukuangjia/src/Validation/InterfaceResponse.php(52): Lovetrytry\Jichukuangjia\Mock\Handler->__construct()
#1 /life-api/vendor/lovetrytry/jichukuangjia/src/Format/CMD.php(141): Lovetrytry\Jichukuangjia\Validation\InterfaceResponse->__construct()
#2 /life-api/vendor/lovetrytry/jichukuangjia/src/Format/CMD.php(81): Lovetrytry\Jichukuangjia\Format\CMD->handleData()
#3 /life-api/vendor/lovetrytry/jichukuangjia/src/Format/CMD.php(38): Lovetrytry\Jichukuangjia\Format\CMD->setData()
#4 /life-api/vendor/lovetrytry/jichukuangjia/src/Format.php(51): Lovetrytry\Jichukuangjia\Format\CMD->__construct()
#5 /life-api/vendor/lovetrytry/jichukuangjia/src/Format.php(24): Lovetrytry\Jichukuangjia\Format->getClass()
#6 /life-api/vendor/lovetrytry/jichukuangjia/src/Response.php(31): Lovetrytry\Jichukuangjia\Format->__construct()
#7 /life-api/vendor/lovetrytry/jichukuangjia/src/Middleware/Response.php(58): Lovetrytry\Jichukuangjia\Response->handle()
#8 /life-api/vendor/hyperf/dispatcher/src/AbstractRequestHandler.php(64): Lovetrytry\Jichukuangjia\Middleware\Response->process()
#9 /life-api/vendor/hyperf/dispatcher/src/HttpRequestHandler.php(26): Hyperf\Dispatcher\AbstractRequestHandler->handleRequest()
#10 /life-api/runtime/container/proxy/App_Middleware_Response.proxy.php(50): Hyperf\Dispatcher\HttpRequestHandler->handle()
#11 /life-api/vendor/hyperf/dispatcher/src/AbstractRequestHandler.php(64): App\Middleware\Response->process()
#12 /life-api/vendor/hyperf/dispatcher/src/HttpRequestHandler.php(26): Hyperf\Dispatcher\AbstractRequestHandler->handleRequest()
#13 /life-api/app/Middleware/Request.php(45): Hyperf\Dispatcher\HttpRequestHandler->handle()
#14 /life-api/vendor/hyperf/dispatcher/src/AbstractRequestHandler.php(64): App\Middleware\Request->process()
#15 /life-api/vendor/hyperf/dispatcher/src/HttpRequestHandler.php(26): Hyperf\Dispatcher\AbstractRequestHandler->handleRequest()
#16 /life-api/app/Middleware/Sign.php(37): Hyperf\Dispatcher\HttpRequestHandler->handle()
#17 /life-api/vendor/hyperf/dispatcher/src/AbstractRequestHandler.php(64): App\Middleware\Sign->process()
#18 /life-api/vendor/hyperf/dispatcher/src/HttpRequestHandler.php(26): Hyperf\Dispatcher\AbstractRequestHandler->handleRequest()
#19 /life-api/vendor/hyperf/dispatcher/src/HttpDispatcher.php(40): Hyperf\Dispatcher\HttpRequestHandler->handle()
#20 /life-api/vendor/hyperf/http-server/src/Server.php(116): Hyperf\Dispatcher\HttpDispatcher->dispatch()
#21 {main} [] []
[2021-08-10 10:29:23] log.ERROR: Argument 1 passed to Lovetrytry\Jichukuangjia\Mock\Handler::__construct() must be of the type string, null given, called in /life-api/vendor/lovetrytry/jichukuangjia/src/Validation/InterfaceResponse.php on line 52[36] in /life-api/vendor/lovetrytry/jichukuangjia/src/Mock/Handler.php [] []
[2021-08-10 10:29:23] log.ERROR: #0 /life-api/vendor/lovetrytry/jichukuangjia/src/Validation/InterfaceResponse.php(52): Lovetrytry\Jichukuangjia\Mock\Handler->__construct()
#1 /life-api/vendor/lovetrytry/jichukuangjia/src/Format/CMD.php(141): Lovetrytry\Jichukuangjia\Validation\InterfaceResponse->__construct()
#2 /life-api/vendor/lovetrytry/jichukuangjia/src/Format/CMD.php(81): Lovetrytry\Jichukuangjia\Format\CMD->handleData()
#3 /life-api/vendor/lovetrytry/jichukuangjia/src/Format/CMD.php(38): Lovetrytry\Jichukuangjia\Format\CMD->setData()
#4 /life-api/vendor/lovetrytry/jichukuangjia/src/Format.php(51): Lovetrytry\Jichukuangjia\Format\CMD->__construct()
#5 /life-api/vendor/lovetrytry/jichukuangjia/src/Format.php(24): Lovetrytry\Jichukuangjia\Format->getClass()
#6 /life-api/vendor/lovetrytry/jichukuangjia/src/Response.php(31): Lovetrytry\Jichukuangjia\Format->__construct()
#7 /life-api/vendor/lovetrytry/jichukuangjia/src/Middleware/Response.php(58): Lovetrytry\Jichukuangjia\Response->handle()
#8 /life-api/vendor/hyperf/dispatcher/src/AbstractRequestHandler.php(64): Lovetrytry\Jichukuangjia\Middleware\Response->process()
#9 /life-api/vendor/hyperf/dispatcher/src/HttpRequestHandler.php(26): Hyperf\Dispatcher\AbstractRequestHandler->handleRequest()
#10 /life-api/runtime/container/proxy/App_Middleware_Response.proxy.php(50): Hyperf\Dispatcher\HttpRequestHandler->handle()
#11 /life-api/vendor/hyperf/dispatcher/src/AbstractRequestHandler.php(64): App\Middleware\Response->process()
#12 /life-api/vendor/hyperf/dispatcher/src/HttpRequestHandler.php(26): Hyperf\Dispatcher\AbstractRequestHandler->handleRequest()
#13 /life-api/app/Middleware/Request.php(45): Hyperf\Dispatcher\HttpRequestHandler->handle()
#14 /life-api/vendor/hyperf/dispatcher/src/AbstractRequestHandler.php(64): App\Middleware\Request->process()
#15 /life-api/vendor/hyperf/dispatcher/src/HttpRequestHandler.php(26): Hyperf\Dispatcher\AbstractRequestHandler->handleRequest()
#16 /life-api/app/Middleware/Sign.php(37): Hyperf\Dispatcher\HttpRequestHandler->handle()
#17 /life-api/vendor/hyperf/dispatcher/src/AbstractRequestHandler.php(64): App\Middleware\Sign->process()
#18 /life-api/vendor/hyperf/dispatcher/src/HttpRequestHandler.php(26): Hyperf\Dispatcher\AbstractRequestHandler->handleRequest()
#19 /life-api/vendor/hyperf/dispatcher/src/HttpDispatcher.php(40): Hyperf\Dispatcher\HttpRequestHandler->handle()
#20 /life-api/vendor/hyperf/http-server/src/Server.php(116): Hyperf\Dispatcher\HttpDispatcher->dispatch()
#21 {main} [] []
[2021-08-10 10:30:20] log.ERROR: SQLSTATE[HY000] [2002] Connection refused (SQL: select * from `life_sms` where (`id` = 1) limit 1)[1082] in /life-api/vendor/hyperf/database/src/Connection.php [] []
[2021-08-10 10:30:20] log.ERROR: #0 /life-api/vendor/hyperf/database/src/Connection.php(1039): Hyperf\Database\Connection->runQueryCallback()
#1 /life-api/vendor/hyperf/database/src/Connection.php(289): Hyperf\Database\Connection->run()
#2 /life-api/vendor/hyperf/db-connection/src/Connection.php(68): Hyperf\Database\Connection->select()
#3 /life-api/vendor/hyperf/db-connection/src/Traits/DbConnection.php(41): Hyperf\DbConnection\Connection->__call()
#4 /life-api/vendor/hyperf/database/src/Query/Builder.php(2718): Hyperf\DbConnection\Connection->select()
#5 /life-api/vendor/hyperf/database/src/Query/Builder.php(1860): Hyperf\Database\Query\Builder->runSelect()
#6 /life-api/vendor/hyperf/database/src/Query/Builder.php(2883): Hyperf\Database\Query\Builder->Hyperf\Database\Query\{closure}()
#7 /life-api/vendor/hyperf/database/src/Query/Builder.php(1861): Hyperf\Database\Query\Builder->onceWithColumns()
#8 /life-api/vendor/hyperf/database/src/Model/Builder.php(591): Hyperf\Database\Query\Builder->get()
#9 /life-api/vendor/hyperf/database/src/Model/Builder.php(575): Hyperf\Database\Model\Builder->getModels()
#10 /life-api/vendor/hyperf/database/src/Concerns/BuildsQueries.php(86): Hyperf\Database\Model\Builder->get()
#11 /life-api/runtime/container/proxy/App_Actions_Notice_Test_Test.proxy.php(57): Hyperf\Database\Model\Builder->first()
#12 /life-api/vendor/hyperf/http-server/src/CoreMiddleware.php(161): App\Actions\Notice\Test\Test->handle()
#13 /life-api/vendor/hyperf/http-server/src/CoreMiddleware.php(113): Hyperf\HttpServer\CoreMiddleware->handleFound()
#14 /life-api/vendor/hyperf/dispatcher/src/AbstractRequestHandler.php(64): Hyperf\HttpServer\CoreMiddleware->process()
#15 /life-api/vendor/hyperf/dispatcher/src/HttpRequestHandler.php(26): Hyperf\Dispatcher\AbstractRequestHandler->handleRequest()
#16 /life-api/app/Middleware/Redirect/UnLogged.php(39): Hyperf\Dispatcher\HttpRequestHandler->handle()
#17 /life-api/vendor/hyperf/dispatcher/src/AbstractRequestHandler.php(64): App\Middleware\Redirect\UnLogged->process()
#18 /life-api/vendor/hyperf/dispatcher/src/HttpRequestHandler.php(26): Hyperf\Dispatcher\AbstractRequestHandler->handleRequest()
#19 /life-api/vendor/lovetrytry/jichukuangjia/src/Middleware/Response.php(56): Hyperf\Dispatcher\HttpRequestHandler->handle()
#20 /life-api/vendor/hyperf/dispatcher/src/AbstractRequestHandler.php(64): Lovetrytry\Jichukuangjia\Middleware\Response->process()
#21 /life-api/vendor/hyperf/dispatcher/src/HttpRequestHandler.php(26): Hyperf\Dispatcher\AbstractRequestHandler->handleRequest()
#22 /life-api/runtime/container/proxy/App_Middleware_Response.proxy.php(50): Hyperf\Dispatcher\HttpRequestHandler->handle()
#23 /life-api/vendor/hyperf/dispatcher/src/AbstractRequestHandler.php(64): App\Middleware\Response->process()
#24 /life-api/vendor/hyperf/dispatcher/src/HttpRequestHandler.php(26): Hyperf\Dispatcher\AbstractRequestHandler->handleRequest()
#25 /life-api/app/Middleware/Request.php(45): Hyperf\Dispatcher\HttpRequestHandler->handle()
#26 /life-api/vendor/hyperf/dispatcher/src/AbstractRequestHandler.php(64): App\Middleware\Request->process()
#27 /life-api/vendor/hyperf/dispatcher/src/HttpRequestHandler.php(26): Hyperf\Dispatcher\AbstractRequestHandler->handleRequest()
#28 /life-api/app/Middleware/Sign.php(37): Hyperf\Dispatcher\HttpRequestHandler->handle()
#29 /life-api/vendor/hyperf/dispatcher/src/AbstractRequestHandler.php(64): App\Middleware\Sign->process()
#30 /life-api/vendor/hyperf/dispatcher/src/HttpRequestHandler.php(26): Hyperf\Dispatcher\AbstractRequestHandler->handleRequest()
#31 /life-api/vendor/hyperf/dispatcher/src/HttpDispatcher.php(40): Hyperf\Dispatcher\HttpRequestHandler->handle()
#32 /life-api/vendor/hyperf/http-server/src/Server.php(116): Hyperf\Dispatcher\HttpDispatcher->dispatch()
#33 {main} [] []
[2021-08-10 10:30:21] log.ERROR: Argument 1 passed to Lovetrytry\Jichukuangjia\Mock\Handler::__construct() must be of the type string, null given, called in /life-api/vendor/lovetrytry/jichukuangjia/src/Validation/InterfaceResponse.php on line 52[36] in /life-api/vendor/lovetrytry/jichukuangjia/src/Mock/Handler.php [] []
[2021-08-10 10:30:21] log.ERROR: #0 /life-api/vendor/lovetrytry/jichukuangjia/src/Validation/InterfaceResponse.php(52): Lovetrytry\Jichukuangjia\Mock\Handler->__construct()
#1 /life-api/vendor/lovetrytry/jichukuangjia/src/Format/CMD.php(141): Lovetrytry\Jichukuangjia\Validation\InterfaceResponse->__construct()
#2 /life-api/vendor/lovetrytry/jichukuangjia/src/Format/CMD.php(81): Lovetrytry\Jichukuangjia\Format\CMD->handleData()
#3 /life-api/vendor/lovetrytry/jichukuangjia/src/Format/CMD.php(38): Lovetrytry\Jichukuangjia\Format\CMD->setData()
#4 /life-api/vendor/lovetrytry/jichukuangjia/src/Format.php(51): Lovetrytry\Jichukuangjia\Format\CMD->__construct()
#5 /life-api/vendor/lovetrytry/jichukuangjia/src/Format.php(24): Lovetrytry\Jichukuangjia\Format->getClass()
#6 /life-api/vendor/lovetrytry/jichukuangjia/src/Response.php(31): Lovetrytry\Jichukuangjia\Format->__construct()
#7 /life-api/vendor/lovetrytry/jichukuangjia/src/Middleware/Response.php(58): Lovetrytry\Jichukuangjia\Response->handle()
#8 /life-api/vendor/hyperf/dispatcher/src/AbstractRequestHandler.php(64): Lovetrytry\Jichukuangjia\Middleware\Response->process()
#9 /life-api/vendor/hyperf/dispatcher/src/HttpRequestHandler.php(26): Hyperf\Dispatcher\AbstractRequestHandler->handleRequest()
#10 /life-api/runtime/container/proxy/App_Middleware_Response.proxy.php(50): Hyperf\Dispatcher\HttpRequestHandler->handle()
#11 /life-api/vendor/hyperf/dispatcher/src/AbstractRequestHandler.php(64): App\Middleware\Response->process()
#12 /life-api/vendor/hyperf/dispatcher/src/HttpRequestHandler.php(26): Hyperf\Dispatcher\AbstractRequestHandler->handleRequest()
#13 /life-api/app/Middleware/Request.php(45): Hyperf\Dispatcher\HttpRequestHandler->handle()
#14 /life-api/vendor/hyperf/dispatcher/src/AbstractRequestHandler.php(64): App\Middleware\Request->process()
#15 /life-api/vendor/hyperf/dispatcher/src/HttpRequestHandler.php(26): Hyperf\Dispatcher\AbstractRequestHandler->handleRequest()
#16 /life-api/app/Middleware/Sign.php(37): Hyperf\Dispatcher\HttpRequestHandler->handle()
#17 /life-api/vendor/hyperf/dispatcher/src/AbstractRequestHandler.php(64): App\Middleware\Sign->process()
#18 /life-api/vendor/hyperf/dispatcher/src/HttpRequestHandler.php(26): Hyperf\Dispatcher\AbstractRequestHandler->handleRequest()
#19 /life-api/vendor/hyperf/dispatcher/src/HttpDispatcher.php(40): Hyperf\Dispatcher\HttpRequestHandler->handle()
#20 /life-api/vendor/hyperf/http-server/src/Server.php(116): Hyperf\Dispatcher\HttpDispatcher->dispatch()
#21 {main} [] []
[2021-08-10 10:31:02] log.ERROR: Argument 1 passed to Lovetrytry\Jichukuangjia\Mock\Handler::__construct() must be of the type string, null given, called in /life-api/vendor/lovetrytry/jichukuangjia/src/Validation/InterfaceResponse.php on line 52[36] in /life-api/vendor/lovetrytry/jichukuangjia/src/Mock/Handler.php [] []
[2021-08-10 10:31:02] log.ERROR: #0 /life-api/vendor/lovetrytry/jichukuangjia/src/Validation/InterfaceResponse.php(52): Lovetrytry\Jichukuangjia\Mock\Handler->__construct()
#1 /life-api/vendor/lovetrytry/jichukuangjia/src/Format/CMD.php(141): Lovetrytry\Jichukuangjia\Validation\InterfaceResponse->__construct()
#2 /life-api/vendor/lovetrytry/jichukuangjia/src/Format/CMD.php(81): Lovetrytry\Jichukuangjia\Format\CMD->handleData()
#3 /life-api/vendor/lovetrytry/jichukuangjia/src/Format/CMD.php(38): Lovetrytry\Jichukuangjia\Format\CMD->setData()
#4 /life-api/vendor/lovetrytry/jichukuangjia/src/Format.php(51): Lovetrytry\Jichukuangjia\Format\CMD->__construct()
#5 /life-api/vendor/lovetrytry/jichukuangjia/src/Format.php(24): Lovetrytry\Jichukuangjia\Format->getClass()
#6 /life-api/vendor/lovetrytry/jichukuangjia/src/Response.php(31): Lovetrytry\Jichukuangjia\Format->__construct()
#7 /life-api/vendor/lovetrytry/jichukuangjia/src/Middleware/Response.php(58): Lovetrytry\Jichukuangjia\Response->handle()
#8 /life-api/vendor/hyperf/dispatcher/src/AbstractRequestHandler.php(64): Lovetrytry\Jichukuangjia\Middleware\Response->process()
#9 /life-api/vendor/hyperf/dispatcher/src/HttpRequestHandler.php(26): Hyperf\Dispatcher\AbstractRequestHandler->handleRequest()
#10 /life-api/runtime/container/proxy/App_Middleware_Response.proxy.php(50): Hyperf\Dispatcher\HttpRequestHandler->handle()
#11 /life-api/vendor/hyperf/dispatcher/src/AbstractRequestHandler.php(64): App\Middleware\Response->process()
#12 /life-api/vendor/hyperf/dispatcher/src/HttpRequestHandler.php(26): Hyperf\Dispatcher\AbstractRequestHandler->handleRequest()
#13 /life-api/app/Middleware/Request.php(45): Hyperf\Dispatcher\HttpRequestHandler->handle()
#14 /life-api/vendor/hyperf/dispatcher/src/AbstractRequestHandler.php(64): App\Middleware\Request->process()
#15 /life-api/vendor/hyperf/dispatcher/src/HttpRequestHandler.php(26): Hyperf\Dispatcher\AbstractRequestHandler->handleRequest()
#16 /life-api/app/Middleware/Sign.php(37): Hyperf\Dispatcher\HttpRequestHandler->handle()
#17 /life-api/vendor/hyperf/dispatcher/src/AbstractRequestHandler.php(64): App\Middleware\Sign->process()
#18 /life-api/vendor/hyperf/dispatcher/src/HttpRequestHandler.php(26): Hyperf\Dispatcher\AbstractRequestHandler->handleRequest()
#19 /life-api/vendor/hyperf/dispatcher/src/HttpDispatcher.php(40): Hyperf\Dispatcher\HttpRequestHandler->handle()
#20 /life-api/vendor/hyperf/http-server/src/Server.php(116): Hyperf\Dispatcher\HttpDispatcher->dispatch()
#21 {main} [] []
[2021-08-10 10:35:20] log.ERROR: Argument 1 passed to Lovetrytry\Jichukuangjia\Mock\Handler::__construct() must be of the type string, null given, called in /life-api/vendor/lovetrytry/jichukuangjia/src/Validation/InterfaceResponse.php on line 52[36] in /life-api/vendor/lovetrytry/jichukuangjia/src/Mock/Handler.php [] []
[2021-08-10 10:35:20] log.ERROR: #0 /life-api/vendor/lovetrytry/jichukuangjia/src/Validation/InterfaceResponse.php(52): Lovetrytry\Jichukuangjia\Mock\Handler->__construct()
#1 /life-api/vendor/lovetrytry/jichukuangjia/src/Format/CMD.php(141): Lovetrytry\Jichukuangjia\Validation\InterfaceResponse->__construct()
#2 /life-api/vendor/lovetrytry/jichukuangjia/src/Format/CMD.php(81): Lovetrytry\Jichukuangjia\Format\CMD->handleData()
#3 /life-api/vendor/lovetrytry/jichukuangjia/src/Format/CMD.php(38): Lovetrytry\Jichukuangjia\Format\CMD->setData()
#4 /life-api/vendor/lovetrytry/jichukuangjia/src/Format.php(51): Lovetrytry\Jichukuangjia\Format\CMD->__construct()
#5 /life-api/vendor/lovetrytry/jichukuangjia/src/Format.php(24): Lovetrytry\Jichukuangjia\Format->getClass()
#6 /life-api/vendor/lovetrytry/jichukuangjia/src/Response.php(31): Lovetrytry\Jichukuangjia\Format->__construct()
#7 /life-api/vendor/lovetrytry/jichukuangjia/src/Middleware/Response.php(58): Lovetrytry\Jichukuangjia\Response->handle()
#8 /life-api/vendor/hyperf/dispatcher/src/AbstractRequestHandler.php(64): Lovetrytry\Jichukuangjia\Middleware\Response->process()
#9 /life-api/vendor/hyperf/dispatcher/src/HttpRequestHandler.php(26): Hyperf\Dispatcher\AbstractRequestHandler->handleRequest()
#10 /life-api/runtime/container/proxy/App_Middleware_Response.proxy.php(50): Hyperf\Dispatcher\HttpRequestHandler->handle()
#11 /life-api/vendor/hyperf/dispatcher/src/AbstractRequestHandler.php(64): App\Middleware\Response->process()
#12 /life-api/vendor/hyperf/dispatcher/src/HttpRequestHandler.php(26): Hyperf\Dispatcher\AbstractRequestHandler->handleRequest()
#13 /life-api/app/Middleware/Request.php(45): Hyperf\Dispatcher\HttpRequestHandler->handle()
#14 /life-api/vendor/hyperf/dispatcher/src/AbstractRequestHandler.php(64): App\Middleware\Request->process()
#15 /life-api/vendor/hyperf/dispatcher/src/HttpRequestHandler.php(26): Hyperf\Dispatcher\AbstractRequestHandler->handleRequest()
#16 /life-api/app/Middleware/Sign.php(37): Hyperf\Dispatcher\HttpRequestHandler->handle()
#17 /life-api/vendor/hyperf/dispatcher/src/AbstractRequestHandler.php(64): App\Middleware\Sign->process()
#18 /life-api/vendor/hyperf/dispatcher/src/HttpRequestHandler.php(26): Hyperf\Dispatcher\AbstractRequestHandler->handleRequest()
#19 /life-api/vendor/hyperf/dispatcher/src/HttpDispatcher.php(40): Hyperf\Dispatcher\HttpRequestHandler->handle()
#20 /life-api/vendor/hyperf/http-server/src/Server.php(116): Hyperf\Dispatcher\HttpDispatcher->dispatch()
#21 {main} [] []
[2021-08-10 10:36:41] log.ERROR: Argument 1 passed to Lovetrytry\Jichukuangjia\Mock\Handler::__construct() must be of the type string, null given, called in /life-api/vendor/lovetrytry/jichukuangjia/src/Validation/InterfaceResponse.php on line 52[36] in /life-api/vendor/lovetrytry/jichukuangjia/src/Mock/Handler.php [] []
[2021-08-10 10:36:41] log.ERROR: #0 /life-api/vendor/lovetrytry/jichukuangjia/src/Validation/InterfaceResponse.php(52): Lovetrytry\Jichukuangjia\Mock\Handler->__construct()
#1 /life-api/vendor/lovetrytry/jichukuangjia/src/Format/CMD.php(141): Lovetrytry\Jichukuangjia\Validation\InterfaceResponse->__construct()
#2 /life-api/vendor/lovetrytry/jichukuangjia/src/Format/CMD.php(81): Lovetrytry\Jichukuangjia\Format\CMD->handleData()
#3 /life-api/vendor/lovetrytry/jichukuangjia/src/Format/CMD.php(38): Lovetrytry\Jichukuangjia\Format\CMD->setData()
#4 /life-api/vendor/lovetrytry/jichukuangjia/src/Format.php(51): Lovetrytry\Jichukuangjia\Format\CMD->__construct()
#5 /life-api/vendor/lovetrytry/jichukuangjia/src/Format.php(24): Lovetrytry\Jichukuangjia\Format->getClass()
#6 /life-api/vendor/lovetrytry/jichukuangjia/src/Response.php(31): Lovetrytry\Jichukuangjia\Format->__construct()
#7 /life-api/vendor/lovetrytry/jichukuangjia/src/Middleware/Response.php(58): Lovetrytry\Jichukuangjia\Response->handle()
#8 /life-api/vendor/hyperf/dispatcher/src/AbstractRequestHandler.php(64): Lovetrytry\Jichukuangjia\Middleware\Response->process()
#9 /life-api/vendor/hyperf/dispatcher/src/HttpRequestHandler.php(26): Hyperf\Dispatcher\AbstractRequestHandler->handleRequest()
#10 /life-api/runtime/container/proxy/App_Middleware_Response.proxy.php(50): Hyperf\Dispatcher\HttpRequestHandler->handle()
#11 /life-api/vendor/hyperf/dispatcher/src/AbstractRequestHandler.php(64): App\Middleware\Response->process()
#12 /life-api/vendor/hyperf/dispatcher/src/HttpRequestHandler.php(26): Hyperf\Dispatcher\AbstractRequestHandler->handleRequest()
#13 /life-api/app/Middleware/Request.php(46): Hyperf\Dispatcher\HttpRequestHandler->handle()
#14 /life-api/vendor/hyperf/dispatcher/src/AbstractRequestHandler.php(64): App\Middleware\Request->process()
#15 /life-api/vendor/hyperf/dispatcher/src/HttpRequestHandler.php(26): Hyperf\Dispatcher\AbstractRequestHandler->handleRequest()
#16 /life-api/app/Middleware/Sign.php(37): Hyperf\Dispatcher\HttpRequestHandler->handle()
#17 /life-api/vendor/hyperf/dispatcher/src/AbstractRequestHandler.php(64): App\Middleware\Sign->process()
#18 /life-api/vendor/hyperf/dispatcher/src/HttpRequestHandler.php(26): Hyperf\Dispatcher\AbstractRequestHandler->handleRequest()
#19 /life-api/vendor/hyperf/dispatcher/src/HttpDispatcher.php(40): Hyperf\Dispatcher\HttpRequestHandler->handle()
#20 /life-api/vendor/hyperf/http-server/src/Server.php(116): Hyperf\Dispatcher\HttpDispatcher->dispatch()
#21 {main} [] []
[2021-08-10 10:37:19] log.ERROR: Argument 1 passed to Lovetrytry\Jichukuangjia\Mock\Handler::__construct() must be of the type string, null given, called in /life-api/vendor/lovetrytry/jichukuangjia/src/Validation/InterfaceResponse.php on line 52[36] in /life-api/vendor/lovetrytry/jichukuangjia/src/Mock/Handler.php [] []
[2021-08-10 10:37:19] log.ERROR: #0 /life-api/vendor/lovetrytry/jichukuangjia/src/Validation/InterfaceResponse.php(52): Lovetrytry\Jichukuangjia\Mock\Handler->__construct()
#1 /life-api/vendor/lovetrytry/jichukuangjia/src/Format/CMD.php(141): Lovetrytry\Jichukuangjia\Validation\InterfaceResponse->__construct()
#2 /life-api/vendor/lovetrytry/jichukuangjia/src/Format/CMD.php(81): Lovetrytry\Jichukuangjia\Format\CMD->handleData()
#3 /life-api/vendor/lovetrytry/jichukuangjia/src/Format/CMD.php(38): Lovetrytry\Jichukuangjia\Format\CMD->setData()
#4 /life-api/vendor/lovetrytry/jichukuangjia/src/Format.php(51): Lovetrytry\Jichukuangjia\Format\CMD->__construct()
#5 /life-api/vendor/lovetrytry/jichukuangjia/src/Format.php(24): Lovetrytry\Jichukuangjia\Format->getClass()
#6 /life-api/vendor/lovetrytry/jichukuangjia/src/Response.php(31): Lovetrytry\Jichukuangjia\Format->__construct()
#7 /life-api/vendor/lovetrytry/jichukuangjia/src/Middleware/Response.php(58): Lovetrytry\Jichukuangjia\Response->handle()
#8 /life-api/vendor/hyperf/dispatcher/src/AbstractRequestHandler.php(64): Lovetrytry\Jichukuangjia\Middleware\Response->process()
#9 /life-api/vendor/hyperf/dispatcher/src/HttpRequestHandler.php(26): Hyperf\Dispatcher\AbstractRequestHandler->handleRequest()
#10 /life-api/runtime/container/proxy/App_Middleware_Response.proxy.php(50): Hyperf\Dispatcher\HttpRequestHandler->handle()
#11 /life-api/vendor/hyperf/dispatcher/src/AbstractRequestHandler.php(64): App\Middleware\Response->process()
#12 /life-api/vendor/hyperf/dispatcher/src/HttpRequestHandler.php(26): Hyperf\Dispatcher\AbstractRequestHandler->handleRequest()
#13 /life-api/app/Middleware/Request.php(46): Hyperf\Dispatcher\HttpRequestHandler->handle()
#14 /life-api/vendor/hyperf/dispatcher/src/AbstractRequestHandler.php(64): App\Middleware\Request->process()
#15 /life-api/vendor/hyperf/dispatcher/src/HttpRequestHandler.php(26): Hyperf\Dispatcher\AbstractRequestHandler->handleRequest()
#16 /life-api/app/Middleware/Sign.php(37): Hyperf\Dispatcher\HttpRequestHandler->handle()
#17 /life-api/vendor/hyperf/dispatcher/src/AbstractRequestHandler.php(64): App\Middleware\Sign->process()
#18 /life-api/vendor/hyperf/dispatcher/src/HttpRequestHandler.php(26): Hyperf\Dispatcher\AbstractRequestHandler->handleRequest()
#19 /life-api/vendor/hyperf/dispatcher/src/HttpDispatcher.php(40): Hyperf\Dispatcher\HttpRequestHandler->handle()
#20 /life-api/vendor/hyperf/http-server/src/Server.php(116): Hyperf\Dispatcher\HttpDispatcher->dispatch()
#21 {main} [] []
[2021-08-10 10:38:26] log.ERROR: Argument 1 passed to Lovetrytry\Jichukuangjia\Mock\Handler::__construct() must be of the type string, null given, called in /life-api/vendor/lovetrytry/jichukuangjia/src/Validation/InterfaceResponse.php on line 52[36] in /life-api/vendor/lovetrytry/jichukuangjia/src/Mock/Handler.php [] []
[2021-08-10 10:38:26] log.ERROR: #0 /life-api/vendor/lovetrytry/jichukuangjia/src/Validation/InterfaceResponse.php(52): Lovetrytry\Jichukuangjia\Mock\Handler->__construct()
#1 /life-api/vendor/lovetrytry/jichukuangjia/src/Format/CMD.php(141): Lovetrytry\Jichukuangjia\Validation\InterfaceResponse->__construct()
#2 /life-api/vendor/lovetrytry/jichukuangjia/src/Format/CMD.php(81): Lovetrytry\Jichukuangjia\Format\CMD->handleData()
#3 /life-api/vendor/lovetrytry/jichukuangjia/src/Format/CMD.php(38): Lovetrytry\Jichukuangjia\Format\CMD->setData()
#4 /life-api/vendor/lovetrytry/jichukuangjia/src/Format.php(51): Lovetrytry\Jichukuangjia\Format\CMD->__construct()
#5 /life-api/vendor/lovetrytry/jichukuangjia/src/Format.php(24): Lovetrytry\Jichukuangjia\Format->getClass()
#6 /life-api/vendor/lovetrytry/jichukuangjia/src/Response.php(31): Lovetrytry\Jichukuangjia\Format->__construct()
#7 /life-api/vendor/lovetrytry/jichukuangjia/src/Middleware/Response.php(58): Lovetrytry\Jichukuangjia\Response->handle()
#8 /life-api/vendor/hyperf/dispatcher/src/AbstractRequestHandler.php(64): Lovetrytry\Jichukuangjia\Middleware\Response->process()
#9 /life-api/vendor/hyperf/dispatcher/src/HttpRequestHandler.php(26): Hyperf\Dispatcher\AbstractRequestHandler->handleRequest()
#10 /life-api/runtime/container/proxy/App_Middleware_Response.proxy.php(50): Hyperf\Dispatcher\HttpRequestHandler->handle()
#11 /life-api/vendor/hyperf/dispatcher/src/AbstractRequestHandler.php(64): App\Middleware\Response->process()
#12 /life-api/vendor/hyperf/dispatcher/src/HttpRequestHandler.php(26): Hyperf\Dispatcher\AbstractRequestHandler->handleRequest()
#13 /life-api/app/Middleware/Request.php(46): Hyperf\Dispatcher\HttpRequestHandler->handle()
#14 /life-api/vendor/hyperf/dispatcher/src/AbstractRequestHandler.php(64): App\Middleware\Request->process()
#15 /life-api/vendor/hyperf/dispatcher/src/HttpRequestHandler.php(26): Hyperf\Dispatcher\AbstractRequestHandler->handleRequest()
#16 /life-api/app/Middleware/Sign.php(37): Hyperf\Dispatcher\HttpRequestHandler->handle()
#17 /life-api/vendor/hyperf/dispatcher/src/AbstractRequestHandler.php(64): App\Middleware\Sign->process()
#18 /life-api/vendor/hyperf/dispatcher/src/HttpRequestHandler.php(26): Hyperf\Dispatcher\AbstractRequestHandler->handleRequest()
#19 /life-api/vendor/hyperf/dispatcher/src/HttpDispatcher.php(40): Hyperf\Dispatcher\HttpRequestHandler->handle()
#20 /life-api/vendor/hyperf/http-server/src/Server.php(116): Hyperf\Dispatcher\HttpDispatcher->dispatch()
#21 {main} [] []
[2021-08-10 10:38:40] log.ERROR: Argument 1 passed to Lovetrytry\Jichukuangjia\Mock\Handler::__construct() must be of the type string, null given, called in /life-api/vendor/lovetrytry/jichukuangjia/src/Validation/InterfaceResponse.php on line 52[36] in /life-api/vendor/lovetrytry/jichukuangjia/src/Mock/Handler.php [] []
[2021-08-10 10:38:40] log.ERROR: #0 /life-api/vendor/lovetrytry/jichukuangjia/src/Validation/InterfaceResponse.php(52): Lovetrytry\Jichukuangjia\Mock\Handler->__construct()
#1 /life-api/vendor/lovetrytry/jichukuangjia/src/Format/CMD.php(141): Lovetrytry\Jichukuangjia\Validation\InterfaceResponse->__construct()
#2 /life-api/vendor/lovetrytry/jichukuangjia/src/Format/CMD.php(81): Lovetrytry\Jichukuangjia\Format\CMD->handleData()
#3 /life-api/vendor/lovetrytry/jichukuangjia/src/Format/CMD.php(38): Lovetrytry\Jichukuangjia\Format\CMD->setData()
#4 /life-api/vendor/lovetrytry/jichukuangjia/src/Format.php(51): Lovetrytry\Jichukuangjia\Format\CMD->__construct()
#5 /life-api/vendor/lovetrytry/jichukuangjia/src/Format.php(24): Lovetrytry\Jichukuangjia\Format->getClass()
#6 /life-api/vendor/lovetrytry/jichukuangjia/src/Response.php(31): Lovetrytry\Jichukuangjia\Format->__construct()
#7 /life-api/vendor/lovetrytry/jichukuangjia/src/Middleware/Response.php(58): Lovetrytry\Jichukuangjia\Response->handle()
#8 /life-api/vendor/hyperf/dispatcher/src/AbstractRequestHandler.php(64): Lovetrytry\Jichukuangjia\Middleware\Response->process()
#9 /life-api/vendor/hyperf/dispatcher/src/HttpRequestHandler.php(26): Hyperf\Dispatcher\AbstractRequestHandler->handleRequest()
#10 /life-api/runtime/container/proxy/App_Middleware_Response.proxy.php(50): Hyperf\Dispatcher\HttpRequestHandler->handle()
#11 /life-api/vendor/hyperf/dispatcher/src/AbstractRequestHandler.php(64): App\Middleware\Response->process()
#12 /life-api/vendor/hyperf/dispatcher/src/HttpRequestHandler.php(26): Hyperf\Dispatcher\AbstractRequestHandler->handleRequest()
#13 /life-api/app/Middleware/Request.php(45): Hyperf\Dispatcher\HttpRequestHandler->handle()
#14 /life-api/vendor/hyperf/dispatcher/src/AbstractRequestHandler.php(64): App\Middleware\Request->process()
#15 /life-api/vendor/hyperf/dispatcher/src/HttpRequestHandler.php(26): Hyperf\Dispatcher\AbstractRequestHandler->handleRequest()
#16 /life-api/app/Middleware/Sign.php(37): Hyperf\Dispatcher\HttpRequestHandler->handle()
#17 /life-api/vendor/hyperf/dispatcher/src/AbstractRequestHandler.php(64): App\Middleware\Sign->process()
#18 /life-api/vendor/hyperf/dispatcher/src/HttpRequestHandler.php(26): Hyperf\Dispatcher\AbstractRequestHandler->handleRequest()
#19 /life-api/vendor/hyperf/dispatcher/src/HttpDispatcher.php(40): Hyperf\Dispatcher\HttpRequestHandler->handle()
#20 /life-api/vendor/hyperf/http-server/src/Server.php(116): Hyperf\Dispatcher\HttpDispatcher->dispatch()
#21 {main} [] []
[2021-08-10 10:39:47] log.ERROR: SQLSTATE[HY000] [2002] Connection refused (SQL: select * from `life_sms` where (`id` = 1) limit 1)[1082] in /life-api/vendor/hyperf/database/src/Connection.php [] []
[2021-08-10 10:39:47] log.ERROR: #0 /life-api/vendor/hyperf/database/src/Connection.php(1039): Hyperf\Database\Connection->runQueryCallback()
#1 /life-api/vendor/hyperf/database/src/Connection.php(289): Hyperf\Database\Connection->run()
#2 /life-api/vendor/hyperf/db-connection/src/Connection.php(68): Hyperf\Database\Connection->select()
#3 /life-api/vendor/hyperf/db-connection/src/Traits/DbConnection.php(41): Hyperf\DbConnection\Connection->__call()
#4 /life-api/vendor/hyperf/database/src/Query/Builder.php(2718): Hyperf\DbConnection\Connection->select()
#5 /life-api/vendor/hyperf/database/src/Query/Builder.php(1860): Hyperf\Database\Query\Builder->runSelect()
#6 /life-api/vendor/hyperf/database/src/Query/Builder.php(2883): Hyperf\Database\Query\Builder->Hyperf\Database\Query\{closure}()
#7 /life-api/vendor/hyperf/database/src/Query/Builder.php(1861): Hyperf\Database\Query\Builder->onceWithColumns()
#8 /life-api/vendor/hyperf/database/src/Model/Builder.php(591): Hyperf\Database\Query\Builder->get()
#9 /life-api/vendor/hyperf/database/src/Model/Builder.php(575): Hyperf\Database\Model\Builder->getModels()
#10 /life-api/vendor/hyperf/database/src/Concerns/BuildsQueries.php(86): Hyperf\Database\Model\Builder->get()
#11 /life-api/runtime/container/proxy/App_Actions_Notice_Test_Test.proxy.php(57): Hyperf\Database\Model\Builder->first()
#12 /life-api/vendor/hyperf/http-server/src/CoreMiddleware.php(161): App\Actions\Notice\Test\Test->handle()
#13 /life-api/vendor/hyperf/http-server/src/CoreMiddleware.php(113): Hyperf\HttpServer\CoreMiddleware->handleFound()
#14 /life-api/vendor/hyperf/dispatcher/src/AbstractRequestHandler.php(64): Hyperf\HttpServer\CoreMiddleware->process()
#15 /life-api/vendor/hyperf/dispatcher/src/HttpRequestHandler.php(26): Hyperf\Dispatcher\AbstractRequestHandler->handleRequest()
#16 /life-api/app/Middleware/Redirect/UnLogged.php(39): Hyperf\Dispatcher\HttpRequestHandler->handle()
#17 /life-api/vendor/hyperf/dispatcher/src/AbstractRequestHandler.php(64): App\Middleware\Redirect\UnLogged->process()
#18 /life-api/vendor/hyperf/dispatcher/src/HttpRequestHandler.php(26): Hyperf\Dispatcher\AbstractRequestHandler->handleRequest()
#19 /life-api/vendor/lovetrytry/jichukuangjia/src/Middleware/Response.php(56): Hyperf\Dispatcher\HttpRequestHandler->handle()
#20 /life-api/vendor/hyperf/dispatcher/src/AbstractRequestHandler.php(64): Lovetrytry\Jichukuangjia\Middleware\Response->process()
#21 /life-api/vendor/hyperf/dispatcher/src/HttpRequestHandler.php(26): Hyperf\Dispatcher\AbstractRequestHandler->handleRequest()
#22 /life-api/runtime/container/proxy/App_Middleware_Response.proxy.php(50): Hyperf\Dispatcher\HttpRequestHandler->handle()
#23 /life-api/vendor/hyperf/dispatcher/src/AbstractRequestHandler.php(64): App\Middleware\Response->process()
#24 /life-api/vendor/hyperf/dispatcher/src/HttpRequestHandler.php(26): Hyperf\Dispatcher\AbstractRequestHandler->handleRequest()
#25 /life-api/app/Middleware/Request.php(45): Hyperf\Dispatcher\HttpRequestHandler->handle()
#26 /life-api/vendor/hyperf/dispatcher/src/AbstractRequestHandler.php(64): App\Middleware\Request->process()
#27 /life-api/vendor/hyperf/dispatcher/src/HttpRequestHandler.php(26): Hyperf\Dispatcher\AbstractRequestHandler->handleRequest()
#28 /life-api/app/Middleware/Sign.php(37): Hyperf\Dispatcher\HttpRequestHandler->handle()
#29 /life-api/vendor/hyperf/dispatcher/src/AbstractRequestHandler.php(64): App\Middleware\Sign->process()
#30 /life-api/vendor/hyperf/dispatcher/src/HttpRequestHandler.php(26): Hyperf\Dispatcher\AbstractRequestHandler->handleRequest()
#31 /life-api/vendor/hyperf/dispatcher/src/HttpDispatcher.php(40): Hyperf\Dispatcher\HttpRequestHandler->handle()
#32 /life-api/vendor/hyperf/http-server/src/Server.php(116): Hyperf\Dispatcher\HttpDispatcher->dispatch()
#33 {main} [] []
[2021-08-10 10:39:48] log.ERROR: Argument 1 passed to Lovetrytry\Jichukuangjia\Mock\Handler::__construct() must be of the type string, null given, called in /life-api/vendor/lovetrytry/jichukuangjia/src/Validation/InterfaceResponse.php on line 52[36] in /life-api/vendor/lovetrytry/jichukuangjia/src/Mock/Handler.php [] []
[2021-08-10 10:39:48] log.ERROR: #0 /life-api/vendor/lovetrytry/jichukuangjia/src/Validation/InterfaceResponse.php(52): Lovetrytry\Jichukuangjia\Mock\Handler->__construct()
#1 /life-api/vendor/lovetrytry/jichukuangjia/src/Format/CMD.php(141): Lovetrytry\Jichukuangjia\Validation\InterfaceResponse->__construct()
#2 /life-api/vendor/lovetrytry/jichukuangjia/src/Format/CMD.php(81): Lovetrytry\Jichukuangjia\Format\CMD->handleData()
#3 /life-api/vendor/lovetrytry/jichukuangjia/src/Format/CMD.php(38): Lovetrytry\Jichukuangjia\Format\CMD->setData()
#4 /life-api/vendor/lovetrytry/jichukuangjia/src/Format.php(51): Lovetrytry\Jichukuangjia\Format\CMD->__construct()
#5 /life-api/vendor/lovetrytry/jichukuangjia/src/Format.php(24): Lovetrytry\Jichukuangjia\Format->getClass()
#6 /life-api/vendor/lovetrytry/jichukuangjia/src/Response.php(31): Lovetrytry\Jichukuangjia\Format->__construct()
#7 /life-api/vendor/lovetrytry/jichukuangjia/src/Middleware/Response.php(58): Lovetrytry\Jichukuangjia\Response->handle()
#8 /life-api/vendor/hyperf/dispatcher/src/AbstractRequestHandler.php(64): Lovetrytry\Jichukuangjia\Middleware\Response->process()
#9 /life-api/vendor/hyperf/dispatcher/src/HttpRequestHandler.php(26): Hyperf\Dispatcher\AbstractRequestHandler->handleRequest()
#10 /life-api/runtime/container/proxy/App_Middleware_Response.proxy.php(50): Hyperf\Dispatcher\HttpRequestHandler->handle()
#11 /life-api/vendor/hyperf/dispatcher/src/AbstractRequestHandler.php(64): App\Middleware\Response->process()
#12 /life-api/vendor/hyperf/dispatcher/src/HttpRequestHandler.php(26): Hyperf\Dispatcher\AbstractRequestHandler->handleRequest()
#13 /life-api/app/Middleware/Request.php(45): Hyperf\Dispatcher\HttpRequestHandler->handle()
#14 /life-api/vendor/hyperf/dispatcher/src/AbstractRequestHandler.php(64): App\Middleware\Request->process()
#15 /life-api/vendor/hyperf/dispatcher/src/HttpRequestHandler.php(26): Hyperf\Dispatcher\AbstractRequestHandler->handleRequest()
#16 /life-api/app/Middleware/Sign.php(37): Hyperf\Dispatcher\HttpRequestHandler->handle()
#17 /life-api/vendor/hyperf/dispatcher/src/AbstractRequestHandler.php(64): App\Middleware\Sign->process()
#18 /life-api/vendor/hyperf/dispatcher/src/HttpRequestHandler.php(26): Hyperf\Dispatcher\AbstractRequestHandler->handleRequest()
#19 /life-api/vendor/hyperf/dispatcher/src/HttpDispatcher.php(40): Hyperf\Dispatcher\HttpRequestHandler->handle()
#20 /life-api/vendor/hyperf/http-server/src/Server.php(116): Hyperf\Dispatcher\HttpDispatcher->dispatch()
#21 {main} [] []
[2021-08-10 10:41:01] log.ERROR: Argument 1 passed to Lovetrytry\Jichukuangjia\Mock\Handler::__construct() must be of the type string, null given, called in /life-api/vendor/lovetrytry/jichukuangjia/src/Validation/InterfaceResponse.php on line 52[36] in /life-api/vendor/lovetrytry/jichukuangjia/src/Mock/Handler.php [] []
[2021-08-10 10:41:01] log.ERROR: #0 /life-api/vendor/lovetrytry/jichukuangjia/src/Validation/InterfaceResponse.php(52): Lovetrytry\Jichukuangjia\Mock\Handler->__construct()
#1 /life-api/vendor/lovetrytry/jichukuangjia/src/Format/CMD.php(141): Lovetrytry\Jichukuangjia\Validation\InterfaceResponse->__construct()
#2 /life-api/vendor/lovetrytry/jichukuangjia/src/Format/CMD.php(81): Lovetrytry\Jichukuangjia\Format\CMD->handleData()
#3 /life-api/vendor/lovetrytry/jichukuangjia/src/Format/CMD.php(38): Lovetrytry\Jichukuangjia\Format\CMD->setData()
#4 /life-api/vendor/lovetrytry/jichukuangjia/src/Format.php(51): Lovetrytry\Jichukuangjia\Format\CMD->__construct()
#5 /life-api/vendor/lovetrytry/jichukuangjia/src/Format.php(24): Lovetrytry\Jichukuangjia\Format->getClass()
#6 /life-api/vendor/lovetrytry/jichukuangjia/src/Response.php(31): Lovetrytry\Jichukuangjia\Format->__construct()
#7 /life-api/vendor/lovetrytry/jichukuangjia/src/Middleware/Response.php(58): Lovetrytry\Jichukuangjia\Response->handle()
#8 /life-api/vendor/hyperf/dispatcher/src/AbstractRequestHandler.php(64): Lovetrytry\Jichukuangjia\Middleware\Response->process()
#9 /life-api/vendor/hyperf/dispatcher/src/HttpRequestHandler.php(26): Hyperf\Dispatcher\AbstractRequestHandler->handleRequest()
#10 /life-api/runtime/container/proxy/App_Middleware_Response.proxy.php(50): Hyperf\Dispatcher\HttpRequestHandler->handle()
#11 /life-api/vendor/hyperf/dispatcher/src/AbstractRequestHandler.php(64): App\Middleware\Response->process()
#12 /life-api/vendor/hyperf/dispatcher/src/HttpRequestHandler.php(26): Hyperf\Dispatcher\AbstractRequestHandler->handleRequest()
#13 /life-api/app/Middleware/Request.php(45): Hyperf\Dispatcher\HttpRequestHandler->handle()
#14 /life-api/vendor/hyperf/dispatcher/src/AbstractRequestHandler.php(64): App\Middleware\Request->process()
#15 /life-api/vendor/hyperf/dispatcher/src/HttpRequestHandler.php(26): Hyperf\Dispatcher\AbstractRequestHandler->handleRequest()
#16 /life-api/app/Middleware/Sign.php(37): Hyperf\Dispatcher\HttpRequestHandler->handle()
#17 /life-api/vendor/hyperf/dispatcher/src/AbstractRequestHandler.php(64): App\Middleware\Sign->process()
#18 /life-api/vendor/hyperf/dispatcher/src/HttpRequestHandler.php(26): Hyperf\Dispatcher\AbstractRequestHandler->handleRequest()
#19 /life-api/vendor/hyperf/dispatcher/src/HttpDispatcher.php(40): Hyperf\Dispatcher\HttpRequestHandler->handle()
#20 /life-api/vendor/hyperf/http-server/src/Server.php(116): Hyperf\Dispatcher\HttpDispatcher->dispatch()
#21 {main} [] []
[2021-08-10 10:47:15] log.ERROR: array_unshift() expects parameter 1 to be array, null given[87] in /life-api/runtime/container/proxy/App_Middleware_Response.proxy.php [] []
[2021-08-10 10:47:15] log.ERROR: #0 /life-api/runtime/container/proxy/App_Middleware_Response.proxy.php(87): array_unshift()
#1 /life-api/runtime/container/proxy/App_Middleware_Response.proxy.php(51): App\Middleware\Response->handleSqlInfo()
#2 /life-api/vendor/hyperf/dispatcher/src/AbstractRequestHandler.php(64): App\Middleware\Response->process()
#3 /life-api/vendor/hyperf/dispatcher/src/HttpRequestHandler.php(26): Hyperf\Dispatcher\AbstractRequestHandler->handleRequest()
#4 /life-api/app/Middleware/Request.php(45): Hyperf\Dispatcher\HttpRequestHandler->handle()
#5 /life-api/vendor/hyperf/dispatcher/src/AbstractRequestHandler.php(64): App\Middleware\Request->process()
#6 /life-api/vendor/hyperf/dispatcher/src/HttpRequestHandler.php(26): Hyperf\Dispatcher\AbstractRequestHandler->handleRequest()
#7 /life-api/app/Middleware/Sign.php(37): Hyperf\Dispatcher\HttpRequestHandler->handle()
#8 /life-api/vendor/hyperf/dispatcher/src/AbstractRequestHandler.php(64): App\Middleware\Sign->process()
#9 /life-api/vendor/hyperf/dispatcher/src/HttpRequestHandler.php(26): Hyperf\Dispatcher\AbstractRequestHandler->handleRequest()
#10 /life-api/vendor/hyperf/dispatcher/src/HttpDispatcher.php(40): Hyperf\Dispatcher\HttpRequestHandler->handle()
#11 /life-api/vendor/hyperf/http-server/src/Server.php(116): Hyperf\Dispatcher\HttpDispatcher->dispatch()
#12 {main} [] []
[2021-08-10 10:47:16] log.ERROR: Argument 1 passed to Lovetrytry\Jichukuangjia\Mock\Handler::__construct() must be of the type string, null given, called in /life-api/vendor/lovetrytry/jichukuangjia/src/Validation/InterfaceResponse.php on line 52[36] in /life-api/vendor/lovetrytry/jichukuangjia/src/Mock/Handler.php [] []
[2021-08-10 10:47:16] log.ERROR: #0 /life-api/vendor/lovetrytry/jichukuangjia/src/Validation/InterfaceResponse.php(52): Lovetrytry\Jichukuangjia\Mock\Handler->__construct()
#1 /life-api/vendor/lovetrytry/jichukuangjia/src/Format/CMD.php(141): Lovetrytry\Jichukuangjia\Validation\InterfaceResponse->__construct()
#2 /life-api/vendor/lovetrytry/jichukuangjia/src/Format/CMD.php(81): Lovetrytry\Jichukuangjia\Format\CMD->handleData()
#3 /life-api/vendor/lovetrytry/jichukuangjia/src/Format/CMD.php(38): Lovetrytry\Jichukuangjia\Format\CMD->setData()
#4 /life-api/vendor/lovetrytry/jichukuangjia/src/Format.php(51): Lovetrytry\Jichukuangjia\Format\CMD->__construct()
#5 /life-api/vendor/lovetrytry/jichukuangjia/src/Format.php(24): Lovetrytry\Jichukuangjia\Format->getClass()
#6 /life-api/vendor/lovetrytry/jichukuangjia/src/Response.php(31): Lovetrytry\Jichukuangjia\Format->__construct()
#7 /life-api/vendor/lovetrytry/jichukuangjia/src/Middleware/Response.php(58): Lovetrytry\Jichukuangjia\Response->handle()
#8 /life-api/vendor/hyperf/dispatcher/src/AbstractRequestHandler.php(64): Lovetrytry\Jichukuangjia\Middleware\Response->process()
#9 /life-api/vendor/hyperf/dispatcher/src/HttpRequestHandler.php(26): Hyperf\Dispatcher\AbstractRequestHandler->handleRequest()
#10 /life-api/runtime/container/proxy/App_Middleware_Response.proxy.php(50): Hyperf\Dispatcher\HttpRequestHandler->handle()
#11 /life-api/vendor/hyperf/dispatcher/src/AbstractRequestHandler.php(64): App\Middleware\Response->process()
#12 /life-api/vendor/hyperf/dispatcher/src/HttpRequestHandler.php(26): Hyperf\Dispatcher\AbstractRequestHandler->handleRequest()
#13 /life-api/app/Middleware/Request.php(45): Hyperf\Dispatcher\HttpRequestHandler->handle()
#14 /life-api/vendor/hyperf/dispatcher/src/AbstractRequestHandler.php(64): App\Middleware\Request->process()
#15 /life-api/vendor/hyperf/dispatcher/src/HttpRequestHandler.php(26): Hyperf\Dispatcher\AbstractRequestHandler->handleRequest()
#16 /life-api/app/Middleware/Sign.php(37): Hyperf\Dispatcher\HttpRequestHandler->handle()
#17 /life-api/vendor/hyperf/dispatcher/src/AbstractRequestHandler.php(64): App\Middleware\Sign->process()
#18 /life-api/vendor/hyperf/dispatcher/src/HttpRequestHandler.php(26): Hyperf\Dispatcher\AbstractRequestHandler->handleRequest()
#19 /life-api/vendor/hyperf/dispatcher/src/HttpDispatcher.php(40): Hyperf\Dispatcher\HttpRequestHandler->handle()
#20 /life-api/vendor/hyperf/http-server/src/Server.php(116): Hyperf\Dispatcher\HttpDispatcher->dispatch()
#21 {main} [] []
[2021-08-10 10:48:43] log.ERROR: Argument 1 passed to Lovetrytry\Jichukuangjia\Mock\Handler::__construct() must be of the type string, null given, called in /life-api/vendor/lovetrytry/jichukuangjia/src/Validation/InterfaceResponse.php on line 52[36] in /life-api/vendor/lovetrytry/jichukuangjia/src/Mock/Handler.php [] []
[2021-08-10 10:48:43] log.ERROR: #0 /life-api/vendor/lovetrytry/jichukuangjia/src/Validation/InterfaceResponse.php(52): Lovetrytry\Jichukuangjia\Mock\Handler->__construct()
#1 /life-api/vendor/lovetrytry/jichukuangjia/src/Format/CMD.php(141): Lovetrytry\Jichukuangjia\Validation\InterfaceResponse->__construct()
#2 /life-api/vendor/lovetrytry/jichukuangjia/src/Format/CMD.php(81): Lovetrytry\Jichukuangjia\Format\CMD->handleData()
#3 /life-api/vendor/lovetrytry/jichukuangjia/src/Format/CMD.php(38): Lovetrytry\Jichukuangjia\Format\CMD->setData()
#4 /life-api/vendor/lovetrytry/jichukuangjia/src/Format.php(51): Lovetrytry\Jichukuangjia\Format\CMD->__construct()
#5 /life-api/vendor/lovetrytry/jichukuangjia/src/Format.php(24): Lovetrytry\Jichukuangjia\Format->getClass()
#6 /life-api/vendor/lovetrytry/jichukuangjia/src/Response.php(31): Lovetrytry\Jichukuangjia\Format->__construct()
#7 /life-api/vendor/lovetrytry/jichukuangjia/src/Middleware/Response.php(58): Lovetrytry\Jichukuangjia\Response->handle()
#8 /life-api/vendor/hyperf/dispatcher/src/AbstractRequestHandler.php(64): Lovetrytry\Jichukuangjia\Middleware\Response->process()
#9 /life-api/vendor/hyperf/dispatcher/src/HttpRequestHandler.php(26): Hyperf\Dispatcher\AbstractRequestHandler->handleRequest()
#10 /life-api/runtime/container/proxy/App_Middleware_Response.proxy.php(50): Hyperf\Dispatcher\HttpRequestHandler->handle()
#11 /life-api/vendor/hyperf/dispatcher/src/AbstractRequestHandler.php(64): App\Middleware\Response->process()
#12 /life-api/vendor/hyperf/dispatcher/src/HttpRequestHandler.php(26): Hyperf\Dispatcher\AbstractRequestHandler->handleRequest()
#13 /life-api/app/Middleware/Request.php(45): Hyperf\Dispatcher\HttpRequestHandler->handle()
#14 /life-api/vendor/hyperf/dispatcher/src/AbstractRequestHandler.php(64): App\Middleware\Request->process()
#15 /life-api/vendor/hyperf/dispatcher/src/HttpRequestHandler.php(26): Hyperf\Dispatcher\AbstractRequestHandler->handleRequest()
#16 /life-api/app/Middleware/Sign.php(37): Hyperf\Dispatcher\HttpRequestHandler->handle()
#17 /life-api/vendor/hyperf/dispatcher/src/AbstractRequestHandler.php(64): App\Middleware\Sign->process()
#18 /life-api/vendor/hyperf/dispatcher/src/HttpRequestHandler.php(26): Hyperf\Dispatcher\AbstractRequestHandler->handleRequest()
#19 /life-api/vendor/hyperf/dispatcher/src/HttpDispatcher.php(40): Hyperf\Dispatcher\HttpRequestHandler->handle()
#20 /life-api/vendor/hyperf/http-server/src/Server.php(116): Hyperf\Dispatcher\HttpDispatcher->dispatch()
#21 {main} [] []
[2021-08-10 10:49:19] log.ERROR: Argument 1 passed to Lovetrytry\Jichukuangjia\Mock\Handler::__construct() must be of the type string, null given, called in /life-api/vendor/lovetrytry/jichukuangjia/src/Validation/InterfaceResponse.php on line 52[36] in /life-api/vendor/lovetrytry/jichukuangjia/src/Mock/Handler.php [] []
[2021-08-10 10:49:19] log.ERROR: #0 /life-api/vendor/lovetrytry/jichukuangjia/src/Validation/InterfaceResponse.php(52): Lovetrytry\Jichukuangjia\Mock\Handler->__construct()
#1 /life-api/vendor/lovetrytry/jichukuangjia/src/Format/CMD.php(141): Lovetrytry\Jichukuangjia\Validation\InterfaceResponse->__construct()
#2 /life-api/vendor/lovetrytry/jichukuangjia/src/Format/CMD.php(81): Lovetrytry\Jichukuangjia\Format\CMD->handleData()
#3 /life-api/vendor/lovetrytry/jichukuangjia/src/Format/CMD.php(38): Lovetrytry\Jichukuangjia\Format\CMD->setData()
#4 /life-api/vendor/lovetrytry/jichukuangjia/src/Format.php(51): Lovetrytry\Jichukuangjia\Format\CMD->__construct()
#5 /life-api/vendor/lovetrytry/jichukuangjia/src/Format.php(24): Lovetrytry\Jichukuangjia\Format->getClass()
#6 /life-api/vendor/lovetrytry/jichukuangjia/src/Response.php(31): Lovetrytry\Jichukuangjia\Format->__construct()
#7 /life-api/vendor/lovetrytry/jichukuangjia/src/Middleware/Response.php(58): Lovetrytry\Jichukuangjia\Response->handle()
#8 /life-api/vendor/hyperf/dispatcher/src/AbstractRequestHandler.php(64): Lovetrytry\Jichukuangjia\Middleware\Response->process()
#9 /life-api/vendor/hyperf/dispatcher/src/HttpRequestHandler.php(26): Hyperf\Dispatcher\AbstractRequestHandler->handleRequest()
#10 /life-api/runtime/container/proxy/App_Middleware_Response.proxy.php(50): Hyperf\Dispatcher\HttpRequestHandler->handle()
#11 /life-api/vendor/hyperf/dispatcher/src/AbstractRequestHandler.php(64): App\Middleware\Response->process()
#12 /life-api/vendor/hyperf/dispatcher/src/HttpRequestHandler.php(26): Hyperf\Dispatcher\AbstractRequestHandler->handleRequest()
#13 /life-api/app/Middleware/Request.php(45): Hyperf\Dispatcher\HttpRequestHandler->handle()
#14 /life-api/vendor/hyperf/dispatcher/src/AbstractRequestHandler.php(64): App\Middleware\Request->process()
#15 /life-api/vendor/hyperf/dispatcher/src/HttpRequestHandler.php(26): Hyperf\Dispatcher\AbstractRequestHandler->handleRequest()
#16 /life-api/app/Middleware/Sign.php(37): Hyperf\Dispatcher\HttpRequestHandler->handle()
#17 /life-api/vendor/hyperf/dispatcher/src/AbstractRequestHandler.php(64): App\Middleware\Sign->process()
#18 /life-api/vendor/hyperf/dispatcher/src/HttpRequestHandler.php(26): Hyperf\Dispatcher\AbstractRequestHandler->handleRequest()
#19 /life-api/vendor/hyperf/dispatcher/src/HttpDispatcher.php(40): Hyperf\Dispatcher\HttpRequestHandler->handle()
#20 /life-api/vendor/hyperf/http-server/src/Server.php(116): Hyperf\Dispatcher\HttpDispatcher->dispatch()
#21 {main} [] []
[2021-08-10 10:49:49] log.ERROR: Argument 1 passed to Lovetrytry\Jichukuangjia\Mock\Handler::__construct() must be of the type string, null given, called in /life-api/vendor/lovetrytry/jichukuangjia/src/Validation/InterfaceResponse.php on line 52[36] in /life-api/vendor/lovetrytry/jichukuangjia/src/Mock/Handler.php [] []
[2021-08-10 10:49:49] log.ERROR: #0 /life-api/vendor/lovetrytry/jichukuangjia/src/Validation/InterfaceResponse.php(52): Lovetrytry\Jichukuangjia\Mock\Handler->__construct()
#1 /life-api/vendor/lovetrytry/jichukuangjia/src/Format/CMD.php(141): Lovetrytry\Jichukuangjia\Validation\InterfaceResponse->__construct()
#2 /life-api/vendor/lovetrytry/jichukuangjia/src/Format/CMD.php(81): Lovetrytry\Jichukuangjia\Format\CMD->handleData()
#3 /life-api/vendor/lovetrytry/jichukuangjia/src/Format/CMD.php(38): Lovetrytry\Jichukuangjia\Format\CMD->setData()
#4 /life-api/vendor/lovetrytry/jichukuangjia/src/Format.php(51): Lovetrytry\Jichukuangjia\Format\CMD->__construct()
#5 /life-api/vendor/lovetrytry/jichukuangjia/src/Format.php(24): Lovetrytry\Jichukuangjia\Format->getClass()
#6 /life-api/vendor/lovetrytry/jichukuangjia/src/Response.php(31): Lovetrytry\Jichukuangjia\Format->__construct()
#7 /life-api/vendor/lovetrytry/jichukuangjia/src/Middleware/Response.php(58): Lovetrytry\Jichukuangjia\Response->handle()
#8 /life-api/vendor/hyperf/dispatcher/src/AbstractRequestHandler.php(64): Lovetrytry\Jichukuangjia\Middleware\Response->process()
#9 /life-api/vendor/hyperf/dispatcher/src/HttpRequestHandler.php(26): Hyperf\Dispatcher\AbstractRequestHandler->handleRequest()
#10 /life-api/runtime/container/proxy/App_Middleware_Response.proxy.php(50): Hyperf\Dispatcher\HttpRequestHandler->handle()
#11 /life-api/vendor/hyperf/dispatcher/src/AbstractRequestHandler.php(64): App\Middleware\Response->process()
#12 /life-api/vendor/hyperf/dispatcher/src/HttpRequestHandler.php(26): Hyperf\Dispatcher\AbstractRequestHandler->handleRequest()
#13 /life-api/app/Middleware/Request.php(45): Hyperf\Dispatcher\HttpRequestHandler->handle()
#14 /life-api/vendor/hyperf/dispatcher/src/AbstractRequestHandler.php(64): App\Middleware\Request->process()
#15 /life-api/vendor/hyperf/dispatcher/src/HttpRequestHandler.php(26): Hyperf\Dispatcher\AbstractRequestHandler->handleRequest()
#16 /life-api/app/Middleware/Sign.php(37): Hyperf\Dispatcher\HttpRequestHandler->handle()
#17 /life-api/vendor/hyperf/dispatcher/src/AbstractRequestHandler.php(64): App\Middleware\Sign->process()
#18 /life-api/vendor/hyperf/dispatcher/src/HttpRequestHandler.php(26): Hyperf\Dispatcher\AbstractRequestHandler->handleRequest()
#19 /life-api/vendor/hyperf/dispatcher/src/HttpDispatcher.php(40): Hyperf\Dispatcher\HttpRequestHandler->handle()
#20 /life-api/vendor/hyperf/http-server/src/Server.php(116): Hyperf\Dispatcher\HttpDispatcher->dispatch()
#21 {main} [] []
[2021-08-10 10:52:30] log.ERROR: Argument 1 passed to Lovetrytry\Jichukuangjia\Mock\Handler::__construct() must be of the type string, null given, called in /life-api/vendor/lovetrytry/jichukuangjia/src/Validation/InterfaceResponse.php on line 52[36] in /life-api/vendor/lovetrytry/jichukuangjia/src/Mock/Handler.php [] []
[2021-08-10 10:52:30] log.ERROR: #0 /life-api/vendor/lovetrytry/jichukuangjia/src/Validation/InterfaceResponse.php(52): Lovetrytry\Jichukuangjia\Mock\Handler->__construct()
#1 /life-api/vendor/lovetrytry/jichukuangjia/src/Format/CMD.php(141): Lovetrytry\Jichukuangjia\Validation\InterfaceResponse->__construct()
#2 /life-api/vendor/lovetrytry/jichukuangjia/src/Format/CMD.php(81): Lovetrytry\Jichukuangjia\Format\CMD->handleData()
#3 /life-api/vendor/lovetrytry/jichukuangjia/src/Format/CMD.php(38): Lovetrytry\Jichukuangjia\Format\CMD->setData()
#4 /life-api/vendor/lovetrytry/jichukuangjia/src/Format.php(51): Lovetrytry\Jichukuangjia\Format\CMD->__construct()
#5 /life-api/vendor/lovetrytry/jichukuangjia/src/Format.php(24): Lovetrytry\Jichukuangjia\Format->getClass()
#6 /life-api/vendor/lovetrytry/jichukuangjia/src/Response.php(31): Lovetrytry\Jichukuangjia\Format->__construct()
#7 /life-api/vendor/lovetrytry/jichukuangjia/src/Middleware/Response.php(58): Lovetrytry\Jichukuangjia\Response->handle()
#8 /life-api/vendor/hyperf/dispatcher/src/AbstractRequestHandler.php(64): Lovetrytry\Jichukuangjia\Middleware\Response->process()
#9 /life-api/vendor/hyperf/dispatcher/src/HttpRequestHandler.php(26): Hyperf\Dispatcher\AbstractRequestHandler->handleRequest()
#10 /life-api/runtime/container/proxy/App_Middleware_Response.proxy.php(50): Hyperf\Dispatcher\HttpRequestHandler->handle()
#11 /life-api/vendor/hyperf/dispatcher/src/AbstractRequestHandler.php(64): App\Middleware\Response->process()
#12 /life-api/vendor/hyperf/dispatcher/src/HttpRequestHandler.php(26): Hyperf\Dispatcher\AbstractRequestHandler->handleRequest()
#13 /life-api/app/Middleware/Request.php(45): Hyperf\Dispatcher\HttpRequestHandler->handle()
#14 /life-api/vendor/hyperf/dispatcher/src/AbstractRequestHandler.php(64): App\Middleware\Request->process()
#15 /life-api/vendor/hyperf/dispatcher/src/HttpRequestHandler.php(26): Hyperf\Dispatcher\AbstractRequestHandler->handleRequest()
#16 /life-api/app/Middleware/Sign.php(37): Hyperf\Dispatcher\HttpRequestHandler->handle()
#17 /life-api/vendor/hyperf/dispatcher/src/AbstractRequestHandler.php(64): App\Middleware\Sign->process()
#18 /life-api/vendor/hyperf/dispatcher/src/HttpRequestHandler.php(26): Hyperf\Dispatcher\AbstractRequestHandler->handleRequest()
#19 /life-api/vendor/hyperf/dispatcher/src/HttpDispatcher.php(40): Hyperf\Dispatcher\HttpRequestHandler->handle()
#20 /life-api/vendor/hyperf/http-server/src/Server.php(116): Hyperf\Dispatcher\HttpDispatcher->dispatch()
#21 {main} [] []
[2021-08-10 10:53:06] log.ERROR: Argument 1 passed to Lovetrytry\Jichukuangjia\Mock\Handler::__construct() must be of the type string, null given, called in /life-api/vendor/lovetrytry/jichukuangjia/src/Validation/InterfaceResponse.php on line 52[36] in /life-api/vendor/lovetrytry/jichukuangjia/src/Mock/Handler.php [] []
[2021-08-10 10:53:06] log.ERROR: #0 /life-api/vendor/lovetrytry/jichukuangjia/src/Validation/InterfaceResponse.php(52): Lovetrytry\Jichukuangjia\Mock\Handler->__construct()
#1 /life-api/vendor/lovetrytry/jichukuangjia/src/Format/CMD.php(141): Lovetrytry\Jichukuangjia\Validation\InterfaceResponse->__construct()
#2 /life-api/vendor/lovetrytry/jichukuangjia/src/Format/CMD.php(81): Lovetrytry\Jichukuangjia\Format\CMD->handleData()
#3 /life-api/vendor/lovetrytry/jichukuangjia/src/Format/CMD.php(38): Lovetrytry\Jichukuangjia\Format\CMD->setData()
#4 /life-api/vendor/lovetrytry/jichukuangjia/src/Format.php(51): Lovetrytry\Jichukuangjia\Format\CMD->__construct()
#5 /life-api/vendor/lovetrytry/jichukuangjia/src/Format.php(24): Lovetrytry\Jichukuangjia\Format->getClass()
#6 /life-api/vendor/lovetrytry/jichukuangjia/src/Response.php(31): Lovetrytry\Jichukuangjia\Format->__construct()
#7 /life-api/vendor/lovetrytry/jichukuangjia/src/Middleware/Response.php(58): Lovetrytry\Jichukuangjia\Response->handle()
#8 /life-api/vendor/hyperf/dispatcher/src/AbstractRequestHandler.php(64): Lovetrytry\Jichukuangjia\Middleware\Response->process()
#9 /life-api/vendor/hyperf/dispatcher/src/HttpRequestHandler.php(26): Hyperf\Dispatcher\AbstractRequestHandler->handleRequest()
#10 /life-api/runtime/container/proxy/App_Middleware_Response.proxy.php(50): Hyperf\Dispatcher\HttpRequestHandler->handle()
#11 /life-api/vendor/hyperf/dispatcher/src/AbstractRequestHandler.php(64): App\Middleware\Response->process()
#12 /life-api/vendor/hyperf/dispatcher/src/HttpRequestHandler.php(26): Hyperf\Dispatcher\AbstractRequestHandler->handleRequest()
#13 /life-api/app/Middleware/Request.php(45): Hyperf\Dispatcher\HttpRequestHandler->handle()
#14 /life-api/vendor/hyperf/dispatcher/src/AbstractRequestHandler.php(64): App\Middleware\Request->process()
#15 /life-api/vendor/hyperf/dispatcher/src/HttpRequestHandler.php(26): Hyperf\Dispatcher\AbstractRequestHandler->handleRequest()
#16 /life-api/app/Middleware/Sign.php(37): Hyperf\Dispatcher\HttpRequestHandler->handle()
#17 /life-api/vendor/hyperf/dispatcher/src/AbstractRequestHandler.php(64): App\Middleware\Sign->process()
#18 /life-api/vendor/hyperf/dispatcher/src/HttpRequestHandler.php(26): Hyperf\Dispatcher\AbstractRequestHandler->handleRequest()
#19 /life-api/vendor/hyperf/dispatcher/src/HttpDispatcher.php(40): Hyperf\Dispatcher\HttpRequestHandler->handle()
#20 /life-api/vendor/hyperf/http-server/src/Server.php(116): Hyperf\Dispatcher\HttpDispatcher->dispatch()
#21 {main} [] []
[2021-08-10 10:53:52] log.ERROR: Argument 1 passed to Lovetrytry\Jichukuangjia\Mock\Handler::__construct() must be of the type string, null given, called in /life-api/vendor/lovetrytry/jichukuangjia/src/Validation/InterfaceResponse.php on line 52[36] in /life-api/vendor/lovetrytry/jichukuangjia/src/Mock/Handler.php [] []
[2021-08-10 10:53:52] log.ERROR: #0 /life-api/vendor/lovetrytry/jichukuangjia/src/Validation/InterfaceResponse.php(52): Lovetrytry\Jichukuangjia\Mock\Handler->__construct()
#1 /life-api/vendor/lovetrytry/jichukuangjia/src/Format/CMD.php(141): Lovetrytry\Jichukuangjia\Validation\InterfaceResponse->__construct()
#2 /life-api/vendor/lovetrytry/jichukuangjia/src/Format/CMD.php(81): Lovetrytry\Jichukuangjia\Format\CMD->handleData()
#3 /life-api/vendor/lovetrytry/jichukuangjia/src/Format/CMD.php(38): Lovetrytry\Jichukuangjia\Format\CMD->setData()
#4 /life-api/vendor/lovetrytry/jichukuangjia/src/Format.php(51): Lovetrytry\Jichukuangjia\Format\CMD->__construct()
#5 /life-api/vendor/lovetrytry/jichukuangjia/src/Format.php(24): Lovetrytry\Jichukuangjia\Format->getClass()
#6 /life-api/vendor/lovetrytry/jichukuangjia/src/Response.php(31): Lovetrytry\Jichukuangjia\Format->__construct()
#7 /life-api/vendor/lovetrytry/jichukuangjia/src/Middleware/Response.php(58): Lovetrytry\Jichukuangjia\Response->handle()
#8 /life-api/vendor/hyperf/dispatcher/src/AbstractRequestHandler.php(64): Lovetrytry\Jichukuangjia\Middleware\Response->process()
#9 /life-api/vendor/hyperf/dispatcher/src/HttpRequestHandler.php(26): Hyperf\Dispatcher\AbstractRequestHandler->handleRequest()
#10 /life-api/runtime/container/proxy/App_Middleware_Response.proxy.php(50): Hyperf\Dispatcher\HttpRequestHandler->handle()
#11 /life-api/vendor/hyperf/dispatcher/src/AbstractRequestHandler.php(64): App\Middleware\Response->process()
#12 /life-api/vendor/hyperf/dispatcher/src/HttpRequestHandler.php(26): Hyperf\Dispatcher\AbstractRequestHandler->handleRequest()
#13 /life-api/app/Middleware/Request.php(45): Hyperf\Dispatcher\HttpRequestHandler->handle()
#14 /life-api/vendor/hyperf/dispatcher/src/AbstractRequestHandler.php(64): App\Middleware\Request->process()
#15 /life-api/vendor/hyperf/dispatcher/src/HttpRequestHandler.php(26): Hyperf\Dispatcher\AbstractRequestHandler->handleRequest()
#16 /life-api/app/Middleware/Sign.php(37): Hyperf\Dispatcher\HttpRequestHandler->handle()
#17 /life-api/vendor/hyperf/dispatcher/src/AbstractRequestHandler.php(64): App\Middleware\Sign->process()
#18 /life-api/vendor/hyperf/dispatcher/src/HttpRequestHandler.php(26): Hyperf\Dispatcher\AbstractRequestHandler->handleRequest()
#19 /life-api/vendor/hyperf/dispatcher/src/HttpDispatcher.php(40): Hyperf\Dispatcher\HttpRequestHandler->handle()
#20 /life-api/vendor/hyperf/http-server/src/Server.php(116): Hyperf\Dispatcher\HttpDispatcher->dispatch()
#21 {main} [] []
[2021-08-10 10:54:30] log.ERROR: Argument 1 passed to Lovetrytry\Jichukuangjia\Mock\Handler::__construct() must be of the type string, null given, called in /life-api/vendor/lovetrytry/jichukuangjia/src/Validation/InterfaceResponse.php on line 52[36] in /life-api/vendor/lovetrytry/jichukuangjia/src/Mock/Handler.php [] []
[2021-08-10 10:54:30] log.ERROR: #0 /life-api/vendor/lovetrytry/jichukuangjia/src/Validation/InterfaceResponse.php(52): Lovetrytry\Jichukuangjia\Mock\Handler->__construct()
#1 /life-api/vendor/lovetrytry/jichukuangjia/src/Format/CMD.php(141): Lovetrytry\Jichukuangjia\Validation\InterfaceResponse->__construct()
#2 /life-api/vendor/lovetrytry/jichukuangjia/src/Format/CMD.php(81): Lovetrytry\Jichukuangjia\Format\CMD->handleData()
#3 /life-api/vendor/lovetrytry/jichukuangjia/src/Format/CMD.php(38): Lovetrytry\Jichukuangjia\Format\CMD->setData()
#4 /life-api/vendor/lovetrytry/jichukuangjia/src/Format.php(51): Lovetrytry\Jichukuangjia\Format\CMD->__construct()
#5 /life-api/vendor/lovetrytry/jichukuangjia/src/Format.php(24): Lovetrytry\Jichukuangjia\Format->getClass()
#6 /life-api/vendor/lovetrytry/jichukuangjia/src/Response.php(31): Lovetrytry\Jichukuangjia\Format->__construct()
#7 /life-api/vendor/lovetrytry/jichukuangjia/src/Middleware/Response.php(58): Lovetrytry\Jichukuangjia\Response->handle()
#8 /life-api/vendor/hyperf/dispatcher/src/AbstractRequestHandler.php(64): Lovetrytry\Jichukuangjia\Middleware\Response->process()
#9 /life-api/vendor/hyperf/dispatcher/src/HttpRequestHandler.php(26): Hyperf\Dispatcher\AbstractRequestHandler->handleRequest()
#10 /life-api/runtime/container/proxy/App_Middleware_Response.proxy.php(50): Hyperf\Dispatcher\HttpRequestHandler->handle()
#11 /life-api/vendor/hyperf/dispatcher/src/AbstractRequestHandler.php(64): App\Middleware\Response->process()
#12 /life-api/vendor/hyperf/dispatcher/src/HttpRequestHandler.php(26): Hyperf\Dispatcher\AbstractRequestHandler->handleRequest()
#13 /life-api/app/Middleware/Request.php(45): Hyperf\Dispatcher\HttpRequestHandler->handle()
#14 /life-api/vendor/hyperf/dispatcher/src/AbstractRequestHandler.php(64): App\Middleware\Request->process()
#15 /life-api/vendor/hyperf/dispatcher/src/HttpRequestHandler.php(26): Hyperf\Dispatcher\AbstractRequestHandler->handleRequest()
#16 /life-api/app/Middleware/Sign.php(37): Hyperf\Dispatcher\HttpRequestHandler->handle()
#17 /life-api/vendor/hyperf/dispatcher/src/AbstractRequestHandler.php(64): App\Middleware\Sign->process()
#18 /life-api/vendor/hyperf/dispatcher/src/HttpRequestHandler.php(26): Hyperf\Dispatcher\AbstractRequestHandler->handleRequest()
#19 /life-api/vendor/hyperf/dispatcher/src/HttpDispatcher.php(40): Hyperf\Dispatcher\HttpRequestHandler->handle()
#20 /life-api/vendor/hyperf/http-server/src/Server.php(116): Hyperf\Dispatcher\HttpDispatcher->dispatch()
#21 {main} [] []
