[2021-08-17 05:41:38] log.ERROR: No entry or class found for 'App\Middleware\Sign'[85] in /hyperfReadCode/hyperfReadCode/vendor/hyperf/di/src/Container.php [] []
[2021-08-17 05:41:38] log.ERROR: #0 /hyperfReadCode/hyperfReadCode/vendor/hyperf/di/src/Container.php(123): Hyperf\Di\Container->make()
#1 /hyperfReadCode/hyperfReadCode/vendor/hyperf/dispatcher/src/AbstractRequestHandler.php(59): Hyperf\Di\Container->get()
#2 /hyperfReadCode/hyperfReadCode/vendor/hyperf/dispatcher/src/HttpRequestHandler.php(26): Hyperf\Dispatcher\AbstractRequestHandler->handleRequest()
#3 /hyperfReadCode/hyperfReadCode/vendor/hyperf/dispatcher/src/HttpDispatcher.php(40): Hyperf\Dispatcher\HttpRequestHandler->handle()
#4 /hyperfReadCode/hyperfReadCode/vendor/hyperf/http-server/src/Server.php(117): Hyperf\Dispatcher\HttpDispatcher->dispatch()
#5 {main} [] []
[2021-08-17 05:41:38] log.ERROR: No entry or class found for 'App\Middleware\Sign'[85] in /hyperfReadCode/hyperfReadCode/vendor/hyperf/di/src/Container.php [] []
[2021-08-17 05:41:38] log.ERROR: #0 /hyperfReadCode/hyperfReadCode/vendor/hyperf/di/src/Container.php(123): Hyperf\Di\Container->make()
#1 /hyperfReadCode/hyperfReadCode/vendor/hyperf/dispatcher/src/AbstractRequestHandler.php(59): Hyperf\Di\Container->get()
#2 /hyperfReadCode/hyperfReadCode/vendor/hyperf/dispatcher/src/HttpRequestHandler.php(26): Hyperf\Dispatcher\AbstractRequestHandler->handleRequest()
#3 /hyperfReadCode/hyperfReadCode/vendor/hyperf/dispatcher/src/HttpDispatcher.php(40): Hyperf\Dispatcher\HttpRequestHandler->handle()
#4 /hyperfReadCode/hyperfReadCode/vendor/hyperf/http-server/src/Server.php(117): Hyperf\Dispatcher\HttpDispatcher->dispatch()
#5 {main} [] []
[2021-08-17 05:42:20] log.ERROR: Class 'App\Constants\ContextKey' not found[38] in /hyperfReadCode/hyperfReadCode/app/Middleware/Request.php [] []
[2021-08-17 05:42:20] log.ERROR: #0 /hyperfReadCode/hyperfReadCode/vendor/hyperf/dispatcher/src/AbstractRequestHandler.php(64): App\Middleware\Request->process()
#1 /hyperfReadCode/hyperfReadCode/vendor/hyperf/dispatcher/src/HttpRequestHandler.php(26): Hyperf\Dispatcher\AbstractRequestHandler->handleRequest()
#2 /hyperfReadCode/hyperfReadCode/vendor/hyperf/dispatcher/src/HttpDispatcher.php(40): Hyperf\Dispatcher\HttpRequestHandler->handle()
#3 /hyperfReadCode/hyperfReadCode/vendor/hyperf/http-server/src/Server.php(117): Hyperf\Dispatcher\HttpDispatcher->dispatch()
#4 {main} [] []
[2021-08-17 05:42:20] log.ERROR: Class 'App\Constants\ContextKey' not found[38] in /hyperfReadCode/hyperfReadCode/app/Middleware/Request.php [] []
[2021-08-17 05:42:20] log.ERROR: #0 /hyperfReadCode/hyperfReadCode/vendor/hyperf/dispatcher/src/AbstractRequestHandler.php(64): App\Middleware\Request->process()
#1 /hyperfReadCode/hyperfReadCode/vendor/hyperf/dispatcher/src/HttpRequestHandler.php(26): Hyperf\Dispatcher\AbstractRequestHandler->handleRequest()
#2 /hyperfReadCode/hyperfReadCode/vendor/hyperf/dispatcher/src/HttpDispatcher.php(40): Hyperf\Dispatcher\HttpRequestHandler->handle()
#3 /hyperfReadCode/hyperfReadCode/vendor/hyperf/http-server/src/Server.php(117): Hyperf\Dispatcher\HttpDispatcher->dispatch()
#4 {main} [] []
[2021-08-17 05:42:54] log.ERROR: Not Found[173] in /hyperfReadCode/hyperfReadCode/vendor/hyperf/http-server/src/CoreMiddleware.php [] []
[2021-08-17 05:42:54] log.ERROR: #0 /hyperfReadCode/hyperfReadCode/vendor/hyperf/http-server/src/CoreMiddleware.php(107): Hyperf\HttpServer\CoreMiddleware->handleNotFound()
#1 /hyperfReadCode/hyperfReadCode/vendor/hyperf/dispatcher/src/AbstractRequestHandler.php(64): Hyperf\HttpServer\CoreMiddleware->process()
#2 /hyperfReadCode/hyperfReadCode/vendor/hyperf/dispatcher/src/HttpRequestHandler.php(26): Hyperf\Dispatcher\AbstractRequestHandler->handleRequest()
#3 /hyperfReadCode/hyperfReadCode/vendor/hyperf/dispatcher/src/HttpDispatcher.php(40): Hyperf\Dispatcher\HttpRequestHandler->handle()
#4 /hyperfReadCode/hyperfReadCode/vendor/hyperf/http-server/src/Server.php(117): Hyperf\Dispatcher\HttpDispatcher->dispatch()
#5 {main} [] []
[2021-08-17 05:45:16] log.ERROR: Call to a member function input() on null[18] in /hyperfReadCode/hyperfReadCode/app/Controller/IndexController.php [] []
[2021-08-17 05:45:16] log.ERROR: #0 /hyperfReadCode/hyperfReadCode/vendor/hyperf/http-server/src/CoreMiddleware.php(161): App\Controller\IndexController->index()
#1 /hyperfReadCode/hyperfReadCode/vendor/hyperf/http-server/src/CoreMiddleware.php(113): Hyperf\HttpServer\CoreMiddleware->handleFound()
#2 /hyperfReadCode/hyperfReadCode/vendor/hyperf/dispatcher/src/AbstractRequestHandler.php(64): Hyperf\HttpServer\CoreMiddleware->process()
#3 /hyperfReadCode/hyperfReadCode/vendor/hyperf/dispatcher/src/HttpRequestHandler.php(26): Hyperf\Dispatcher\AbstractRequestHandler->handleRequest()
#4 /hyperfReadCode/hyperfReadCode/vendor/hyperf/dispatcher/src/HttpDispatcher.php(40): Hyperf\Dispatcher\HttpRequestHandler->handle()
#5 /hyperfReadCode/hyperfReadCode/vendor/hyperf/http-server/src/Server.php(117): Hyperf\Dispatcher\HttpDispatcher->dispatch()
#6 {main} [] []
[2021-08-17 05:45:49] log.ERROR: Call to a member function input() on null[18] in /hyperfReadCode/hyperfReadCode/app/Controller/IndexController.php [] []
[2021-08-17 05:45:49] log.ERROR: #0 /hyperfReadCode/hyperfReadCode/vendor/hyperf/http-server/src/CoreMiddleware.php(161): App\Controller\IndexController->index()
#1 /hyperfReadCode/hyperfReadCode/vendor/hyperf/http-server/src/CoreMiddleware.php(113): Hyperf\HttpServer\CoreMiddleware->handleFound()
#2 /hyperfReadCode/hyperfReadCode/vendor/hyperf/dispatcher/src/AbstractRequestHandler.php(64): Hyperf\HttpServer\CoreMiddleware->process()
#3 /hyperfReadCode/hyperfReadCode/vendor/hyperf/dispatcher/src/HttpRequestHandler.php(26): Hyperf\Dispatcher\AbstractRequestHandler->handleRequest()
#4 /hyperfReadCode/hyperfReadCode/vendor/hyperf/dispatcher/src/HttpDispatcher.php(40): Hyperf\Dispatcher\HttpRequestHandler->handle()
#5 /hyperfReadCode/hyperfReadCode/vendor/hyperf/http-server/src/Server.php(117): Hyperf\Dispatcher\HttpDispatcher->dispatch()
#6 {main} [] []
[2021-08-17 05:47:01] log.ERROR: Call to a member function input() on null[18] in /hyperfReadCode/hyperfReadCode/app/Controller/IndexController.php [] []
[2021-08-17 05:47:01] log.ERROR: #0 /hyperfReadCode/hyperfReadCode/vendor/hyperf/http-server/src/CoreMiddleware.php(161): App\Controller\IndexController->index()
#1 /hyperfReadCode/hyperfReadCode/vendor/hyperf/http-server/src/CoreMiddleware.php(113): Hyperf\HttpServer\CoreMiddleware->handleFound()
#2 /hyperfReadCode/hyperfReadCode/vendor/hyperf/dispatcher/src/AbstractRequestHandler.php(64): Hyperf\HttpServer\CoreMiddleware->process()
#3 /hyperfReadCode/hyperfReadCode/vendor/hyperf/dispatcher/src/HttpRequestHandler.php(26): Hyperf\Dispatcher\AbstractRequestHandler->handleRequest()
#4 /hyperfReadCode/hyperfReadCode/vendor/hyperf/dispatcher/src/HttpDispatcher.php(40): Hyperf\Dispatcher\HttpRequestHandler->handle()
#5 /hyperfReadCode/hyperfReadCode/vendor/hyperf/http-server/src/Server.php(117): Hyperf\Dispatcher\HttpDispatcher->dispatch()
#6 {main} [] []
[2021-08-17 05:47:03] log.ERROR: Call to a member function input() on null[18] in /hyperfReadCode/hyperfReadCode/app/Controller/IndexController.php [] []
[2021-08-17 05:47:03] log.ERROR: #0 /hyperfReadCode/hyperfReadCode/vendor/hyperf/http-server/src/CoreMiddleware.php(161): App\Controller\IndexController->index()
#1 /hyperfReadCode/hyperfReadCode/vendor/hyperf/http-server/src/CoreMiddleware.php(113): Hyperf\HttpServer\CoreMiddleware->handleFound()
#2 /hyperfReadCode/hyperfReadCode/vendor/hyperf/dispatcher/src/AbstractRequestHandler.php(64): Hyperf\HttpServer\CoreMiddleware->process()
#3 /hyperfReadCode/hyperfReadCode/vendor/hyperf/dispatcher/src/HttpRequestHandler.php(26): Hyperf\Dispatcher\AbstractRequestHandler->handleRequest()
#4 /hyperfReadCode/hyperfReadCode/vendor/hyperf/dispatcher/src/HttpDispatcher.php(40): Hyperf\Dispatcher\HttpRequestHandler->handle()
#5 /hyperfReadCode/hyperfReadCode/vendor/hyperf/http-server/src/Server.php(117): Hyperf\Dispatcher\HttpDispatcher->dispatch()
#6 {main} [] []
[2021-08-17 05:47:27] log.ERROR: Call to a member function input() on null[18] in /hyperfReadCode/hyperfReadCode/app/Controller/IndexController.php [] []
[2021-08-17 05:47:27] log.ERROR: #0 /hyperfReadCode/hyperfReadCode/vendor/hyperf/http-server/src/CoreMiddleware.php(161): App\Controller\IndexController->index()
#1 /hyperfReadCode/hyperfReadCode/vendor/hyperf/http-server/src/CoreMiddleware.php(113): Hyperf\HttpServer\CoreMiddleware->handleFound()
#2 /hyperfReadCode/hyperfReadCode/vendor/hyperf/dispatcher/src/AbstractRequestHandler.php(64): Hyperf\HttpServer\CoreMiddleware->process()
#3 /hyperfReadCode/hyperfReadCode/vendor/hyperf/dispatcher/src/HttpRequestHandler.php(26): Hyperf\Dispatcher\AbstractRequestHandler->handleRequest()
#4 /hyperfReadCode/hyperfReadCode/vendor/hyperf/dispatcher/src/HttpDispatcher.php(40): Hyperf\Dispatcher\HttpRequestHandler->handle()
#5 /hyperfReadCode/hyperfReadCode/vendor/hyperf/http-server/src/Server.php(117): Hyperf\Dispatcher\HttpDispatcher->dispatch()
#6 {main} [] []
[2021-08-17 05:48:14] log.ERROR: Call to a member function input() on null[18] in /hyperfReadCode/hyperfReadCode/app/Controller/IndexController.php [] []
[2021-08-17 05:48:14] log.ERROR: #0 /hyperfReadCode/hyperfReadCode/vendor/hyperf/http-server/src/CoreMiddleware.php(161): App\Controller\IndexController->index()
#1 /hyperfReadCode/hyperfReadCode/vendor/hyperf/http-server/src/CoreMiddleware.php(113): Hyperf\HttpServer\CoreMiddleware->handleFound()
#2 /hyperfReadCode/hyperfReadCode/vendor/hyperf/dispatcher/src/AbstractRequestHandler.php(64): Hyperf\HttpServer\CoreMiddleware->process()
#3 /hyperfReadCode/hyperfReadCode/vendor/hyperf/dispatcher/src/HttpRequestHandler.php(26): Hyperf\Dispatcher\AbstractRequestHandler->handleRequest()
#4 /hyperfReadCode/hyperfReadCode/vendor/hyperf/dispatcher/src/HttpDispatcher.php(40): Hyperf\Dispatcher\HttpRequestHandler->handle()
#5 /hyperfReadCode/hyperfReadCode/vendor/hyperf/http-server/src/Server.php(117): Hyperf\Dispatcher\HttpDispatcher->dispatch()
#6 {main} [] []
[2021-08-17 05:52:55] log.ERROR: Call to a member function input() on null[18] in /hyperfReadCode/hyperfReadCode/app/Controller/IndexController.php [] []
[2021-08-17 05:52:55] log.ERROR: #0 /hyperfReadCode/hyperfReadCode/vendor/hyperf/http-server/src/CoreMiddleware.php(161): App\Controller\IndexController->index()
#1 /hyperfReadCode/hyperfReadCode/vendor/hyperf/http-server/src/CoreMiddleware.php(113): Hyperf\HttpServer\CoreMiddleware->handleFound()
#2 /hyperfReadCode/hyperfReadCode/vendor/hyperf/dispatcher/src/AbstractRequestHandler.php(64): Hyperf\HttpServer\CoreMiddleware->process()
#3 /hyperfReadCode/hyperfReadCode/vendor/hyperf/dispatcher/src/HttpRequestHandler.php(26): Hyperf\Dispatcher\AbstractRequestHandler->handleRequest()
#4 /hyperfReadCode/hyperfReadCode/vendor/hyperf/dispatcher/src/HttpDispatcher.php(40): Hyperf\Dispatcher\HttpRequestHandler->handle()
#5 /hyperfReadCode/hyperfReadCode/vendor/hyperf/http-server/src/Server.php(117): Hyperf\Dispatcher\HttpDispatcher->dispatch()
#6 {main} [] []
[2021-08-17 05:53:03] log.ERROR: Call to a member function input() on null[18] in /hyperfReadCode/hyperfReadCode/app/Controller/IndexController.php [] []
[2021-08-17 05:53:03] log.ERROR: #0 /hyperfReadCode/hyperfReadCode/vendor/hyperf/http-server/src/CoreMiddleware.php(161): App\Controller\IndexController->index()
#1 /hyperfReadCode/hyperfReadCode/vendor/hyperf/http-server/src/CoreMiddleware.php(113): Hyperf\HttpServer\CoreMiddleware->handleFound()
#2 /hyperfReadCode/hyperfReadCode/vendor/hyperf/dispatcher/src/AbstractRequestHandler.php(64): Hyperf\HttpServer\CoreMiddleware->process()
#3 /hyperfReadCode/hyperfReadCode/vendor/hyperf/dispatcher/src/HttpRequestHandler.php(26): Hyperf\Dispatcher\AbstractRequestHandler->handleRequest()
#4 /hyperfReadCode/hyperfReadCode/vendor/hyperf/dispatcher/src/HttpDispatcher.php(40): Hyperf\Dispatcher\HttpRequestHandler->handle()
#5 /hyperfReadCode/hyperfReadCode/vendor/hyperf/http-server/src/Server.php(117): Hyperf\Dispatcher\HttpDispatcher->dispatch()
#6 {main} [] []
[2021-08-17 05:59:02] log.ERROR: Class 'App\Constants\ContextKey' not found[38] in /hyperfReadCode/hyperfReadCode/app/Middleware/Request.php [] []
[2021-08-17 05:59:02] log.ERROR: #0 /hyperfReadCode/hyperfReadCode/vendor/hyperf/dispatcher/src/AbstractRequestHandler.php(64): App\Middleware\Request->process()
#1 /hyperfReadCode/hyperfReadCode/vendor/hyperf/dispatcher/src/HttpRequestHandler.php(26): Hyperf\Dispatcher\AbstractRequestHandler->handleRequest()
#2 /hyperfReadCode/hyperfReadCode/vendor/hyperf/dispatcher/src/HttpDispatcher.php(40): Hyperf\Dispatcher\HttpRequestHandler->handle()
#3 /hyperfReadCode/hyperfReadCode/vendor/hyperf/http-server/src/Server.php(117): Hyperf\Dispatcher\HttpDispatcher->dispatch()
#4 {main} [] []
[2021-08-17 05:59:03] log.ERROR: Class 'App\Constants\ContextKey' not found[38] in /hyperfReadCode/hyperfReadCode/app/Middleware/Request.php [] []
[2021-08-17 05:59:03] log.ERROR: #0 /hyperfReadCode/hyperfReadCode/vendor/hyperf/dispatcher/src/AbstractRequestHandler.php(64): App\Middleware\Request->process()
#1 /hyperfReadCode/hyperfReadCode/vendor/hyperf/dispatcher/src/HttpRequestHandler.php(26): Hyperf\Dispatcher\AbstractRequestHandler->handleRequest()
#2 /hyperfReadCode/hyperfReadCode/vendor/hyperf/dispatcher/src/HttpDispatcher.php(40): Hyperf\Dispatcher\HttpRequestHandler->handle()
#3 /hyperfReadCode/hyperfReadCode/vendor/hyperf/http-server/src/Server.php(117): Hyperf\Dispatcher\HttpDispatcher->dispatch()
#4 {main} [] []
