[2021-08-04 18:01:34] sql.INFO: App\Actions\Notice\Test\Test\handle() ["App\\Actions\\Notice\\Test\\Test\\handle()--------------------"] []
[2021-08-04 18:01:34] sql.INFO: [150.71] select * from `life_sms` where (`id` = '1') limit 1 [] []
[2021-08-04 18:01:34] sql.INFO: [37.98] select * from `life_sms` where (`id` = '2') limit 1 [] []
[2021-08-04 18:01:37] sql.INFO: [38.25] select * from `life_sms` where (`id` = '1') limit 1 [] []
[2021-08-04 18:01:37] sql.INFO: [36.73] select * from `life_sms` where (`id` = '2') limit 1 [] []
[2021-08-04 18:01:43] sql.INFO: [37.7] select * from `life_sms` where (`id` = '1') limit 1 [] []
[2021-08-04 18:01:43] sql.INFO: [36.8] select * from `life_sms` where (`id` = '2') limit 1 [] []

[2021-08-04 18:02:09] sql.INFO: [37.76] select * from `life_sms` where (`id` = '1') limit 1 [] []
[2021-08-04 18:02:09] sql.INFO: [35.43] select * from `life_sms` where (`id` = '2') limit 1 [] []
[2021-08-04 18:02:19] sql.INFO: [36.21] select * from `life_sms` where (`id` = '1') limit 1 [] []
[2021-08-04 18:02:19] sql.INFO: [37.93] select * from `life_sms` where (`id` = '2') limit 1 [] []
[2021-08-04 18:02:41] sql.INFO: [38.11] select * from `life_sms` where (`id` = '1') limit 1 [] []
[2021-08-04 18:02:41] sql.INFO: [38.38] select * from `life_sms` where (`id` = '2') limit 1 [] []
[2021-08-04 18:03:00] sql.INFO: App\Actions\Notice\Test\Test\handle() ["App\\Actions\\Notice\\Test\\Test\\handle()--------------------"] []
[2021-08-04 18:03:00] sql.INFO: [145.86] select * from `life_sms` where (`id` = '1') limit 1 [] []
[2021-08-04 18:03:00] sql.INFO: [36.63] select * from `life_sms` where (`id` = '2') limit 1 [] []
[2021-08-04 18:03:27] sql.INFO: [37] select * from `life_sms` where (`id` = '1') limit 1 [] []
[2021-08-04 18:03:27] sql.INFO: [36.2] select * from `life_sms` where (`id` = '2') limit 1 [] []
[2021-08-04 18:03:51] sql.INFO: [37.49] select * from `life_sms` where (`id` = '1') limit 1 [] []
[2021-08-04 18:03:51] sql.INFO: [36.63] select * from `life_sms` where (`id` = '2') limit 1 [] []
[2021-08-04 18:03:58] sql.INFO: [37.64] select * from `life_sms` where (`id` = '1') limit 1 [] []
[2021-08-04 18:03:58] sql.INFO: [37.12] select * from `life_sms` where (`id` = '2') limit 1 [] []
[2021-08-04 18:04:00] sql.INFO: [34.74] select * from `life_sms` where (`id` = '1') limit 1 [] []
[2021-08-04 18:04:00] sql.INFO: [37.43] select * from `life_sms` where (`id` = '2') limit 1 [] []
[2021-08-04 18:07:39] sql.INFO: App\Actions\Notice\Test\Test\handle() ["App\\Actions\\Notice\\Test\\Test\\handle()--------------------"] []
[2021-08-04 18:07:39] sql.INFO: [141.12] select * from `life_sms` where (`id` = '1') limit 1 [] []
[2021-08-04 18:07:39] sql.INFO: [37.86] select * from `life_sms` where (`id` = '2') limit 1 [] []
[2021-08-04 18:08:02] sql.INFO: [36.33] select * from `life_sms` where (`id` = '1') limit 1 [] []
[2021-08-04 18:08:02] sql.INFO: [35.33] select * from `life_sms` where (`id` = '2') limit 1 [] []
[2021-08-04 18:08:23] sql.INFO: [35.44] select * from `life_sms` where (`id` = '1') limit 1 [] []
[2021-08-04 18:08:23] sql.INFO: [34.76] select * from `life_sms` where (`id` = '2') limit 1 [] []
[2021-08-04 18:12:11] sql.INFO: App\Actions\Notice\Test\Test\handle() ["App\\Actions\\Notice\\Test\\Test\\handle()--------------------"] []
[2021-08-04 18:12:11] sql.INFO: [133.85] select * from `life_sms` where (`id` = '1') limit 1 [] []
[2021-08-04 18:12:11] sql.INFO: [34.91] select * from `life_sms` where (`id` = '2') limit 1 [] []
[2021-08-04 18:13:37] sql.INFO: test ["test"] []
[2021-08-04 18:13:37] sql.INFO: App\Actions\Notice\Test\Test\handle() ["App\\Actions\\Notice\\Test\\Test\\handle()--------------------"] []
[2021-08-04 18:13:37] sql.INFO: [146.95] select * from `life_sms` where (`id` = '1') limit 1 [] []
[2021-08-04 18:13:37] sql.INFO: [36.64] select * from `life_sms` where (`id` = '2') limit 1 [] [][2021-08-04 18:13:51] sql.INFO: [35.96] select * from `life_sms` where (`id` = '1') limit 1 [] []
[2021-08-04 18:13:51] sql.INFO: [37.12] select * from `life_sms` where (`id` = '2') limit 1 [] []
[2021-08-04 18:14:09] sql.INFO: [37.2] select * from `life_sms` where (`id` = '1') limit 1 [] []
[2021-08-04 18:14:09] sql.INFO: [37.37] select * from `life_sms` where (`id` = '2') limit 1 [] []
