[2021-08-05 17:12:31] sql.INFO: ------------------GET------/notice/test/test?a=10&b=99---------- [null] []
[2021-08-05 17:12:31] sql.INFO: [131.81] select * from `life_sms` where (`id` = '1') limit 1 [] []
[2021-08-05 17:12:31] sql.INFO: [32.94] select * from `life_sms` where (`id` = '2') limit 1 [] []
[2021-08-05 17:12:31] sql.INFO: ------------------GET------/favicon.ico---------- [null] []
[2021-08-05 17:13:03] sql.INFO: ------------------GET------/notice/test/test?a=10&b=99---------- [null] []
[2021-08-05 17:13:03] sql.INFO: [129.19] select * from `life_sms` where (`id` = '1') limit 1 [] []
[2021-08-05 17:13:03] sql.INFO: [31.74] select * from `life_sms` where (`id` = '2') limit 1 [] []
[2021-08-05 17:13:04] sql.INFO: ------------------GET------/favicon.ico---------- [null] []
[2021-08-05 17:13:45] sql.INFO: ------------------GET------/notice/test/test?a=10&b=99---------- [null] []
[2021-08-05 17:13:45] sql.INFO: [134.52] select * from `life_sms` where (`id` = '1') limit 1 [] []
[2021-08-05 17:13:45] sql.INFO: [33.88] select * from `life_sms` where (`id` = '2') limit 1 [] []
[2021-08-05 17:13:46] sql.INFO: ------------------GET------/favicon.ico---------- [null] []
[2021-08-05 17:15:35] sql.INFO: ------------------GET------/notice/test/test?a=10&b=99---------- [null] []
[2021-08-05 17:15:35] sql.INFO: [143.01] select * from `life_sms` where (`id` = '1') limit 1 [] []
[2021-08-05 17:15:35] sql.INFO: [34.57] select * from `life_sms` where (`id` = '2') limit 1 [] []
[2021-08-05 17:15:36] sql.INFO: ------------------GET------/favicon.ico---------- [null] []
[2021-08-05 17:16:11] sql.INFO: ------------------GET------/notice/test/test?a=10&b=99---------- [null] []
[2021-08-05 17:16:11] sql.INFO: [152.61] select * from `life_sms` where (`id` = '1') limit 1 [] []
[2021-08-05 17:16:11] sql.INFO: [39.91] select * from `life_sms` where (`id` = '2') limit 1 [] []
[2021-08-05 17:16:11] sql.INFO: ------------------GET------/favicon.ico---------- [null] []
[2021-08-05 17:18:21] sql.INFO: ------------------GET------/notice/test/test?a=10&b=99---------- [null] []
[2021-08-05 17:18:21] sql.INFO: [145.91] select * from `life_sms` where (`id` = '1') limit 1 [] []
[2021-08-05 17:18:21] sql.INFO: [36.37] select * from `life_sms` where (`id` = '2') limit 1 [] []
[2021-08-05 17:18:21] sql.INFO: ------------------GET------/favicon.ico---------- [null] []
[2021-08-05 17:20:29] sql.INFO: ------------------GET------/notice/test/test?a=10&b=99---------- [null] []
[2021-08-05 17:20:29] sql.INFO: [145.78] select * from `life_sms` where (`id` = '1') limit 1 [] []
[2021-08-05 17:20:29] sql.INFO: [36.44] select * from `life_sms` where (`id` = '2') limit 1 [] []
[2021-08-05 17:20:29] sql.INFO: ------------------GET------/favicon.ico---------- [null] []
[2021-08-05 17:31:59] sql.INFO: ------------------GET------/notice/test/test?a=10&b=99---------- [null] []
[2021-08-05 17:31:59] sql.INFO: [135.51] select * from `life_sms` where (`id` = '1') limit 1 [] []
[2021-08-05 17:31:59] sql.INFO: [33.55] select * from `life_sms` where (`id` = '2') limit 1 [] []
[2021-08-05 17:32:15] sql.INFO: ------------------GET------/favicon.ico---------- [null] []
[2021-08-05 17:34:22] sql.INFO: ------------------GET------/notice/test/test?a=10&b=99---------- [null] []
[2021-08-05 17:34:22] sql.INFO: [152.37] select * from `life_sms` where (`id` = '1') limit 1 [] []
[2021-08-05 17:34:22] sql.INFO: [40.62] select * from `life_sms` where (`id` = '2') limit 1 [] []
[2021-08-05 17:34:38] sql.INFO: ------------------GET------/favicon.ico---------- [null] []
[2021-08-05 17:37:12] sql.INFO: ------------------GET------/notice/test/test?a=10&b=99---------- [[]] []
[2021-08-05 17:37:12] sql.INFO: [155.43] select * from `life_sms` where (`id` = '1') limit 1 [] []
[2021-08-05 17:37:12] sql.INFO: [38.17] select * from `life_sms` where (`id` = '2') limit 1 [] []
[2021-08-05 17:37:29] sql.INFO: ------------------GET------/favicon.ico---------- [[]] []
[2021-08-05 17:37:48] sql.INFO: ------------------GET------/notice/test/test?a=10&b=99---------- [[]] []
[2021-08-05 17:37:48] sql.INFO: [136.68] select * from `life_sms` where (`id` = '1') limit 1 [] []
[2021-08-05 17:37:48] sql.INFO: [33.36] select * from `life_sms` where (`id` = '2') limit 1 [] []
[2021-08-05 17:37:49] sql.INFO: ------------------GET------/favicon.ico---------- [[]] []
[2021-08-05 17:42:08] sql.INFO: ------------------GET------/notice/test/test?a=10&b=99---------- [[]] []
[2021-08-05 17:42:08] sql.INFO: [131.8] select * from `life_sms` where (`id` = '1') limit 1 [] []
[2021-08-05 17:42:08] sql.INFO: [31.89] select * from `life_sms` where (`id` = '2') limit 1 [] []
[2021-08-05 17:42:09] sql.INFO: ------------------GET------/favicon.ico---------- [[]] []
[2021-08-05 17:43:06] sql.INFO: ------------------GET------/notice/test/test?a=10&b=99---------- [[]] []
[2021-08-05 17:43:06] sql.INFO: [143.56] select * from `life_sms` where (`id` = '1') limit 1 [] []
[2021-08-05 17:43:06] sql.INFO: [36.96] select * from `life_sms` where (`id` = '2') limit 1 [] []
[2021-08-05 17:43:06] sql.INFO: ------------------GET------/favicon.ico---------- [[]] []
[2021-08-05 18:04:34] sql.INFO: ------------------GET------/notice/test/a---------- [[]] []
[2021-08-05 18:04:35] sql.INFO: ------------------GET------/favicon.ico---------- [[]] []
