[2021-08-06 09:49:16] sql.INFO: ------------------GET------/---------- [[]] []
[2021-08-06 09:49:17] sql.INFO: ------------------GET------/favicon.ico---------- [[]] []
[2021-08-06 09:49:27] sql.INFO: ------------------GET------/notice/test/test---------- [[]] []
[2021-08-06 09:49:27] sql.INFO: [135.95] select * from `life_sms` where (`id` = '1') limit 1 [] []
[2021-08-06 09:49:27] sql.INFO: [31.86] select * from `life_sms` where (`id` = '2') limit 1 [] []
[2021-08-06 09:49:27] sql.INFO: ------------------GET------/favicon.ico---------- [[]] []
[2021-08-06 10:03:36] sql.INFO: ------------------GET------/notice/test/test---------- [[]] []
[2021-08-06 10:03:36] sql.INFO: [141.36] select * from `life_sms` where (`id` = '1') limit 1 [] []
[2021-08-06 10:03:36] sql.INFO: [34.88] select * from `life_sms` where (`id` = '2') limit 1 [] []
[2021-08-06 10:03:37] sql.INFO: ------------------GET------/favicon.ico---------- [[]] []
[2021-08-06 10:24:42] sql.INFO: ------------------GET------/notice/test/a---------- [[]] []
[2021-08-06 10:24:42] sql.INFO: ------------------GET------/favicon.ico---------- [[]] []
[2021-08-06 10:25:19] sql.INFO: ------------------GET------/notice/test/a---------- [[]] []
[2021-08-06 10:25:19] sql.INFO: ------------------GET------/favicon.ico---------- [[]] []
[2021-08-06 10:50:58] sql.INFO: ------------------GET------/notice/test/a---------- [[]] []
[2021-08-06 10:50:58] sql.INFO: ------------------GET------/favicon.ico---------- [[]] []
[2021-08-06 10:51:14] sql.INFO: ------------------GET------/notice/test/test---------- [[]] []
[2021-08-06 10:51:14] sql.INFO: [149.85] select * from `life_sms` where (`id` = '1') limit 1 [] []
[2021-08-06 10:51:14] sql.INFO: [38.07] select * from `life_sms` where (`id` = '2') limit 1 [] []
[2021-08-06 10:51:14] sql.INFO: ------------------GET------/favicon.ico---------- [[]] []
[2021-08-06 10:51:34] sql.INFO: ------------------GET------/notice/test/test---------- [[]] []
[2021-08-06 10:51:34] sql.INFO: [35.23] select * from `life_sms` where (`id` = '1') limit 1 [] []
[2021-08-06 10:51:34] sql.INFO: [36.5] select * from `life_sms` where (`id` = '2') limit 1 [] []
[2021-08-06 10:51:35] sql.INFO: ------------------GET------/favicon.ico---------- [[]] []
[2021-08-06 10:52:36] sql.INFO: ------------------GET------/notice/test/test---------- [[]] []
[2021-08-06 10:52:36] sql.INFO: [135.55] select * from `life_sms` where (`id` = '1') limit 1 [] []
[2021-08-06 10:52:36] sql.INFO: [33.66] select * from `life_sms` where (`id` = '2') limit 1 [] []
[2021-08-06 10:52:36] sql.INFO: ------------------GET------/favicon.ico---------- [[]] []
[2021-08-06 10:52:47] sql.INFO: ------------------GET------/notice/test/test---------- [[]] []
[2021-08-06 10:52:47] sql.INFO: [35.54] select * from `life_sms` where (`id` = '1') limit 1 [] []
[2021-08-06 10:52:47] sql.INFO: [33.64] select * from `life_sms` where (`id` = '2') limit 1 [] []
[2021-08-06 10:52:47] sql.INFO: ------------------GET------/favicon.ico---------- [[]] []
[2021-08-06 10:53:14] sql.INFO: ------------------POST------/notice/test/test---------- [{"a":"100","b":"99"}] []
[2021-08-06 10:53:14] sql.INFO: [32.94] select * from `life_sms` where (`id` = '1') limit 1 [] []
[2021-08-06 10:53:14] sql.INFO: [33.59] select * from `life_sms` where (`id` = '2') limit 1 [] []
[2021-08-06 10:53:29] sql.INFO: ------------------POST------/notice/test/test---------- [{"a":"100","b":"99"}] []
[2021-08-06 10:53:29] sql.INFO: [34.16] select * from `life_sms` where (`id` = '1') limit 1 [] []
[2021-08-06 10:53:29] sql.INFO: [35.15] select * from `life_sms` where (`id` = '2') limit 1 [] []
[2021-08-06 11:50:24] sql.INFO: ------------------GET------/notice/test/test---------- [[]] []
[2021-08-06 11:50:25] sql.INFO: ------------------GET------/favicon.ico---------- [[]] []
[2021-08-06 11:53:53] sql.INFO: ------------------GET------/notice/test/test---------- [[]] []
[2021-08-06 11:53:55] sql.INFO: ------------------GET------/favicon.ico---------- [[]] []
[2021-08-06 11:54:17] sql.INFO: ------------------GET------/notice/test/test---------- [[]] []
[2021-08-06 11:54:17] sql.INFO: [145.65] select * from `life_sms` where (`id` = '1') limit 1 [] []
[2021-08-06 11:54:17] sql.INFO: [37.48] select * from `life_sms` where (`id` = '2') limit 1 [] []
[2021-08-06 11:54:18] sql.INFO: ------------------GET------/favicon.ico---------- [[]] []
[2021-08-06 11:56:33] sql.INFO: ------------------GET------/notice/test/test---------- [[]] []
[2021-08-06 11:56:33] sql.INFO: [149.26] select * from `life_sms` where (`id` = '1') limit 1 [] []
[2021-08-06 11:56:33] sql.INFO: [36.23] select * from `life_sms` where (`id` = '2') limit 1 [] []
[2021-08-06 11:56:34] sql.INFO: ------------------GET------/favicon.ico---------- [[]] []
[2021-08-06 11:57:28] sql.INFO: ------------------GET------/notice/test/test---------- [[]] []
[2021-08-06 11:57:28] sql.INFO: [138.85] select * from `life_sms` where (`id` = '1') limit 1 [] []
[2021-08-06 11:57:28] sql.INFO: [35.66] select * from `life_sms` where (`id` = '2') limit 1 [] []
[2021-08-06 11:57:29] sql.INFO: ------------------GET------/favicon.ico---------- [[]] []
[2021-08-06 13:33:37] sql.INFO: ------------------POST------/notice/test/test---------- [{"a":"100","b":"99"}] []
[2021-08-06 13:33:38] sql.INFO: [134.73] select * from `life_sms` where (`id` = '1') limit 1 [] []
[2021-08-06 13:33:38] sql.INFO: [35.1] select * from `life_sms` where (`id` = '2') limit 1 [] []
[2021-08-06 13:33:57] sql.INFO: ------------------POST------/notice/test/test---------- [{"a":"100","b":"99"}] []
[2021-08-06 13:33:57] sql.INFO: [35.27] select * from `life_sms` where (`id` = '1') limit 1 [] []
[2021-08-06 13:33:57] sql.INFO: [33.96] select * from `life_sms` where (`id` = '2') limit 1 [] []
[2021-08-06 13:34:55] sql.INFO: ------------------GET------/notice/test/test---------- [[]] []
[2021-08-06 13:34:55] sql.INFO: [35.91] select * from `life_sms` where (`id` = '1') limit 1 [] []
[2021-08-06 13:34:55] sql.INFO: [32.88] select * from `life_sms` where (`id` = '2') limit 1 [] []
[2021-08-06 13:34:55] sql.INFO: ------------------GET------/favicon.ico---------- [[]] []
[2021-08-06 13:48:59] sql.INFO: ------------------GET------/notice/test/test---------- [[]] []
[2021-08-06 13:48:59] sql.INFO: [166.25] select * from `life_sms` where (`id` = '1') limit 1 [] []
[2021-08-06 13:48:59] sql.INFO: [42.27] select * from `life_sms` where (`id` = '2') limit 1 [] []
[2021-08-06 13:48:59] sql.INFO: ------------------GET------/favicon.ico---------- [[]] []
[2021-08-06 13:49:12] sql.INFO: ------------------POST------/notice/test/test---------- [{"a":"100","b":"99"}] []
[2021-08-06 13:49:12] sql.INFO: [157.89] select * from `life_sms` where (`id` = '1') limit 1 [] []
[2021-08-06 13:49:12] sql.INFO: [39.98] select * from `life_sms` where (`id` = '2') limit 1 [] []
[2021-08-06 13:49:24] sql.INFO: ------------------GET------/notice/test/test---------- [[]] []
[2021-08-06 13:49:24] sql.INFO: [42.65] select * from `life_sms` where (`id` = '1') limit 1 [] []
[2021-08-06 13:49:24] sql.INFO: [43.15] select * from `life_sms` where (`id` = '2') limit 1 [] []
[2021-08-06 13:49:24] sql.INFO: ------------------GET------/favicon.ico---------- [[]] []
[2021-08-06 13:49:47] sql.INFO: ------------------GET------/notice/test/test---------- [[]] []
[2021-08-06 13:49:47] sql.INFO: [42.57] select * from `life_sms` where (`id` = '1') limit 1 [] []
[2021-08-06 13:49:47] sql.INFO: [40.36] select * from `life_sms` where (`id` = '2') limit 1 [] []
[2021-08-06 13:49:47] sql.INFO: ------------------GET------/favicon.ico---------- [[]] []
[2021-08-06 13:50:46] sql.INFO: ------------------POST------/notice/test/test---------- [{"a":"100","b":"99"}] []
[2021-08-06 13:50:46] sql.INFO: [157.06] select * from `life_sms` where (`id` = '1') limit 1 [] []
[2021-08-06 13:50:46] sql.INFO: [36.52] select * from `life_sms` where (`id` = '2') limit 1 [] []
[2021-08-06 13:51:09] sql.INFO: ------------------POST------/notice/test/test---------- [{"a":"100","b":"99"}] []
[2021-08-06 13:51:10] sql.INFO: [37.62] select * from `life_sms` where (`id` = '1') limit 1 [] []
[2021-08-06 13:51:10] sql.INFO: [36.78] select * from `life_sms` where (`id` = '2') limit 1 [] []
[2021-08-06 13:52:13] sql.INFO: ------------------GET------/notice/test/test---------- [[]] []
[2021-08-06 13:52:13] sql.INFO: [164.16] select * from `life_sms` where (`id` = '1') limit 1 [] []
[2021-08-06 13:52:13] sql.INFO: [41.82] select * from `life_sms` where (`id` = '2') limit 1 [] []
[2021-08-06 13:52:14] sql.INFO: ------------------GET------/favicon.ico---------- [[]] []
[2021-08-06 13:53:23] sql.INFO: ------------------POST------/notice/test/test---------- [{"a":"100","b":"99"}] []
[2021-08-06 13:53:23] sql.INFO: [150.07] select * from `life_sms` where (`id` = '1') limit 1 [] []
[2021-08-06 13:53:23] sql.INFO: [38.41] select * from `life_sms` where (`id` = '2') limit 1 [] []
[2021-08-06 13:54:47] sql.INFO: ------------------GET------/notice/test/test---------- [[]] []
[2021-08-06 13:54:48] sql.INFO: [151.8] select * from `life_sms` where (`id` = '1') limit 1 [] []
[2021-08-06 13:54:48] sql.INFO: [39] select * from `life_sms` where (`id` = '2') limit 1 [] []
[2021-08-06 13:54:48] sql.INFO: ------------------GET------/favicon.ico---------- [[]] []
[2021-08-06 13:56:09] sql.INFO: ------------------GET------/notice/test/test---------- [[]] []
[2021-08-06 13:56:09] sql.INFO: [136.86] select * from `life_sms` where (`id` = '1') limit 1 [] []
[2021-08-06 13:56:09] sql.INFO: [34.61] select * from `life_sms` where (`id` = '2') limit 1 [] []
[2021-08-06 13:56:10] sql.INFO: ------------------GET------/favicon.ico---------- [[]] []
[2021-08-06 14:04:01] sql.INFO: ------------------GET------/notice/test/test---------- [[]] []
[2021-08-06 14:04:01] sql.INFO: [150.81] select * from `life_sms` where (`id` = '1') limit 1 [] []
[2021-08-06 14:04:01] sql.INFO: [37.26] select * from `life_sms` where (`id` = '2') limit 1 [] []
[2021-08-06 14:04:02] sql.INFO: ------------------GET------/favicon.ico---------- [[]] []
[2021-08-06 14:34:44] sql.INFO: ------------------GET------/notice/test/test---------- [[]] []
[2021-08-06 14:34:44] sql.INFO: [149.98] select * from `life_sms` where (`id` = '1') limit 1 [] []
[2021-08-06 14:34:44] sql.INFO: [37.6] select * from `life_sms` where (`id` = '2') limit 1 [] []
[2021-08-06 14:34:44] sql.INFO: ------------------GET------/favicon.ico---------- [[]] []
[2021-08-06 14:36:01] sql.INFO: ------------------GET------/notice/test/test---------- [[]] []
[2021-08-06 14:36:01] sql.INFO: [138.71] select * from `life_sms` where (`id` = '1') limit 1 [] []
[2021-08-06 14:36:01] sql.INFO: [35.29] select * from `life_sms` where (`id` = '2') limit 1 [] []
[2021-08-06 14:36:02] sql.INFO: ------------------GET------/favicon.ico---------- [[]] []
[2021-08-06 14:37:09] sql.INFO: ------------------GET------/notice/test/test---------- [[]] []
[2021-08-06 14:37:09] sql.INFO: [154.11] select * from `life_sms` where (`id` = '1') limit 1 [] []
[2021-08-06 14:37:09] sql.INFO: [39.61] select * from `life_sms` where (`id` = '2') limit 1 [] []
[2021-08-06 14:37:10] sql.INFO: ------------------GET------/favicon.ico---------- [[]] []
[2021-08-06 14:37:47] sql.INFO: ------------------GET------/notice/test/test---------- [[]] []
[2021-08-06 14:37:48] sql.INFO: [136.53] select * from `life_sms` where (`id` = '1') limit 1 [] []
[2021-08-06 14:37:48] sql.INFO: [31.98] select * from `life_sms` where (`id` = '2') limit 1 [] []
[2021-08-06 14:37:48] sql.INFO: ------------------GET------/favicon.ico---------- [[]] []
[2021-08-06 14:49:23] sql.INFO: ------------------GET------/notice/test/test---------- [[]] []
[2021-08-06 14:49:24] sql.INFO: [168.57] select * from `life_sms` where (`id` = '1') limit 1 [] []
[2021-08-06 14:49:24] sql.INFO: [42.61] select * from `life_sms` where (`id` = '2') limit 1 [] []
[2021-08-06 14:49:24] sql.INFO: ------------------GET------/favicon.ico---------- [[]] []
[2021-08-06 14:49:56] sql.INFO: ------------------GET------/notice/test/test---------- [[]] []
[2021-08-06 14:49:56] sql.INFO: [42.47] select * from `life_sms` where (`id` = '1') limit 1 [] []
[2021-08-06 14:49:56] sql.INFO: [42.47] select * from `life_sms` where (`id` = '2') limit 1 [] []
[2021-08-06 14:49:57] sql.INFO: ------------------GET------/favicon.ico---------- [[]] []
[2021-08-06 14:50:40] sql.INFO: ------------------GET------/notice/test/test---------- [[]] []
[2021-08-06 14:50:40] sql.INFO: [151.31] select * from `life_sms` where (`id` = '1') limit 1 [] []
[2021-08-06 14:50:40] sql.INFO: [38.42] select * from `life_sms` where (`id` = '2') limit 1 [] []
[2021-08-06 14:50:40] sql.INFO: ------------------GET------/favicon.ico---------- [[]] []
[2021-08-06 15:13:20] sql.INFO: ------------------GET------/notice/test/test---------- [[]] []
[2021-08-06 15:13:20] sql.INFO: [148.02] select * from `life_sms` where (`id` = '1') limit 1 [] []
[2021-08-06 15:13:20] sql.INFO: [35.55] select * from `life_sms` where (`id` = '2') limit 1 [] []
[2021-08-06 15:13:20] sql.INFO: ------------------GET------/favicon.ico---------- [[]] []
[2021-08-06 15:15:02] sql.INFO: ------------------GET------/notice/test/test---------- [[]] []
[2021-08-06 15:15:02] sql.INFO: [129.9] select * from `life_sms` where (`id` = '1') limit 1 [] []
[2021-08-06 15:15:02] sql.INFO: [32.55] select * from `life_sms` where (`id` = '2') limit 1 [] []
[2021-08-06 15:15:02] sql.INFO: ------------------GET------/favicon.ico---------- [[]] []
[2021-08-06 15:15:52] sql.INFO: [148.04] select * from `life_sms` where (`id` = '1') limit 1 [] []
[2021-08-06 15:15:52] sql.INFO: [37.05] select * from `life_sms` where (`id` = '2') limit 1 [] []
[2021-08-06 15:16:54] sql.INFO: [149.46] select * from `life_sms` where (`id` = '1') limit 1 [] []
[2021-08-06 15:16:54] sql.INFO: [36.13] select * from `life_sms` where (`id` = '2') limit 1 [] []
[2021-08-06 15:17:03] sql.INFO: [160.21] select * from `life_sms` where (`id` = '1') limit 1 [] []
[2021-08-06 15:17:04] sql.INFO: [37.81] select * from `life_sms` where (`id` = '2') limit 1 [] []
[2021-08-06 15:17:25] sql.INFO: [38.62] select * from `life_sms` where (`id` = '1') limit 1 [] []
[2021-08-06 15:17:25] sql.INFO: [38.97] select * from `life_sms` where (`id` = '2') limit 1 [] []
[2021-08-06 15:39:22] sql.INFO: [157.11] select * from `life_sms` where (`id` = '1') limit 1 [] []
[2021-08-06 15:39:22] sql.INFO: [38.18] select * from `life_sms` where (`id` = '2') limit 1 [] []
